[0.207s] DEBUG:colcon:Command line arguments: ['/usr/bin/colcon', 'build']
[0.208s] DEBUG:colcon:Parsed command line arguments: Namespace(log_base=None, log_level=None, verb_name='build', build_base='build', install_base='install', merge_install=False, symlink_install=False, test_result_base=None, continue_on_error=False, executor='parallel', parallel_workers=16, event_handlers=None, ignore_user_meta=False, metas=['./colcon.meta'], base_paths=['.'], packages_ignore=None, packages_ignore_regex=None, paths=None, packages_up_to=None, packages_up_to_regex=None, packages_above=None, packages_above_and_dependencies=None, packages_above_depth=None, packages_select_by_dep=None, packages_skip_by_dep=None, packages_skip_up_to=None, packages_select_build_failed=False, packages_skip_build_finished=False, packages_select_test_failures=False, packages_skip_test_passed=False, packages_select=None, packages_skip=None, packages_select_regex=None, packages_skip_regex=None, packages_start=None, packages_end=None, allow_overriding=[], cmake_args=None, cmake_target=None, cmake_target_skip_unavailable=False, cmake_clean_cache=False, cmake_clean_first=False, cmake_force_configure=False, ament_cmake_args=None, catkin_cmake_args=None, catkin_skip_building_tests=False, verb_parser=<colcon_defaults.argument_parser.defaults.DefaultArgumentsDecorator object at 0x7fd488d54340>, verb_extension=<colcon_core.verb.build.BuildVerb object at 0x7fd488ef2a10>, main=<bound method BuildVerb.main of <colcon_core.verb.build.BuildVerb object at 0x7fd488ef2a10>>)
[0.230s] Level 1:colcon.colcon_core.package_discovery:discover_packages(colcon_meta) check parameters
[0.230s] Level 1:colcon.colcon_core.package_discovery:discover_packages(recursive) check parameters
[0.230s] Level 1:colcon.colcon_core.package_discovery:discover_packages(ignore) check parameters
[0.230s] Level 1:colcon.colcon_core.package_discovery:discover_packages(path) check parameters
[0.230s] Level 1:colcon.colcon_core.package_discovery:discover_packages(colcon_meta) discover
[0.230s] Level 1:colcon.colcon_core.package_discovery:discover_packages(recursive) discover
[0.230s] INFO:colcon.colcon_core.package_discovery:Crawling recursively for packages in '/home/blackcayonbee/FRA501_6431_6475_WS'
[0.230s] Level 1:colcon.colcon_core.package_identification:_identify(.) by extensions ['ignore', 'ignore_ament_install']
[0.230s] Level 1:colcon.colcon_core.package_identification:_identify(.) by extension 'ignore'
[0.230s] Level 1:colcon.colcon_core.package_identification:_identify(.) by extension 'ignore_ament_install'
[0.231s] Level 1:colcon.colcon_core.package_identification:_identify(.) by extensions ['colcon_pkg']
[0.231s] Level 1:colcon.colcon_core.package_identification:_identify(.) by extension 'colcon_pkg'
[0.231s] Level 1:colcon.colcon_core.package_identification:_identify(.) by extensions ['colcon_meta']
[0.231s] Level 1:colcon.colcon_core.package_identification:_identify(.) by extension 'colcon_meta'
[0.231s] Level 1:colcon.colcon_core.package_identification:_identify(.) by extensions ['ros']
[0.231s] Level 1:colcon.colcon_core.package_identification:_identify(.) by extension 'ros'
[0.238s] Level 1:colcon.colcon_core.package_identification:_identify(.) by extensions ['cmake', 'python']
[0.238s] Level 1:colcon.colcon_core.package_identification:_identify(.) by extension 'cmake'
[0.238s] Level 1:colcon.colcon_core.package_identification:_identify(.) by extension 'python'
[0.238s] Level 1:colcon.colcon_core.package_identification:_identify(.) by extensions ['python_setup_py']
[0.238s] Level 1:colcon.colcon_core.package_identification:_identify(.) by extension 'python_setup_py'
[0.238s] Level 1:colcon.colcon_core.package_identification:_identify(build) by extensions ['ignore', 'ignore_ament_install']
[0.238s] Level 1:colcon.colcon_core.package_identification:_identify(build) by extension 'ignore'
[0.238s] Level 1:colcon.colcon_core.package_identification:_identify(build) ignored
[0.238s] Level 1:colcon.colcon_core.package_identification:_identify(install) by extensions ['ignore', 'ignore_ament_install']
[0.239s] Level 1:colcon.colcon_core.package_identification:_identify(install) by extension 'ignore'
[0.239s] Level 1:colcon.colcon_core.package_identification:_identify(install) ignored
[0.239s] Level 1:colcon.colcon_core.package_identification:_identify(log) by extensions ['ignore', 'ignore_ament_install']
[0.239s] Level 1:colcon.colcon_core.package_identification:_identify(log) by extension 'ignore'
[0.239s] Level 1:colcon.colcon_core.package_identification:_identify(log) ignored
[0.239s] Level 1:colcon.colcon_core.package_identification:_identify(src) by extensions ['ignore', 'ignore_ament_install']
[0.239s] Level 1:colcon.colcon_core.package_identification:_identify(src) by extension 'ignore'
[0.239s] Level 1:colcon.colcon_core.package_identification:_identify(src) by extension 'ignore_ament_install'
[0.239s] Level 1:colcon.colcon_core.package_identification:_identify(src) by extensions ['colcon_pkg']
[0.239s] Level 1:colcon.colcon_core.package_identification:_identify(src) by extension 'colcon_pkg'
[0.239s] Level 1:colcon.colcon_core.package_identification:_identify(src) by extensions ['colcon_meta']
[0.239s] Level 1:colcon.colcon_core.package_identification:_identify(src) by extension 'colcon_meta'
[0.239s] Level 1:colcon.colcon_core.package_identification:_identify(src) by extensions ['ros']
[0.239s] Level 1:colcon.colcon_core.package_identification:_identify(src) by extension 'ros'
[0.239s] Level 1:colcon.colcon_core.package_identification:_identify(src) by extensions ['cmake', 'python']
[0.239s] Level 1:colcon.colcon_core.package_identification:_identify(src) by extension 'cmake'
[0.239s] Level 1:colcon.colcon_core.package_identification:_identify(src) by extension 'python'
[0.239s] Level 1:colcon.colcon_core.package_identification:_identify(src) by extensions ['python_setup_py']
[0.239s] Level 1:colcon.colcon_core.package_identification:_identify(src) by extension 'python_setup_py'
[0.239s] Level 1:colcon.colcon_core.package_identification:_identify(src/doc) by extensions ['ignore', 'ignore_ament_install']
[0.239s] Level 1:colcon.colcon_core.package_identification:_identify(src/doc) by extension 'ignore'
[0.239s] Level 1:colcon.colcon_core.package_identification:_identify(src/doc) by extension 'ignore_ament_install'
[0.239s] Level 1:colcon.colcon_core.package_identification:_identify(src/doc) by extensions ['colcon_pkg']
[0.239s] Level 1:colcon.colcon_core.package_identification:_identify(src/doc) by extension 'colcon_pkg'
[0.239s] Level 1:colcon.colcon_core.package_identification:_identify(src/doc) by extensions ['colcon_meta']
[0.239s] Level 1:colcon.colcon_core.package_identification:_identify(src/doc) by extension 'colcon_meta'
[0.239s] Level 1:colcon.colcon_core.package_identification:_identify(src/doc) by extensions ['ros']
[0.239s] Level 1:colcon.colcon_core.package_identification:_identify(src/doc) by extension 'ros'
[0.240s] Level 1:colcon.colcon_core.package_identification:_identify(src/doc) by extensions ['cmake', 'python']
[0.240s] Level 1:colcon.colcon_core.package_identification:_identify(src/doc) by extension 'cmake'
[0.240s] Level 1:colcon.colcon_core.package_identification:_identify(src/doc) by extension 'python'
[0.240s] Level 1:colcon.colcon_core.package_identification:_identify(src/doc) by extensions ['python_setup_py']
[0.240s] Level 1:colcon.colcon_core.package_identification:_identify(src/doc) by extension 'python_setup_py'
[0.240s] Level 1:colcon.colcon_core.package_identification:_identify(src/my_controller) by extensions ['ignore', 'ignore_ament_install']
[0.240s] Level 1:colcon.colcon_core.package_identification:_identify(src/my_controller) by extension 'ignore'
[0.240s] Level 1:colcon.colcon_core.package_identification:_identify(src/my_controller) by extension 'ignore_ament_install'
[0.240s] Level 1:colcon.colcon_core.package_identification:_identify(src/my_controller) by extensions ['colcon_pkg']
[0.240s] Level 1:colcon.colcon_core.package_identification:_identify(src/my_controller) by extension 'colcon_pkg'
[0.240s] Level 1:colcon.colcon_core.package_identification:_identify(src/my_controller) by extensions ['colcon_meta']
[0.240s] Level 1:colcon.colcon_core.package_identification:_identify(src/my_controller) by extension 'colcon_meta'
[0.240s] Level 1:colcon.colcon_core.package_identification:_identify(src/my_controller) by extensions ['ros']
[0.240s] Level 1:colcon.colcon_core.package_identification:_identify(src/my_controller) by extension 'ros'
[0.242s] DEBUG:colcon.colcon_core.package_identification:Package 'src/my_controller' with type 'ros.ament_cmake' and name 'my_controller'
[0.242s] Level 1:colcon.colcon_core.package_identification:_identify(src/my_controller_interfaces) by extensions ['ignore', 'ignore_ament_install']
[0.242s] Level 1:colcon.colcon_core.package_identification:_identify(src/my_controller_interfaces) by extension 'ignore'
[0.242s] Level 1:colcon.colcon_core.package_identification:_identify(src/my_controller_interfaces) by extension 'ignore_ament_install'
[0.242s] Level 1:colcon.colcon_core.package_identification:_identify(src/my_controller_interfaces) by extensions ['colcon_pkg']
[0.242s] Level 1:colcon.colcon_core.package_identification:_identify(src/my_controller_interfaces) by extension 'colcon_pkg'
[0.242s] Level 1:colcon.colcon_core.package_identification:_identify(src/my_controller_interfaces) by extensions ['colcon_meta']
[0.242s] Level 1:colcon.colcon_core.package_identification:_identify(src/my_controller_interfaces) by extension 'colcon_meta'
[0.242s] Level 1:colcon.colcon_core.package_identification:_identify(src/my_controller_interfaces) by extensions ['ros']
[0.242s] Level 1:colcon.colcon_core.package_identification:_identify(src/my_controller_interfaces) by extension 'ros'
[0.242s] DEBUG:colcon.colcon_core.package_identification:Package 'src/my_controller_interfaces' with type 'ros.ament_cmake' and name 'my_controller_interfaces'
[0.242s] Level 1:colcon.colcon_core.package_identification:_identify(src/turtlesim_control) by extensions ['ignore', 'ignore_ament_install']
[0.242s] Level 1:colcon.colcon_core.package_identification:_identify(src/turtlesim_control) by extension 'ignore'
[0.243s] Level 1:colcon.colcon_core.package_identification:_identify(src/turtlesim_control) by extension 'ignore_ament_install'
[0.243s] Level 1:colcon.colcon_core.package_identification:_identify(src/turtlesim_control) by extensions ['colcon_pkg']
[0.243s] Level 1:colcon.colcon_core.package_identification:_identify(src/turtlesim_control) by extension 'colcon_pkg'
[0.243s] Level 1:colcon.colcon_core.package_identification:_identify(src/turtlesim_control) by extensions ['colcon_meta']
[0.243s] Level 1:colcon.colcon_core.package_identification:_identify(src/turtlesim_control) by extension 'colcon_meta'
[0.243s] Level 1:colcon.colcon_core.package_identification:_identify(src/turtlesim_control) by extensions ['ros']
[0.243s] Level 1:colcon.colcon_core.package_identification:_identify(src/turtlesim_control) by extension 'ros'
[0.243s] DEBUG:colcon.colcon_core.package_identification:Package 'src/turtlesim_control' with type 'ros.ament_cmake' and name 'turtlesim_control'
[0.243s] Level 1:colcon.colcon_core.package_identification:_identify(src/turtlesim_interfaces) by extensions ['ignore', 'ignore_ament_install']
[0.243s] Level 1:colcon.colcon_core.package_identification:_identify(src/turtlesim_interfaces) by extension 'ignore'
[0.243s] Level 1:colcon.colcon_core.package_identification:_identify(src/turtlesim_interfaces) by extension 'ignore_ament_install'
[0.243s] Level 1:colcon.colcon_core.package_identification:_identify(src/turtlesim_interfaces) by extensions ['colcon_pkg']
[0.243s] Level 1:colcon.colcon_core.package_identification:_identify(src/turtlesim_interfaces) by extension 'colcon_pkg'
[0.243s] Level 1:colcon.colcon_core.package_identification:_identify(src/turtlesim_interfaces) by extensions ['colcon_meta']
[0.243s] Level 1:colcon.colcon_core.package_identification:_identify(src/turtlesim_interfaces) by extension 'colcon_meta'
[0.243s] Level 1:colcon.colcon_core.package_identification:_identify(src/turtlesim_interfaces) by extensions ['ros']
[0.243s] Level 1:colcon.colcon_core.package_identification:_identify(src/turtlesim_interfaces) by extension 'ros'
[0.244s] DEBUG:colcon.colcon_core.package_identification:Package 'src/turtlesim_interfaces' with type 'ros.ament_cmake' and name 'turtlesim_interfaces'
[0.244s] Level 1:colcon.colcon_core.package_discovery:discover_packages(recursive) using defaults
[0.244s] Level 1:colcon.colcon_core.package_discovery:discover_packages(ignore) discover
[0.244s] Level 1:colcon.colcon_core.package_discovery:discover_packages(ignore) using defaults
[0.244s] Level 1:colcon.colcon_core.package_discovery:discover_packages(path) discover
[0.244s] Level 1:colcon.colcon_core.package_discovery:discover_packages(path) using defaults
[0.260s] Level 1:colcon.colcon_core.package_discovery:discover_packages(prefix_path) check parameters
[0.260s] Level 1:colcon.colcon_core.package_discovery:discover_packages(prefix_path) discover
[0.261s] DEBUG:colcon.colcon_installed_package_information.package_discovery:Found 6 installed packages in /home/blackcayonbee/FRA501_WS/install
[0.262s] DEBUG:colcon.colcon_installed_package_information.package_discovery:Found 270 installed packages in /opt/ros/humble
[0.263s] Level 1:colcon.colcon_core.package_discovery:discover_packages(prefix_path) using defaults
[0.302s] Level 5:colcon.colcon_core.verb:set package 'my_controller' build argument 'cmake_args' from command line to 'None'
[0.302s] Level 5:colcon.colcon_core.verb:set package 'my_controller' build argument 'cmake_target' from command line to 'None'
[0.302s] Level 5:colcon.colcon_core.verb:set package 'my_controller' build argument 'cmake_target_skip_unavailable' from command line to 'False'
[0.302s] Level 5:colcon.colcon_core.verb:set package 'my_controller' build argument 'cmake_clean_cache' from command line to 'False'
[0.302s] Level 5:colcon.colcon_core.verb:set package 'my_controller' build argument 'cmake_clean_first' from command line to 'False'
[0.302s] Level 5:colcon.colcon_core.verb:set package 'my_controller' build argument 'cmake_force_configure' from command line to 'False'
[0.302s] Level 5:colcon.colcon_core.verb:set package 'my_controller' build argument 'ament_cmake_args' from command line to 'None'
[0.302s] Level 5:colcon.colcon_core.verb:set package 'my_controller' build argument 'catkin_cmake_args' from command line to 'None'
[0.302s] Level 5:colcon.colcon_core.verb:set package 'my_controller' build argument 'catkin_skip_building_tests' from command line to 'False'
[0.302s] DEBUG:colcon.colcon_core.verb:Building package 'my_controller' with the following arguments: {'ament_cmake_args': None, 'build_base': '/home/blackcayonbee/FRA501_6431_6475_WS/build/my_controller', 'catkin_cmake_args': None, 'catkin_skip_building_tests': False, 'cmake_args': None, 'cmake_clean_cache': False, 'cmake_clean_first': False, 'cmake_force_configure': False, 'cmake_target': None, 'cmake_target_skip_unavailable': False, 'install_base': '/home/blackcayonbee/FRA501_6431_6475_WS/install/my_controller', 'merge_install': False, 'path': '/home/blackcayonbee/FRA501_6431_6475_WS/src/my_controller', 'symlink_install': False, 'test_result_base': None}
[0.303s] Level 5:colcon.colcon_core.verb:set package 'my_controller_interfaces' build argument 'cmake_args' from command line to 'None'
[0.303s] Level 5:colcon.colcon_core.verb:set package 'my_controller_interfaces' build argument 'cmake_target' from command line to 'None'
[0.303s] Level 5:colcon.colcon_core.verb:set package 'my_controller_interfaces' build argument 'cmake_target_skip_unavailable' from command line to 'False'
[0.303s] Level 5:colcon.colcon_core.verb:set package 'my_controller_interfaces' build argument 'cmake_clean_cache' from command line to 'False'
[0.303s] Level 5:colcon.colcon_core.verb:set package 'my_controller_interfaces' build argument 'cmake_clean_first' from command line to 'False'
[0.303s] Level 5:colcon.colcon_core.verb:set package 'my_controller_interfaces' build argument 'cmake_force_configure' from command line to 'False'
[0.303s] Level 5:colcon.colcon_core.verb:set package 'my_controller_interfaces' build argument 'ament_cmake_args' from command line to 'None'
[0.303s] Level 5:colcon.colcon_core.verb:set package 'my_controller_interfaces' build argument 'catkin_cmake_args' from command line to 'None'
[0.303s] Level 5:colcon.colcon_core.verb:set package 'my_controller_interfaces' build argument 'catkin_skip_building_tests' from command line to 'False'
[0.303s] DEBUG:colcon.colcon_core.verb:Building package 'my_controller_interfaces' with the following arguments: {'ament_cmake_args': None, 'build_base': '/home/blackcayonbee/FRA501_6431_6475_WS/build/my_controller_interfaces', 'catkin_cmake_args': None, 'catkin_skip_building_tests': False, 'cmake_args': None, 'cmake_clean_cache': False, 'cmake_clean_first': False, 'cmake_force_configure': False, 'cmake_target': None, 'cmake_target_skip_unavailable': False, 'install_base': '/home/blackcayonbee/FRA501_6431_6475_WS/install/my_controller_interfaces', 'merge_install': False, 'path': '/home/blackcayonbee/FRA501_6431_6475_WS/src/my_controller_interfaces', 'symlink_install': False, 'test_result_base': None}
[0.304s] Level 5:colcon.colcon_core.verb:set package 'turtlesim_control' build argument 'cmake_args' from command line to 'None'
[0.304s] Level 5:colcon.colcon_core.verb:set package 'turtlesim_control' build argument 'cmake_target' from command line to 'None'
[0.304s] Level 5:colcon.colcon_core.verb:set package 'turtlesim_control' build argument 'cmake_target_skip_unavailable' from command line to 'False'
[0.304s] Level 5:colcon.colcon_core.verb:set package 'turtlesim_control' build argument 'cmake_clean_cache' from command line to 'False'
[0.304s] Level 5:colcon.colcon_core.verb:set package 'turtlesim_control' build argument 'cmake_clean_first' from command line to 'False'
[0.304s] Level 5:colcon.colcon_core.verb:set package 'turtlesim_control' build argument 'cmake_force_configure' from command line to 'False'
[0.304s] Level 5:colcon.colcon_core.verb:set package 'turtlesim_control' build argument 'ament_cmake_args' from command line to 'None'
[0.304s] Level 5:colcon.colcon_core.verb:set package 'turtlesim_control' build argument 'catkin_cmake_args' from command line to 'None'
[0.304s] Level 5:colcon.colcon_core.verb:set package 'turtlesim_control' build argument 'catkin_skip_building_tests' from command line to 'False'
[0.304s] DEBUG:colcon.colcon_core.verb:Building package 'turtlesim_control' with the following arguments: {'ament_cmake_args': None, 'build_base': '/home/blackcayonbee/FRA501_6431_6475_WS/build/turtlesim_control', 'catkin_cmake_args': None, 'catkin_skip_building_tests': False, 'cmake_args': None, 'cmake_clean_cache': False, 'cmake_clean_first': False, 'cmake_force_configure': False, 'cmake_target': None, 'cmake_target_skip_unavailable': False, 'install_base': '/home/blackcayonbee/FRA501_6431_6475_WS/install/turtlesim_control', 'merge_install': False, 'path': '/home/blackcayonbee/FRA501_6431_6475_WS/src/turtlesim_control', 'symlink_install': False, 'test_result_base': None}
[0.305s] Level 5:colcon.colcon_core.verb:set package 'turtlesim_interfaces' build argument 'cmake_args' from command line to 'None'
[0.305s] Level 5:colcon.colcon_core.verb:set package 'turtlesim_interfaces' build argument 'cmake_target' from command line to 'None'
[0.305s] Level 5:colcon.colcon_core.verb:set package 'turtlesim_interfaces' build argument 'cmake_target_skip_unavailable' from command line to 'False'
[0.305s] Level 5:colcon.colcon_core.verb:set package 'turtlesim_interfaces' build argument 'cmake_clean_cache' from command line to 'False'
[0.305s] Level 5:colcon.colcon_core.verb:set package 'turtlesim_interfaces' build argument 'cmake_clean_first' from command line to 'False'
[0.305s] Level 5:colcon.colcon_core.verb:set package 'turtlesim_interfaces' build argument 'cmake_force_configure' from command line to 'False'
[0.305s] Level 5:colcon.colcon_core.verb:set package 'turtlesim_interfaces' build argument 'ament_cmake_args' from command line to 'None'
[0.305s] Level 5:colcon.colcon_core.verb:set package 'turtlesim_interfaces' build argument 'catkin_cmake_args' from command line to 'None'
[0.305s] Level 5:colcon.colcon_core.verb:set package 'turtlesim_interfaces' build argument 'catkin_skip_building_tests' from command line to 'False'
[0.305s] DEBUG:colcon.colcon_core.verb:Building package 'turtlesim_interfaces' with the following arguments: {'ament_cmake_args': None, 'build_base': '/home/blackcayonbee/FRA501_6431_6475_WS/build/turtlesim_interfaces', 'catkin_cmake_args': None, 'catkin_skip_building_tests': False, 'cmake_args': None, 'cmake_clean_cache': False, 'cmake_clean_first': False, 'cmake_force_configure': False, 'cmake_target': None, 'cmake_target_skip_unavailable': False, 'install_base': '/home/blackcayonbee/FRA501_6431_6475_WS/install/turtlesim_interfaces', 'merge_install': False, 'path': '/home/blackcayonbee/FRA501_6431_6475_WS/src/turtlesim_interfaces', 'symlink_install': False, 'test_result_base': None}
[0.305s] INFO:colcon.colcon_core.executor:Executing jobs using 'parallel' executor
[0.307s] DEBUG:colcon.colcon_parallel_executor.executor.parallel:run_until_complete
[0.308s] INFO:colcon.colcon_ros.task.ament_cmake.build:Building ROS package in '/home/blackcayonbee/FRA501_6431_6475_WS/src/my_controller' with build type 'ament_cmake'
[0.308s] INFO:colcon.colcon_cmake.task.cmake.build:Building CMake package in '/home/blackcayonbee/FRA501_6431_6475_WS/src/my_controller'
[0.311s] INFO:colcon.colcon_core.plugin_system:Skipping extension 'colcon_core.shell.bat': Not used on non-Windows systems
[0.311s] INFO:colcon.colcon_core.shell:Skip shell extension 'powershell' for command environment: Not usable outside of PowerShell
[0.311s] DEBUG:colcon.colcon_core.shell:Skip shell extension 'dsv' for command environment
[0.314s] INFO:colcon.colcon_ros.task.ament_cmake.build:Building ROS package in '/home/blackcayonbee/FRA501_6431_6475_WS/src/my_controller_interfaces' with build type 'ament_cmake'
[0.314s] INFO:colcon.colcon_cmake.task.cmake.build:Building CMake package in '/home/blackcayonbee/FRA501_6431_6475_WS/src/my_controller_interfaces'
[0.315s] INFO:colcon.colcon_core.shell:Skip shell extension 'powershell' for command environment: Not usable outside of PowerShell
[0.315s] DEBUG:colcon.colcon_core.shell:Skip shell extension 'dsv' for command environment
[0.318s] INFO:colcon.colcon_ros.task.ament_cmake.build:Building ROS package in '/home/blackcayonbee/FRA501_6431_6475_WS/src/turtlesim_control' with build type 'ament_cmake'
[0.318s] INFO:colcon.colcon_cmake.task.cmake.build:Building CMake package in '/home/blackcayonbee/FRA501_6431_6475_WS/src/turtlesim_control'
[0.319s] INFO:colcon.colcon_core.shell:Skip shell extension 'powershell' for command environment: Not usable outside of PowerShell
[0.319s] DEBUG:colcon.colcon_core.shell:Skip shell extension 'dsv' for command environment
[0.322s] INFO:colcon.colcon_ros.task.ament_cmake.build:Building ROS package in '/home/blackcayonbee/FRA501_6431_6475_WS/src/turtlesim_interfaces' with build type 'ament_cmake'
[0.322s] INFO:colcon.colcon_cmake.task.cmake.build:Building CMake package in '/home/blackcayonbee/FRA501_6431_6475_WS/src/turtlesim_interfaces'
[0.322s] INFO:colcon.colcon_core.shell:Skip shell extension 'powershell' for command environment: Not usable outside of PowerShell
[0.322s] DEBUG:colcon.colcon_core.shell:Skip shell extension 'dsv' for command environment
[0.328s] DEBUG:colcon.colcon_core.event_handler.log_command:Invoking command in '/home/blackcayonbee/FRA501_6431_6475_WS/build/my_controller': CMAKE_PREFIX_PATH=${CMAKE_PREFIX_PATH}:/opt/ros/humble /usr/bin/cmake /home/blackcayonbee/FRA501_6431_6475_WS/src/my_controller -DCMAKE_INSTALL_PREFIX=/home/blackcayonbee/FRA501_6431_6475_WS/install/my_controller
[0.329s] DEBUG:colcon.colcon_core.event_handler.log_command:Invoking command in '/home/blackcayonbee/FRA501_6431_6475_WS/build/my_controller_interfaces': CMAKE_PREFIX_PATH=${CMAKE_PREFIX_PATH}:/opt/ros/humble /usr/bin/cmake /home/blackcayonbee/FRA501_6431_6475_WS/src/my_controller_interfaces -DCMAKE_INSTALL_PREFIX=/home/blackcayonbee/FRA501_6431_6475_WS/install/my_controller_interfaces
[0.331s] DEBUG:colcon.colcon_core.event_handler.log_command:Invoking command in '/home/blackcayonbee/FRA501_6431_6475_WS/build/turtlesim_control': CMAKE_PREFIX_PATH=${CMAKE_PREFIX_PATH}:/opt/ros/humble /usr/bin/cmake /home/blackcayonbee/FRA501_6431_6475_WS/src/turtlesim_control -DCMAKE_INSTALL_PREFIX=/home/blackcayonbee/FRA501_6431_6475_WS/install/turtlesim_control
[0.333s] DEBUG:colcon.colcon_core.event_handler.log_command:Invoking command in '/home/blackcayonbee/FRA501_6431_6475_WS/build/turtlesim_interfaces': CMAKE_PREFIX_PATH=${CMAKE_PREFIX_PATH}:/opt/ros/humble /usr/bin/cmake /home/blackcayonbee/FRA501_6431_6475_WS/src/turtlesim_interfaces -DCMAKE_INSTALL_PREFIX=/home/blackcayonbee/FRA501_6431_6475_WS/install/turtlesim_interfaces
[1.259s] DEBUG:colcon.colcon_core.event_handler.log_command:Invoked command in '/home/blackcayonbee/FRA501_6431_6475_WS/build/turtlesim_control' returned '0': CMAKE_PREFIX_PATH=${CMAKE_PREFIX_PATH}:/opt/ros/humble /usr/bin/cmake /home/blackcayonbee/FRA501_6431_6475_WS/src/turtlesim_control -DCMAKE_INSTALL_PREFIX=/home/blackcayonbee/FRA501_6431_6475_WS/install/turtlesim_control
[1.261s] DEBUG:colcon.colcon_core.event_handler.log_command:Invoking command in '/home/blackcayonbee/FRA501_6431_6475_WS/build/turtlesim_control': CMAKE_PREFIX_PATH=${CMAKE_PREFIX_PATH}:/opt/ros/humble /usr/bin/cmake --build /home/blackcayonbee/FRA501_6431_6475_WS/build/turtlesim_control -- -j16 -l16
[1.264s] DEBUG:colcon.colcon_core.event_handler.log_command:Invoked command in '/home/blackcayonbee/FRA501_6431_6475_WS/build/my_controller' returned '0': CMAKE_PREFIX_PATH=${CMAKE_PREFIX_PATH}:/opt/ros/humble /usr/bin/cmake /home/blackcayonbee/FRA501_6431_6475_WS/src/my_controller -DCMAKE_INSTALL_PREFIX=/home/blackcayonbee/FRA501_6431_6475_WS/install/my_controller
[1.265s] DEBUG:colcon.colcon_core.event_handler.log_command:Invoking command in '/home/blackcayonbee/FRA501_6431_6475_WS/build/my_controller': CMAKE_PREFIX_PATH=${CMAKE_PREFIX_PATH}:/opt/ros/humble /usr/bin/cmake --build /home/blackcayonbee/FRA501_6431_6475_WS/build/my_controller -- -j16 -l16
[1.506s] DEBUG:colcon.colcon_core.event_handler.log_command:Invoked command in '/home/blackcayonbee/FRA501_6431_6475_WS/build/turtlesim_control' returned '0': CMAKE_PREFIX_PATH=${CMAKE_PREFIX_PATH}:/opt/ros/humble /usr/bin/cmake --build /home/blackcayonbee/FRA501_6431_6475_WS/build/turtlesim_control -- -j16 -l16
[1.529s] DEBUG:colcon.colcon_core.event_handler.log_command:Invoking command in '/home/blackcayonbee/FRA501_6431_6475_WS/build/turtlesim_control': CMAKE_PREFIX_PATH=${CMAKE_PREFIX_PATH}:/opt/ros/humble /usr/bin/cmake --install /home/blackcayonbee/FRA501_6431_6475_WS/build/turtlesim_control
[1.554s] DEBUG:colcon.colcon_core.event_handler.log_command:Invoked command in '/home/blackcayonbee/FRA501_6431_6475_WS/build/my_controller' returned '0': CMAKE_PREFIX_PATH=${CMAKE_PREFIX_PATH}:/opt/ros/humble /usr/bin/cmake --build /home/blackcayonbee/FRA501_6431_6475_WS/build/my_controller -- -j16 -l16
[1.564s] Level 1:colcon.colcon_core.environment:create_environment_scripts_only(turtlesim_control)
[1.564s] DEBUG:colcon.colcon_core.event_handler.log_command:Invoked command in '/home/blackcayonbee/FRA501_6431_6475_WS/build/turtlesim_control' returned '0': CMAKE_PREFIX_PATH=${CMAKE_PREFIX_PATH}:/opt/ros/humble /usr/bin/cmake --install /home/blackcayonbee/FRA501_6431_6475_WS/build/turtlesim_control
[1.568s] Level 1:colcon.colcon_core.environment:checking '/home/blackcayonbee/FRA501_6431_6475_WS/install/turtlesim_control' for CMake module files
[1.568s] Level 1:colcon.colcon_core.environment:checking '/home/blackcayonbee/FRA501_6431_6475_WS/install/turtlesim_control' for CMake config files
[1.568s] Level 1:colcon.colcon_core.shell:create_environment_hook('turtlesim_control', 'cmake_prefix_path')
[1.569s] INFO:colcon.colcon_core.shell:Creating environment hook '/home/blackcayonbee/FRA501_6431_6475_WS/install/turtlesim_control/share/turtlesim_control/hook/cmake_prefix_path.ps1'
[1.570s] INFO:colcon.colcon_core.shell:Creating environment descriptor '/home/blackcayonbee/FRA501_6431_6475_WS/install/turtlesim_control/share/turtlesim_control/hook/cmake_prefix_path.dsv'
[1.570s] INFO:colcon.colcon_core.shell:Creating environment hook '/home/blackcayonbee/FRA501_6431_6475_WS/install/turtlesim_control/share/turtlesim_control/hook/cmake_prefix_path.sh'
[1.570s] Level 1:colcon.colcon_core.environment:checking '/home/blackcayonbee/FRA501_6431_6475_WS/install/turtlesim_control/lib'
[1.571s] Level 1:colcon.colcon_core.environment:checking '/home/blackcayonbee/FRA501_6431_6475_WS/install/turtlesim_control/bin'
[1.571s] Level 1:colcon.colcon_core.environment:checking '/home/blackcayonbee/FRA501_6431_6475_WS/install/turtlesim_control/lib/pkgconfig/turtlesim_control.pc'
[1.571s] Level 1:colcon.colcon_core.environment:checking '/home/blackcayonbee/FRA501_6431_6475_WS/install/turtlesim_control/lib/python3.10/site-packages'
[1.571s] Level 1:colcon.colcon_core.environment:checking '/home/blackcayonbee/FRA501_6431_6475_WS/install/turtlesim_control/bin'
[1.572s] INFO:colcon.colcon_core.shell:Creating package script '/home/blackcayonbee/FRA501_6431_6475_WS/install/turtlesim_control/share/turtlesim_control/package.ps1'
[1.572s] INFO:colcon.colcon_core.shell:Creating package descriptor '/home/blackcayonbee/FRA501_6431_6475_WS/install/turtlesim_control/share/turtlesim_control/package.dsv'
[1.573s] INFO:colcon.colcon_core.shell:Creating package script '/home/blackcayonbee/FRA501_6431_6475_WS/install/turtlesim_control/share/turtlesim_control/package.sh'
[1.573s] INFO:colcon.colcon_core.shell:Creating package script '/home/blackcayonbee/FRA501_6431_6475_WS/install/turtlesim_control/share/turtlesim_control/package.bash'
[1.574s] INFO:colcon.colcon_core.shell:Creating package script '/home/blackcayonbee/FRA501_6431_6475_WS/install/turtlesim_control/share/turtlesim_control/package.zsh'
[1.574s] Level 1:colcon.colcon_core.environment:create_file_with_runtime_dependencies(/home/blackcayonbee/FRA501_6431_6475_WS/install/turtlesim_control/share/colcon-core/packages/turtlesim_control)
[1.576s] DEBUG:colcon.colcon_core.event_handler.log_command:Invoking command in '/home/blackcayonbee/FRA501_6431_6475_WS/build/my_controller': CMAKE_PREFIX_PATH=${CMAKE_PREFIX_PATH}:/opt/ros/humble /usr/bin/cmake --install /home/blackcayonbee/FRA501_6431_6475_WS/build/my_controller
[1.590s] Level 1:colcon.colcon_core.environment:create_environment_scripts_only(turtlesim_control)
[1.592s] Level 1:colcon.colcon_core.environment:checking '/home/blackcayonbee/FRA501_6431_6475_WS/install/turtlesim_control' for CMake module files
[1.592s] Level 1:colcon.colcon_core.environment:checking '/home/blackcayonbee/FRA501_6431_6475_WS/install/turtlesim_control' for CMake config files
[1.592s] Level 1:colcon.colcon_core.shell:create_environment_hook('turtlesim_control', 'cmake_prefix_path')
[1.593s] INFO:colcon.colcon_core.shell:Creating environment hook '/home/blackcayonbee/FRA501_6431_6475_WS/install/turtlesim_control/share/turtlesim_control/hook/cmake_prefix_path.ps1'
[1.593s] INFO:colcon.colcon_core.shell:Creating environment descriptor '/home/blackcayonbee/FRA501_6431_6475_WS/install/turtlesim_control/share/turtlesim_control/hook/cmake_prefix_path.dsv'
[1.594s] INFO:colcon.colcon_core.shell:Creating environment hook '/home/blackcayonbee/FRA501_6431_6475_WS/install/turtlesim_control/share/turtlesim_control/hook/cmake_prefix_path.sh'
[1.594s] Level 1:colcon.colcon_core.environment:checking '/home/blackcayonbee/FRA501_6431_6475_WS/install/turtlesim_control/lib'
[1.594s] Level 1:colcon.colcon_core.environment:checking '/home/blackcayonbee/FRA501_6431_6475_WS/install/turtlesim_control/bin'
[1.594s] Level 1:colcon.colcon_core.environment:checking '/home/blackcayonbee/FRA501_6431_6475_WS/install/turtlesim_control/lib/pkgconfig/turtlesim_control.pc'
[1.594s] Level 1:colcon.colcon_core.environment:checking '/home/blackcayonbee/FRA501_6431_6475_WS/install/turtlesim_control/lib/python3.10/site-packages'
[1.594s] Level 1:colcon.colcon_core.environment:checking '/home/blackcayonbee/FRA501_6431_6475_WS/install/turtlesim_control/bin'
[1.595s] INFO:colcon.colcon_core.shell:Creating package script '/home/blackcayonbee/FRA501_6431_6475_WS/install/turtlesim_control/share/turtlesim_control/package.ps1'
[1.596s] INFO:colcon.colcon_core.shell:Creating package descriptor '/home/blackcayonbee/FRA501_6431_6475_WS/install/turtlesim_control/share/turtlesim_control/package.dsv'
[1.596s] INFO:colcon.colcon_core.shell:Creating package script '/home/blackcayonbee/FRA501_6431_6475_WS/install/turtlesim_control/share/turtlesim_control/package.sh'
[1.596s] INFO:colcon.colcon_core.shell:Creating package script '/home/blackcayonbee/FRA501_6431_6475_WS/install/turtlesim_control/share/turtlesim_control/package.bash'
[1.596s] INFO:colcon.colcon_core.shell:Creating package script '/home/blackcayonbee/FRA501_6431_6475_WS/install/turtlesim_control/share/turtlesim_control/package.zsh'
[1.597s] Level 1:colcon.colcon_core.environment:create_file_with_runtime_dependencies(/home/blackcayonbee/FRA501_6431_6475_WS/install/turtlesim_control/share/colcon-core/packages/turtlesim_control)
[1.598s] DEBUG:colcon.colcon_core.event_handler.log_command:Invoked command in '/home/blackcayonbee/FRA501_6431_6475_WS/build/turtlesim_interfaces' returned '0': CMAKE_PREFIX_PATH=${CMAKE_PREFIX_PATH}:/opt/ros/humble /usr/bin/cmake /home/blackcayonbee/FRA501_6431_6475_WS/src/turtlesim_interfaces -DCMAKE_INSTALL_PREFIX=/home/blackcayonbee/FRA501_6431_6475_WS/install/turtlesim_interfaces
[1.599s] DEBUG:colcon.colcon_core.event_handler.log_command:Invoking command in '/home/blackcayonbee/FRA501_6431_6475_WS/build/turtlesim_interfaces': CMAKE_PREFIX_PATH=${CMAKE_PREFIX_PATH}:/opt/ros/humble /usr/bin/cmake --build /home/blackcayonbee/FRA501_6431_6475_WS/build/turtlesim_interfaces -- -j16 -l16
[1.607s] DEBUG:colcon.colcon_core.event_handler.log_command:Invoked command in '/home/blackcayonbee/FRA501_6431_6475_WS/build/my_controller_interfaces' returned '0': CMAKE_PREFIX_PATH=${CMAKE_PREFIX_PATH}:/opt/ros/humble /usr/bin/cmake /home/blackcayonbee/FRA501_6431_6475_WS/src/my_controller_interfaces -DCMAKE_INSTALL_PREFIX=/home/blackcayonbee/FRA501_6431_6475_WS/install/my_controller_interfaces
[1.609s] DEBUG:colcon.colcon_core.event_handler.log_command:Invoking command in '/home/blackcayonbee/FRA501_6431_6475_WS/build/my_controller_interfaces': CMAKE_PREFIX_PATH=${CMAKE_PREFIX_PATH}:/opt/ros/humble /usr/bin/cmake --build /home/blackcayonbee/FRA501_6431_6475_WS/build/my_controller_interfaces -- -j16 -l16
[1.612s] Level 1:colcon.colcon_core.environment:create_environment_scripts_only(my_controller)
[1.612s] DEBUG:colcon.colcon_core.event_handler.log_command:Invoked command in '/home/blackcayonbee/FRA501_6431_6475_WS/build/my_controller' returned '0': CMAKE_PREFIX_PATH=${CMAKE_PREFIX_PATH}:/opt/ros/humble /usr/bin/cmake --install /home/blackcayonbee/FRA501_6431_6475_WS/build/my_controller
[1.614s] Level 1:colcon.colcon_core.environment:checking '/home/blackcayonbee/FRA501_6431_6475_WS/install/my_controller' for CMake module files
[1.614s] Level 1:colcon.colcon_core.environment:checking '/home/blackcayonbee/FRA501_6431_6475_WS/install/my_controller' for CMake config files
[1.615s] Level 1:colcon.colcon_core.shell:create_environment_hook('my_controller', 'cmake_prefix_path')
[1.615s] INFO:colcon.colcon_core.shell:Creating environment hook '/home/blackcayonbee/FRA501_6431_6475_WS/install/my_controller/share/my_controller/hook/cmake_prefix_path.ps1'
[1.616s] INFO:colcon.colcon_core.shell:Creating environment descriptor '/home/blackcayonbee/FRA501_6431_6475_WS/install/my_controller/share/my_controller/hook/cmake_prefix_path.dsv'
[1.616s] INFO:colcon.colcon_core.shell:Creating environment hook '/home/blackcayonbee/FRA501_6431_6475_WS/install/my_controller/share/my_controller/hook/cmake_prefix_path.sh'
[1.616s] Level 1:colcon.colcon_core.environment:checking '/home/blackcayonbee/FRA501_6431_6475_WS/install/my_controller/lib'
[1.616s] Level 1:colcon.colcon_core.environment:checking '/home/blackcayonbee/FRA501_6431_6475_WS/install/my_controller/bin'
[1.616s] Level 1:colcon.colcon_core.environment:checking '/home/blackcayonbee/FRA501_6431_6475_WS/install/my_controller/lib/pkgconfig/my_controller.pc'
[1.616s] Level 1:colcon.colcon_core.environment:checking '/home/blackcayonbee/FRA501_6431_6475_WS/install/my_controller/lib/python3.10/site-packages'
[1.617s] Level 1:colcon.colcon_core.environment:checking '/home/blackcayonbee/FRA501_6431_6475_WS/install/my_controller/bin'
[1.618s] INFO:colcon.colcon_core.shell:Creating package script '/home/blackcayonbee/FRA501_6431_6475_WS/install/my_controller/share/my_controller/package.ps1'
[1.618s] INFO:colcon.colcon_core.shell:Creating package descriptor '/home/blackcayonbee/FRA501_6431_6475_WS/install/my_controller/share/my_controller/package.dsv'
[1.618s] INFO:colcon.colcon_core.shell:Creating package script '/home/blackcayonbee/FRA501_6431_6475_WS/install/my_controller/share/my_controller/package.sh'
[1.618s] INFO:colcon.colcon_core.shell:Creating package script '/home/blackcayonbee/FRA501_6431_6475_WS/install/my_controller/share/my_controller/package.bash'
[1.618s] INFO:colcon.colcon_core.shell:Creating package script '/home/blackcayonbee/FRA501_6431_6475_WS/install/my_controller/share/my_controller/package.zsh'
[1.619s] Level 1:colcon.colcon_core.environment:create_file_with_runtime_dependencies(/home/blackcayonbee/FRA501_6431_6475_WS/install/my_controller/share/colcon-core/packages/my_controller)
[1.635s] Level 1:colcon.colcon_core.environment:create_environment_scripts_only(my_controller)
[1.636s] Level 1:colcon.colcon_core.environment:checking '/home/blackcayonbee/FRA501_6431_6475_WS/install/my_controller' for CMake module files
[1.636s] Level 1:colcon.colcon_core.environment:checking '/home/blackcayonbee/FRA501_6431_6475_WS/install/my_controller' for CMake config files
[1.637s] Level 1:colcon.colcon_core.shell:create_environment_hook('my_controller', 'cmake_prefix_path')
[1.637s] INFO:colcon.colcon_core.shell:Creating environment hook '/home/blackcayonbee/FRA501_6431_6475_WS/install/my_controller/share/my_controller/hook/cmake_prefix_path.ps1'
[1.638s] INFO:colcon.colcon_core.shell:Creating environment descriptor '/home/blackcayonbee/FRA501_6431_6475_WS/install/my_controller/share/my_controller/hook/cmake_prefix_path.dsv'
[1.638s] INFO:colcon.colcon_core.shell:Creating environment hook '/home/blackcayonbee/FRA501_6431_6475_WS/install/my_controller/share/my_controller/hook/cmake_prefix_path.sh'
[1.639s] Level 1:colcon.colcon_core.environment:checking '/home/blackcayonbee/FRA501_6431_6475_WS/install/my_controller/lib'
[1.639s] Level 1:colcon.colcon_core.environment:checking '/home/blackcayonbee/FRA501_6431_6475_WS/install/my_controller/bin'
[1.639s] Level 1:colcon.colcon_core.environment:checking '/home/blackcayonbee/FRA501_6431_6475_WS/install/my_controller/lib/pkgconfig/my_controller.pc'
[1.639s] Level 1:colcon.colcon_core.environment:checking '/home/blackcayonbee/FRA501_6431_6475_WS/install/my_controller/lib/python3.10/site-packages'
[1.639s] Level 1:colcon.colcon_core.environment:checking '/home/blackcayonbee/FRA501_6431_6475_WS/install/my_controller/bin'
[1.640s] INFO:colcon.colcon_core.shell:Creating package script '/home/blackcayonbee/FRA501_6431_6475_WS/install/my_controller/share/my_controller/package.ps1'
[1.641s] INFO:colcon.colcon_core.shell:Creating package descriptor '/home/blackcayonbee/FRA501_6431_6475_WS/install/my_controller/share/my_controller/package.dsv'
[1.641s] INFO:colcon.colcon_core.shell:Creating package script '/home/blackcayonbee/FRA501_6431_6475_WS/install/my_controller/share/my_controller/package.sh'
[1.641s] INFO:colcon.colcon_core.shell:Creating package script '/home/blackcayonbee/FRA501_6431_6475_WS/install/my_controller/share/my_controller/package.bash'
[1.641s] INFO:colcon.colcon_core.shell:Creating package script '/home/blackcayonbee/FRA501_6431_6475_WS/install/my_controller/share/my_controller/package.zsh'
[1.642s] Level 1:colcon.colcon_core.environment:create_file_with_runtime_dependencies(/home/blackcayonbee/FRA501_6431_6475_WS/install/my_controller/share/colcon-core/packages/my_controller)
[3.101s] DEBUG:colcon.colcon_core.event_handler.log_command:Invoked command in '/home/blackcayonbee/FRA501_6431_6475_WS/build/turtlesim_interfaces' returned '0': CMAKE_PREFIX_PATH=${CMAKE_PREFIX_PATH}:/opt/ros/humble /usr/bin/cmake --build /home/blackcayonbee/FRA501_6431_6475_WS/build/turtlesim_interfaces -- -j16 -l16
[3.136s] DEBUG:colcon.colcon_core.event_handler.log_command:Invoking command in '/home/blackcayonbee/FRA501_6431_6475_WS/build/turtlesim_interfaces': CMAKE_PREFIX_PATH=${CMAKE_PREFIX_PATH}:/opt/ros/humble /usr/bin/cmake --install /home/blackcayonbee/FRA501_6431_6475_WS/build/turtlesim_interfaces
[3.180s] Level 1:colcon.colcon_core.environment:create_environment_scripts_only(turtlesim_interfaces)
[3.180s] DEBUG:colcon.colcon_core.event_handler.log_command:Invoked command in '/home/blackcayonbee/FRA501_6431_6475_WS/build/turtlesim_interfaces' returned '0': CMAKE_PREFIX_PATH=${CMAKE_PREFIX_PATH}:/opt/ros/humble /usr/bin/cmake --install /home/blackcayonbee/FRA501_6431_6475_WS/build/turtlesim_interfaces
[3.181s] Level 1:colcon.colcon_core.environment:checking '/home/blackcayonbee/FRA501_6431_6475_WS/install/turtlesim_interfaces' for CMake module files
[3.182s] Level 1:colcon.colcon_core.environment:checking '/home/blackcayonbee/FRA501_6431_6475_WS/install/turtlesim_interfaces' for CMake config files
[3.182s] Level 1:colcon.colcon_core.shell:create_environment_hook('turtlesim_interfaces', 'cmake_prefix_path')
[3.183s] INFO:colcon.colcon_core.shell:Creating environment hook '/home/blackcayonbee/FRA501_6431_6475_WS/install/turtlesim_interfaces/share/turtlesim_interfaces/hook/cmake_prefix_path.ps1'
[3.183s] INFO:colcon.colcon_core.shell:Creating environment descriptor '/home/blackcayonbee/FRA501_6431_6475_WS/install/turtlesim_interfaces/share/turtlesim_interfaces/hook/cmake_prefix_path.dsv'
[3.183s] INFO:colcon.colcon_core.shell:Creating environment hook '/home/blackcayonbee/FRA501_6431_6475_WS/install/turtlesim_interfaces/share/turtlesim_interfaces/hook/cmake_prefix_path.sh'
[3.184s] Level 1:colcon.colcon_core.environment:checking '/home/blackcayonbee/FRA501_6431_6475_WS/install/turtlesim_interfaces/lib'
[3.184s] Level 1:colcon.colcon_core.shell:create_environment_hook('turtlesim_interfaces', 'ld_library_path_lib')
[3.184s] INFO:colcon.colcon_core.shell:Creating environment hook '/home/blackcayonbee/FRA501_6431_6475_WS/install/turtlesim_interfaces/share/turtlesim_interfaces/hook/ld_library_path_lib.ps1'
[3.185s] INFO:colcon.colcon_core.shell:Creating environment descriptor '/home/blackcayonbee/FRA501_6431_6475_WS/install/turtlesim_interfaces/share/turtlesim_interfaces/hook/ld_library_path_lib.dsv'
[3.185s] INFO:colcon.colcon_core.shell:Creating environment hook '/home/blackcayonbee/FRA501_6431_6475_WS/install/turtlesim_interfaces/share/turtlesim_interfaces/hook/ld_library_path_lib.sh'
[3.185s] Level 1:colcon.colcon_core.environment:checking '/home/blackcayonbee/FRA501_6431_6475_WS/install/turtlesim_interfaces/bin'
[3.185s] Level 1:colcon.colcon_core.environment:checking '/home/blackcayonbee/FRA501_6431_6475_WS/install/turtlesim_interfaces/lib/pkgconfig/turtlesim_interfaces.pc'
[3.185s] Level 1:colcon.colcon_core.environment:checking '/home/blackcayonbee/FRA501_6431_6475_WS/install/turtlesim_interfaces/lib/python3.10/site-packages'
[3.185s] Level 1:colcon.colcon_core.environment:checking '/home/blackcayonbee/FRA501_6431_6475_WS/install/turtlesim_interfaces/bin'
[3.186s] INFO:colcon.colcon_core.shell:Creating package script '/home/blackcayonbee/FRA501_6431_6475_WS/install/turtlesim_interfaces/share/turtlesim_interfaces/package.ps1'
[3.187s] INFO:colcon.colcon_core.shell:Creating package descriptor '/home/blackcayonbee/FRA501_6431_6475_WS/install/turtlesim_interfaces/share/turtlesim_interfaces/package.dsv'
[3.187s] INFO:colcon.colcon_core.shell:Creating package script '/home/blackcayonbee/FRA501_6431_6475_WS/install/turtlesim_interfaces/share/turtlesim_interfaces/package.sh'
[3.187s] INFO:colcon.colcon_core.shell:Creating package script '/home/blackcayonbee/FRA501_6431_6475_WS/install/turtlesim_interfaces/share/turtlesim_interfaces/package.bash'
[3.187s] INFO:colcon.colcon_core.shell:Creating package script '/home/blackcayonbee/FRA501_6431_6475_WS/install/turtlesim_interfaces/share/turtlesim_interfaces/package.zsh'
[3.187s] Level 1:colcon.colcon_core.environment:create_file_with_runtime_dependencies(/home/blackcayonbee/FRA501_6431_6475_WS/install/turtlesim_interfaces/share/colcon-core/packages/turtlesim_interfaces)
[3.220s] Level 1:colcon.colcon_core.environment:create_environment_scripts_only(turtlesim_interfaces)
[3.222s] Level 1:colcon.colcon_core.environment:checking '/home/blackcayonbee/FRA501_6431_6475_WS/install/turtlesim_interfaces' for CMake module files
[3.222s] Level 1:colcon.colcon_core.environment:checking '/home/blackcayonbee/FRA501_6431_6475_WS/install/turtlesim_interfaces' for CMake config files
[3.222s] Level 1:colcon.colcon_core.shell:create_environment_hook('turtlesim_interfaces', 'cmake_prefix_path')
[3.223s] INFO:colcon.colcon_core.shell:Creating environment hook '/home/blackcayonbee/FRA501_6431_6475_WS/install/turtlesim_interfaces/share/turtlesim_interfaces/hook/cmake_prefix_path.ps1'
[3.223s] INFO:colcon.colcon_core.shell:Creating environment descriptor '/home/blackcayonbee/FRA501_6431_6475_WS/install/turtlesim_interfaces/share/turtlesim_interfaces/hook/cmake_prefix_path.dsv'
[3.224s] INFO:colcon.colcon_core.shell:Creating environment hook '/home/blackcayonbee/FRA501_6431_6475_WS/install/turtlesim_interfaces/share/turtlesim_interfaces/hook/cmake_prefix_path.sh'
[3.224s] Level 1:colcon.colcon_core.environment:checking '/home/blackcayonbee/FRA501_6431_6475_WS/install/turtlesim_interfaces/lib'
[3.224s] Level 1:colcon.colcon_core.shell:create_environment_hook('turtlesim_interfaces', 'ld_library_path_lib')
[3.225s] INFO:colcon.colcon_core.shell:Creating environment hook '/home/blackcayonbee/FRA501_6431_6475_WS/install/turtlesim_interfaces/share/turtlesim_interfaces/hook/ld_library_path_lib.ps1'
[3.225s] INFO:colcon.colcon_core.shell:Creating environment descriptor '/home/blackcayonbee/FRA501_6431_6475_WS/install/turtlesim_interfaces/share/turtlesim_interfaces/hook/ld_library_path_lib.dsv'
[3.225s] INFO:colcon.colcon_core.shell:Creating environment hook '/home/blackcayonbee/FRA501_6431_6475_WS/install/turtlesim_interfaces/share/turtlesim_interfaces/hook/ld_library_path_lib.sh'
[3.226s] Level 1:colcon.colcon_core.environment:checking '/home/blackcayonbee/FRA501_6431_6475_WS/install/turtlesim_interfaces/bin'
[3.226s] Level 1:colcon.colcon_core.environment:checking '/home/blackcayonbee/FRA501_6431_6475_WS/install/turtlesim_interfaces/lib/pkgconfig/turtlesim_interfaces.pc'
[3.226s] Level 1:colcon.colcon_core.environment:checking '/home/blackcayonbee/FRA501_6431_6475_WS/install/turtlesim_interfaces/lib/python3.10/site-packages'
[3.226s] Level 1:colcon.colcon_core.environment:checking '/home/blackcayonbee/FRA501_6431_6475_WS/install/turtlesim_interfaces/bin'
[3.227s] INFO:colcon.colcon_core.shell:Creating package script '/home/blackcayonbee/FRA501_6431_6475_WS/install/turtlesim_interfaces/share/turtlesim_interfaces/package.ps1'
[3.227s] INFO:colcon.colcon_core.shell:Creating package descriptor '/home/blackcayonbee/FRA501_6431_6475_WS/install/turtlesim_interfaces/share/turtlesim_interfaces/package.dsv'
[3.228s] INFO:colcon.colcon_core.shell:Creating package script '/home/blackcayonbee/FRA501_6431_6475_WS/install/turtlesim_interfaces/share/turtlesim_interfaces/package.sh'
[3.228s] INFO:colcon.colcon_core.shell:Creating package script '/home/blackcayonbee/FRA501_6431_6475_WS/install/turtlesim_interfaces/share/turtlesim_interfaces/package.bash'
[3.228s] INFO:colcon.colcon_core.shell:Creating package script '/home/blackcayonbee/FRA501_6431_6475_WS/install/turtlesim_interfaces/share/turtlesim_interfaces/package.zsh'
[3.228s] Level 1:colcon.colcon_core.environment:create_file_with_runtime_dependencies(/home/blackcayonbee/FRA501_6431_6475_WS/install/turtlesim_interfaces/share/colcon-core/packages/turtlesim_interfaces)
[3.299s] DEBUG:colcon.colcon_core.event_handler.log_command:Invoked command in '/home/blackcayonbee/FRA501_6431_6475_WS/build/my_controller_interfaces' returned '0': CMAKE_PREFIX_PATH=${CMAKE_PREFIX_PATH}:/opt/ros/humble /usr/bin/cmake --build /home/blackcayonbee/FRA501_6431_6475_WS/build/my_controller_interfaces -- -j16 -l16
[3.346s] DEBUG:colcon.colcon_core.event_handler.log_command:Invoking command in '/home/blackcayonbee/FRA501_6431_6475_WS/build/my_controller_interfaces': CMAKE_PREFIX_PATH=${CMAKE_PREFIX_PATH}:/opt/ros/humble /usr/bin/cmake --install /home/blackcayonbee/FRA501_6431_6475_WS/build/my_controller_interfaces
[3.391s] Level 1:colcon.colcon_core.environment:create_environment_scripts_only(my_controller_interfaces)
[3.391s] DEBUG:colcon.colcon_core.event_handler.log_command:Invoked command in '/home/blackcayonbee/FRA501_6431_6475_WS/build/my_controller_interfaces' returned '0': CMAKE_PREFIX_PATH=${CMAKE_PREFIX_PATH}:/opt/ros/humble /usr/bin/cmake --install /home/blackcayonbee/FRA501_6431_6475_WS/build/my_controller_interfaces
[3.393s] Level 1:colcon.colcon_core.environment:checking '/home/blackcayonbee/FRA501_6431_6475_WS/install/my_controller_interfaces' for CMake module files
[3.393s] Level 1:colcon.colcon_core.environment:checking '/home/blackcayonbee/FRA501_6431_6475_WS/install/my_controller_interfaces' for CMake config files
[3.394s] Level 1:colcon.colcon_core.shell:create_environment_hook('my_controller_interfaces', 'cmake_prefix_path')
[3.394s] INFO:colcon.colcon_core.shell:Creating environment hook '/home/blackcayonbee/FRA501_6431_6475_WS/install/my_controller_interfaces/share/my_controller_interfaces/hook/cmake_prefix_path.ps1'
[3.395s] INFO:colcon.colcon_core.shell:Creating environment descriptor '/home/blackcayonbee/FRA501_6431_6475_WS/install/my_controller_interfaces/share/my_controller_interfaces/hook/cmake_prefix_path.dsv'
[3.395s] INFO:colcon.colcon_core.shell:Creating environment hook '/home/blackcayonbee/FRA501_6431_6475_WS/install/my_controller_interfaces/share/my_controller_interfaces/hook/cmake_prefix_path.sh'
[3.395s] Level 1:colcon.colcon_core.environment:checking '/home/blackcayonbee/FRA501_6431_6475_WS/install/my_controller_interfaces/lib'
[3.395s] Level 1:colcon.colcon_core.shell:create_environment_hook('my_controller_interfaces', 'ld_library_path_lib')
[3.396s] INFO:colcon.colcon_core.shell:Creating environment hook '/home/blackcayonbee/FRA501_6431_6475_WS/install/my_controller_interfaces/share/my_controller_interfaces/hook/ld_library_path_lib.ps1'
[3.396s] INFO:colcon.colcon_core.shell:Creating environment descriptor '/home/blackcayonbee/FRA501_6431_6475_WS/install/my_controller_interfaces/share/my_controller_interfaces/hook/ld_library_path_lib.dsv'
[3.396s] INFO:colcon.colcon_core.shell:Creating environment hook '/home/blackcayonbee/FRA501_6431_6475_WS/install/my_controller_interfaces/share/my_controller_interfaces/hook/ld_library_path_lib.sh'
[3.396s] Level 1:colcon.colcon_core.environment:checking '/home/blackcayonbee/FRA501_6431_6475_WS/install/my_controller_interfaces/bin'
[3.396s] Level 1:colcon.colcon_core.environment:checking '/home/blackcayonbee/FRA501_6431_6475_WS/install/my_controller_interfaces/lib/pkgconfig/my_controller_interfaces.pc'
[3.397s] Level 1:colcon.colcon_core.environment:checking '/home/blackcayonbee/FRA501_6431_6475_WS/install/my_controller_interfaces/lib/python3.10/site-packages'
[3.397s] Level 1:colcon.colcon_core.environment:checking '/home/blackcayonbee/FRA501_6431_6475_WS/install/my_controller_interfaces/bin'
[3.398s] INFO:colcon.colcon_core.shell:Creating package script '/home/blackcayonbee/FRA501_6431_6475_WS/install/my_controller_interfaces/share/my_controller_interfaces/package.ps1'
[3.398s] INFO:colcon.colcon_core.shell:Creating package descriptor '/home/blackcayonbee/FRA501_6431_6475_WS/install/my_controller_interfaces/share/my_controller_interfaces/package.dsv'
[3.398s] INFO:colcon.colcon_core.shell:Creating package script '/home/blackcayonbee/FRA501_6431_6475_WS/install/my_controller_interfaces/share/my_controller_interfaces/package.sh'
[3.398s] INFO:colcon.colcon_core.shell:Creating package script '/home/blackcayonbee/FRA501_6431_6475_WS/install/my_controller_interfaces/share/my_controller_interfaces/package.bash'
[3.399s] INFO:colcon.colcon_core.shell:Creating package script '/home/blackcayonbee/FRA501_6431_6475_WS/install/my_controller_interfaces/share/my_controller_interfaces/package.zsh'
[3.399s] Level 1:colcon.colcon_core.environment:create_file_with_runtime_dependencies(/home/blackcayonbee/FRA501_6431_6475_WS/install/my_controller_interfaces/share/colcon-core/packages/my_controller_interfaces)
[3.446s] Level 1:colcon.colcon_core.environment:create_environment_scripts_only(my_controller_interfaces)
[3.447s] Level 1:colcon.colcon_core.environment:checking '/home/blackcayonbee/FRA501_6431_6475_WS/install/my_controller_interfaces' for CMake module files
[3.447s] Level 1:colcon.colcon_core.environment:checking '/home/blackcayonbee/FRA501_6431_6475_WS/install/my_controller_interfaces' for CMake config files
[3.448s] Level 1:colcon.colcon_core.shell:create_environment_hook('my_controller_interfaces', 'cmake_prefix_path')
[3.448s] INFO:colcon.colcon_core.shell:Creating environment hook '/home/blackcayonbee/FRA501_6431_6475_WS/install/my_controller_interfaces/share/my_controller_interfaces/hook/cmake_prefix_path.ps1'
[3.449s] INFO:colcon.colcon_core.shell:Creating environment descriptor '/home/blackcayonbee/FRA501_6431_6475_WS/install/my_controller_interfaces/share/my_controller_interfaces/hook/cmake_prefix_path.dsv'
[3.449s] INFO:colcon.colcon_core.shell:Creating environment hook '/home/blackcayonbee/FRA501_6431_6475_WS/install/my_controller_interfaces/share/my_controller_interfaces/hook/cmake_prefix_path.sh'
[3.449s] Level 1:colcon.colcon_core.environment:checking '/home/blackcayonbee/FRA501_6431_6475_WS/install/my_controller_interfaces/lib'
[3.449s] Level 1:colcon.colcon_core.shell:create_environment_hook('my_controller_interfaces', 'ld_library_path_lib')
[3.450s] INFO:colcon.colcon_core.shell:Creating environment hook '/home/blackcayonbee/FRA501_6431_6475_WS/install/my_controller_interfaces/share/my_controller_interfaces/hook/ld_library_path_lib.ps1'
[3.450s] INFO:colcon.colcon_core.shell:Creating environment descriptor '/home/blackcayonbee/FRA501_6431_6475_WS/install/my_controller_interfaces/share/my_controller_interfaces/hook/ld_library_path_lib.dsv'
[3.450s] INFO:colcon.colcon_core.shell:Creating environment hook '/home/blackcayonbee/FRA501_6431_6475_WS/install/my_controller_interfaces/share/my_controller_interfaces/hook/ld_library_path_lib.sh'
[3.451s] Level 1:colcon.colcon_core.environment:checking '/home/blackcayonbee/FRA501_6431_6475_WS/install/my_controller_interfaces/bin'
[3.451s] Level 1:colcon.colcon_core.environment:checking '/home/blackcayonbee/FRA501_6431_6475_WS/install/my_controller_interfaces/lib/pkgconfig/my_controller_interfaces.pc'
[3.451s] Level 1:colcon.colcon_core.environment:checking '/home/blackcayonbee/FRA501_6431_6475_WS/install/my_controller_interfaces/lib/python3.10/site-packages'
[3.451s] Level 1:colcon.colcon_core.environment:checking '/home/blackcayonbee/FRA501_6431_6475_WS/install/my_controller_interfaces/bin'
[3.452s] INFO:colcon.colcon_core.shell:Creating package script '/home/blackcayonbee/FRA501_6431_6475_WS/install/my_controller_interfaces/share/my_controller_interfaces/package.ps1'
[3.452s] INFO:colcon.colcon_core.shell:Creating package descriptor '/home/blackcayonbee/FRA501_6431_6475_WS/install/my_controller_interfaces/share/my_controller_interfaces/package.dsv'
[3.452s] INFO:colcon.colcon_core.shell:Creating package script '/home/blackcayonbee/FRA501_6431_6475_WS/install/my_controller_interfaces/share/my_controller_interfaces/package.sh'
[3.453s] INFO:colcon.colcon_core.shell:Creating package script '/home/blackcayonbee/FRA501_6431_6475_WS/install/my_controller_interfaces/share/my_controller_interfaces/package.bash'
[3.453s] INFO:colcon.colcon_core.shell:Creating package script '/home/blackcayonbee/FRA501_6431_6475_WS/install/my_controller_interfaces/share/my_controller_interfaces/package.zsh'
[3.453s] Level 1:colcon.colcon_core.environment:create_file_with_runtime_dependencies(/home/blackcayonbee/FRA501_6431_6475_WS/install/my_controller_interfaces/share/colcon-core/packages/my_controller_interfaces)
[3.453s] DEBUG:colcon.colcon_parallel_executor.executor.parallel:closing loop
[3.454s] DEBUG:colcon.colcon_parallel_executor.executor.parallel:loop closed
[3.454s] DEBUG:colcon.colcon_parallel_executor.executor.parallel:run_until_complete finished with '0'
[3.454s] DEBUG:colcon.colcon_core.event_reactor:joining thread
[3.458s] INFO:colcon.colcon_core.plugin_system:Skipping extension 'colcon_notification.desktop_notification.terminal_notifier': Not used on non-Darwin systems
[3.458s] INFO:colcon.colcon_core.plugin_system:Skipping extension 'colcon_notification.desktop_notification.win32': Not used on non-Windows systems
[3.458s] INFO:colcon.colcon_notification.desktop_notification:Sending desktop notification using 'notify2'
[3.466s] DEBUG:colcon.colcon_core.event_reactor:joined thread
[3.467s] INFO:colcon.colcon_core.shell:Creating prefix script '/home/blackcayonbee/FRA501_6431_6475_WS/install/local_setup.ps1'
[3.468s] INFO:colcon.colcon_core.shell:Creating prefix util module '/home/blackcayonbee/FRA501_6431_6475_WS/install/_local_setup_util_ps1.py'
[3.469s] INFO:colcon.colcon_core.shell:Creating prefix chain script '/home/blackcayonbee/FRA501_6431_6475_WS/install/setup.ps1'
[3.470s] INFO:colcon.colcon_core.shell:Creating prefix script '/home/blackcayonbee/FRA501_6431_6475_WS/install/local_setup.sh'
[3.470s] INFO:colcon.colcon_core.shell:Creating prefix util module '/home/blackcayonbee/FRA501_6431_6475_WS/install/_local_setup_util_sh.py'
[3.470s] INFO:colcon.colcon_core.shell:Creating prefix chain script '/home/blackcayonbee/FRA501_6431_6475_WS/install/setup.sh'
[3.471s] INFO:colcon.colcon_core.shell:Creating prefix script '/home/blackcayonbee/FRA501_6431_6475_WS/install/local_setup.bash'
[3.471s] INFO:colcon.colcon_core.shell:Creating prefix chain script '/home/blackcayonbee/FRA501_6431_6475_WS/install/setup.bash'
[3.472s] INFO:colcon.colcon_core.shell:Creating prefix script '/home/blackcayonbee/FRA501_6431_6475_WS/install/local_setup.zsh'
[3.473s] INFO:colcon.colcon_core.shell:Creating prefix chain script '/home/blackcayonbee/FRA501_6431_6475_WS/install/setup.zsh'
