[0.015s] Invoking command in '/home/blackcayonbee/FRA501_6431_6475_WS/build/my_controller_interfaces': CMAKE_PREFIX_PATH=${CMAKE_PREFIX_PATH}:/opt/ros/humble /usr/bin/cmake --build /home/blackcayonbee/FRA501_6431_6475_WS/build/my_controller_interfaces -- -j16 -l16
[0.039s] [35m[1mConsolidate compiler generated dependencies of target my_controller_interfaces__rosidl_generator_c[0m
[0.045s] [  2%] Built target my_controller_interfaces__cpp
[0.045s] [ 12%] Built target my_controller_interfaces__rosidl_generator_c
[0.052s] [35m[1mConsolidate compiler generated dependencies of target my_controller_interfaces__rosidl_typesupport_cpp[0m
[0.052s] [ 12%] Built target ament_cmake_python_copy_my_controller_interfaces
[0.054s] [35m[1mConsolidate compiler generated dependencies of target my_controller_interfaces__rosidl_typesupport_introspection_cpp[0m
[0.054s] [35m[1mConsolidate compiler generated dependencies of target my_controller_interfaces__rosidl_typesupport_introspection_c[0m
[0.054s] [35m[1mConsolidate compiler generated dependencies of target my_controller_interfaces__rosidl_typesupport_fastrtps_cpp[0m
[0.054s] [35m[1mConsolidate compiler generated dependencies of target my_controller_interfaces__rosidl_typesupport_fastrtps_c[0m
[0.055s] [35m[1mConsolidate compiler generated dependencies of target my_controller_interfaces__rosidl_typesupport_c[0m
[0.065s] [ 43%] Built target my_controller_interfaces__rosidl_typesupport_c
[0.065s] [ 43%] Built target my_controller_interfaces__rosidl_typesupport_cpp
[0.066s] [ 43%] Built target my_controller_interfaces__rosidl_typesupport_introspection_c
[0.068s] [ 53%] Built target my_controller_interfaces__rosidl_typesupport_fastrtps_cpp
[0.068s] [ 74%] Built target my_controller_interfaces__rosidl_typesupport_fastrtps_c
[0.068s] [ 74%] Built target my_controller_interfaces__rosidl_typesupport_introspection_cpp
[0.083s] [ 74%] Built target my_controller_interfaces
[0.096s] [ 76%] Built target my_controller_interfaces__py
[0.104s] [35m[1mConsolidate compiler generated dependencies of target my_controller_interfaces__rosidl_generator_py[0m
[0.113s] [ 84%] Built target my_controller_interfaces__rosidl_generator_py
[0.120s] [35m[1mConsolidate compiler generated dependencies of target my_controller_interfaces__rosidl_typesupport_fastrtps_c__pyext[0m
[0.121s] [35m[1mConsolidate compiler generated dependencies of target my_controller_interfaces__rosidl_typesupport_c__pyext[0m
[0.121s] [35m[1mConsolidate compiler generated dependencies of target my_controller_interfaces__rosidl_typesupport_introspection_c__pyext[0m
[0.128s] [ 89%] Built target my_controller_interfaces__rosidl_typesupport_fastrtps_c__pyext
[0.128s] [ 94%] Built target my_controller_interfaces__rosidl_typesupport_c__pyext
[0.132s] [100%] Built target my_controller_interfaces__rosidl_typesupport_introspection_c__pyext
[0.269s] running egg_info
[0.270s] writing my_controller_interfaces.egg-info/PKG-INFO
[0.270s] writing dependency_links to my_controller_interfaces.egg-info/dependency_links.txt
[0.270s] writing top-level names to my_controller_interfaces.egg-info/top_level.txt
[0.272s] reading manifest file 'my_controller_interfaces.egg-info/SOURCES.txt'
[0.272s] writing manifest file 'my_controller_interfaces.egg-info/SOURCES.txt'
[0.299s] [100%] Built target ament_cmake_python_build_my_controller_interfaces_egg
[0.306s] Invoked command in '/home/blackcayonbee/FRA501_6431_6475_WS/build/my_controller_interfaces' returned '0': CMAKE_PREFIX_PATH=${CMAKE_PREFIX_PATH}:/opt/ros/humble /usr/bin/cmake --build /home/blackcayonbee/FRA501_6431_6475_WS/build/my_controller_interfaces -- -j16 -l16
[0.359s] Invoking command in '/home/blackcayonbee/FRA501_6431_6475_WS/build/my_controller_interfaces': CMAKE_PREFIX_PATH=${CMAKE_PREFIX_PATH}:/opt/ros/humble /usr/bin/cmake --install /home/blackcayonbee/FRA501_6431_6475_WS/build/my_controller_interfaces
[0.365s] -- Install configuration: ""
[0.365s] -- Up-to-date: /home/blackcayonbee/FRA501_6431_6475_WS/install/my_controller_interfaces/share/ament_index/resource_index/rosidl_interfaces/my_controller_interfaces
[0.365s] -- Up-to-date: /home/blackcayonbee/FRA501_6431_6475_WS/install/my_controller_interfaces/include/my_controller_interfaces/my_controller_interfaces
[0.365s] -- Up-to-date: /home/blackcayonbee/FRA501_6431_6475_WS/install/my_controller_interfaces/include/my_controller_interfaces/my_controller_interfaces/msg
[0.365s] -- Up-to-date: /home/blackcayonbee/FRA501_6431_6475_WS/install/my_controller_interfaces/include/my_controller_interfaces/my_controller_interfaces/msg/rosidl_generator_c__visibility_control.h
[0.365s] -- Up-to-date: /home/blackcayonbee/FRA501_6431_6475_WS/install/my_controller_interfaces/include/my_controller_interfaces/my_controller_interfaces/srv
[0.365s] -- Up-to-date: /home/blackcayonbee/FRA501_6431_6475_WS/install/my_controller_interfaces/include/my_controller_interfaces/my_controller_interfaces/srv/set_target.h
[0.365s] -- Up-to-date: /home/blackcayonbee/FRA501_6431_6475_WS/install/my_controller_interfaces/include/my_controller_interfaces/my_controller_interfaces/srv/detail
[0.365s] -- Up-to-date: /home/blackcayonbee/FRA501_6431_6475_WS/install/my_controller_interfaces/include/my_controller_interfaces/my_controller_interfaces/srv/detail/send_position__type_support.h
[0.365s] -- Up-to-date: /home/blackcayonbee/FRA501_6431_6475_WS/install/my_controller_interfaces/include/my_controller_interfaces/my_controller_interfaces/srv/detail/set_target__struct.h
[0.365s] -- Up-to-date: /home/blackcayonbee/FRA501_6431_6475_WS/install/my_controller_interfaces/include/my_controller_interfaces/my_controller_interfaces/srv/detail/set_target__functions.h
[0.365s] -- Up-to-date: /home/blackcayonbee/FRA501_6431_6475_WS/install/my_controller_interfaces/include/my_controller_interfaces/my_controller_interfaces/srv/detail/set_target__functions.c
[0.365s] -- Up-to-date: /home/blackcayonbee/FRA501_6431_6475_WS/install/my_controller_interfaces/include/my_controller_interfaces/my_controller_interfaces/srv/detail/send_position__functions.h
[0.366s] -- Up-to-date: /home/blackcayonbee/FRA501_6431_6475_WS/install/my_controller_interfaces/include/my_controller_interfaces/my_controller_interfaces/srv/detail/set_target__type_support.h
[0.366s] -- Up-to-date: /home/blackcayonbee/FRA501_6431_6475_WS/install/my_controller_interfaces/include/my_controller_interfaces/my_controller_interfaces/srv/detail/send_position__functions.c
[0.366s] -- Up-to-date: /home/blackcayonbee/FRA501_6431_6475_WS/install/my_controller_interfaces/include/my_controller_interfaces/my_controller_interfaces/srv/detail/send_position__struct.h
[0.366s] -- Up-to-date: /home/blackcayonbee/FRA501_6431_6475_WS/install/my_controller_interfaces/include/my_controller_interfaces/my_controller_interfaces/srv/send_position.h
[0.366s] -- Up-to-date: /home/blackcayonbee/FRA501_6431_6475_WS/install/my_controller_interfaces/share/my_controller_interfaces/environment/library_path.sh
[0.366s] -- Up-to-date: /home/blackcayonbee/FRA501_6431_6475_WS/install/my_controller_interfaces/share/my_controller_interfaces/environment/library_path.dsv
[0.366s] -- Up-to-date: /home/blackcayonbee/FRA501_6431_6475_WS/install/my_controller_interfaces/lib/libmy_controller_interfaces__rosidl_generator_c.so
[0.366s] -- Up-to-date: /home/blackcayonbee/FRA501_6431_6475_WS/install/my_controller_interfaces/include/my_controller_interfaces/my_controller_interfaces
[0.366s] -- Up-to-date: /home/blackcayonbee/FRA501_6431_6475_WS/install/my_controller_interfaces/include/my_controller_interfaces/my_controller_interfaces/msg
[0.366s] -- Up-to-date: /home/blackcayonbee/FRA501_6431_6475_WS/install/my_controller_interfaces/include/my_controller_interfaces/my_controller_interfaces/msg/rosidl_typesupport_fastrtps_c__visibility_control.h
[0.366s] -- Up-to-date: /home/blackcayonbee/FRA501_6431_6475_WS/install/my_controller_interfaces/include/my_controller_interfaces/my_controller_interfaces/srv
[0.366s] -- Up-to-date: /home/blackcayonbee/FRA501_6431_6475_WS/install/my_controller_interfaces/include/my_controller_interfaces/my_controller_interfaces/srv/detail
[0.366s] -- Up-to-date: /home/blackcayonbee/FRA501_6431_6475_WS/install/my_controller_interfaces/include/my_controller_interfaces/my_controller_interfaces/srv/detail/set_target__rosidl_typesupport_fastrtps_c.h
[0.366s] -- Up-to-date: /home/blackcayonbee/FRA501_6431_6475_WS/install/my_controller_interfaces/include/my_controller_interfaces/my_controller_interfaces/srv/detail/send_position__rosidl_typesupport_fastrtps_c.h
[0.366s] -- Up-to-date: /home/blackcayonbee/FRA501_6431_6475_WS/install/my_controller_interfaces/lib/libmy_controller_interfaces__rosidl_typesupport_fastrtps_c.so
[0.366s] -- Up-to-date: /home/blackcayonbee/FRA501_6431_6475_WS/install/my_controller_interfaces/include/my_controller_interfaces/my_controller_interfaces
[0.366s] -- Up-to-date: /home/blackcayonbee/FRA501_6431_6475_WS/install/my_controller_interfaces/include/my_controller_interfaces/my_controller_interfaces/srv
[0.366s] -- Up-to-date: /home/blackcayonbee/FRA501_6431_6475_WS/install/my_controller_interfaces/include/my_controller_interfaces/my_controller_interfaces/srv/detail
[0.367s] -- Up-to-date: /home/blackcayonbee/FRA501_6431_6475_WS/install/my_controller_interfaces/include/my_controller_interfaces/my_controller_interfaces/srv/detail/send_position__traits.hpp
[0.367s] -- Up-to-date: /home/blackcayonbee/FRA501_6431_6475_WS/install/my_controller_interfaces/include/my_controller_interfaces/my_controller_interfaces/srv/detail/set_target__traits.hpp
[0.367s] -- Up-to-date: /home/blackcayonbee/FRA501_6431_6475_WS/install/my_controller_interfaces/include/my_controller_interfaces/my_controller_interfaces/srv/detail/set_target__struct.hpp
[0.367s] -- Up-to-date: /home/blackcayonbee/FRA501_6431_6475_WS/install/my_controller_interfaces/include/my_controller_interfaces/my_controller_interfaces/srv/detail/send_position__builder.hpp
[0.367s] -- Up-to-date: /home/blackcayonbee/FRA501_6431_6475_WS/install/my_controller_interfaces/include/my_controller_interfaces/my_controller_interfaces/srv/detail/set_target__builder.hpp
[0.367s] -- Up-to-date: /home/blackcayonbee/FRA501_6431_6475_WS/install/my_controller_interfaces/include/my_controller_interfaces/my_controller_interfaces/srv/detail/send_position__struct.hpp
[0.367s] -- Up-to-date: /home/blackcayonbee/FRA501_6431_6475_WS/install/my_controller_interfaces/include/my_controller_interfaces/my_controller_interfaces/srv/set_target.hpp
[0.367s] -- Up-to-date: /home/blackcayonbee/FRA501_6431_6475_WS/install/my_controller_interfaces/include/my_controller_interfaces/my_controller_interfaces/srv/send_position.hpp
[0.367s] -- Up-to-date: /home/blackcayonbee/FRA501_6431_6475_WS/install/my_controller_interfaces/include/my_controller_interfaces/my_controller_interfaces
[0.367s] -- Up-to-date: /home/blackcayonbee/FRA501_6431_6475_WS/install/my_controller_interfaces/include/my_controller_interfaces/my_controller_interfaces/msg
[0.367s] -- Up-to-date: /home/blackcayonbee/FRA501_6431_6475_WS/install/my_controller_interfaces/include/my_controller_interfaces/my_controller_interfaces/msg/rosidl_typesupport_fastrtps_cpp__visibility_control.h
[0.367s] -- Up-to-date: /home/blackcayonbee/FRA501_6431_6475_WS/install/my_controller_interfaces/include/my_controller_interfaces/my_controller_interfaces/srv
[0.367s] -- Up-to-date: /home/blackcayonbee/FRA501_6431_6475_WS/install/my_controller_interfaces/include/my_controller_interfaces/my_controller_interfaces/srv/detail
[0.367s] -- Up-to-date: /home/blackcayonbee/FRA501_6431_6475_WS/install/my_controller_interfaces/include/my_controller_interfaces/my_controller_interfaces/srv/detail/set_target__rosidl_typesupport_fastrtps_cpp.hpp
[0.367s] -- Up-to-date: /home/blackcayonbee/FRA501_6431_6475_WS/install/my_controller_interfaces/include/my_controller_interfaces/my_controller_interfaces/srv/detail/send_position__rosidl_typesupport_fastrtps_cpp.hpp
[0.367s] -- Up-to-date: /home/blackcayonbee/FRA501_6431_6475_WS/install/my_controller_interfaces/include/my_controller_interfaces/my_controller_interfaces/srv/detail/dds_fastrtps
[0.367s] -- Up-to-date: /home/blackcayonbee/FRA501_6431_6475_WS/install/my_controller_interfaces/lib/libmy_controller_interfaces__rosidl_typesupport_fastrtps_cpp.so
[0.368s] -- Up-to-date: /home/blackcayonbee/FRA501_6431_6475_WS/install/my_controller_interfaces/include/my_controller_interfaces/my_controller_interfaces
[0.368s] -- Up-to-date: /home/blackcayonbee/FRA501_6431_6475_WS/install/my_controller_interfaces/include/my_controller_interfaces/my_controller_interfaces/msg
[0.368s] -- Up-to-date: /home/blackcayonbee/FRA501_6431_6475_WS/install/my_controller_interfaces/include/my_controller_interfaces/my_controller_interfaces/msg/rosidl_typesupport_introspection_c__visibility_control.h
[0.368s] -- Up-to-date: /home/blackcayonbee/FRA501_6431_6475_WS/install/my_controller_interfaces/include/my_controller_interfaces/my_controller_interfaces/srv
[0.368s] -- Up-to-date: /home/blackcayonbee/FRA501_6431_6475_WS/install/my_controller_interfaces/include/my_controller_interfaces/my_controller_interfaces/srv/detail
[0.368s] -- Up-to-date: /home/blackcayonbee/FRA501_6431_6475_WS/install/my_controller_interfaces/include/my_controller_interfaces/my_controller_interfaces/srv/detail/set_target__rosidl_typesupport_introspection_c.h
[0.368s] -- Up-to-date: /home/blackcayonbee/FRA501_6431_6475_WS/install/my_controller_interfaces/include/my_controller_interfaces/my_controller_interfaces/srv/detail/send_position__type_support.c
[0.368s] -- Up-to-date: /home/blackcayonbee/FRA501_6431_6475_WS/install/my_controller_interfaces/include/my_controller_interfaces/my_controller_interfaces/srv/detail/set_target__type_support.c
[0.368s] -- Up-to-date: /home/blackcayonbee/FRA501_6431_6475_WS/install/my_controller_interfaces/include/my_controller_interfaces/my_controller_interfaces/srv/detail/send_position__rosidl_typesupport_introspection_c.h
[0.368s] -- Up-to-date: /home/blackcayonbee/FRA501_6431_6475_WS/install/my_controller_interfaces/lib/libmy_controller_interfaces__rosidl_typesupport_introspection_c.so
[0.368s] -- Up-to-date: /home/blackcayonbee/FRA501_6431_6475_WS/install/my_controller_interfaces/lib/libmy_controller_interfaces__rosidl_typesupport_c.so
[0.368s] -- Up-to-date: /home/blackcayonbee/FRA501_6431_6475_WS/install/my_controller_interfaces/include/my_controller_interfaces/my_controller_interfaces
[0.368s] -- Up-to-date: /home/blackcayonbee/FRA501_6431_6475_WS/install/my_controller_interfaces/include/my_controller_interfaces/my_controller_interfaces/srv
[0.368s] -- Up-to-date: /home/blackcayonbee/FRA501_6431_6475_WS/install/my_controller_interfaces/include/my_controller_interfaces/my_controller_interfaces/srv/detail
[0.368s] -- Up-to-date: /home/blackcayonbee/FRA501_6431_6475_WS/install/my_controller_interfaces/include/my_controller_interfaces/my_controller_interfaces/srv/detail/send_position__type_support.cpp
[0.368s] -- Up-to-date: /home/blackcayonbee/FRA501_6431_6475_WS/install/my_controller_interfaces/include/my_controller_interfaces/my_controller_interfaces/srv/detail/send_position__rosidl_typesupport_introspection_cpp.hpp
[0.368s] -- Up-to-date: /home/blackcayonbee/FRA501_6431_6475_WS/install/my_controller_interfaces/include/my_controller_interfaces/my_controller_interfaces/srv/detail/set_target__type_support.cpp
[0.368s] -- Up-to-date: /home/blackcayonbee/FRA501_6431_6475_WS/install/my_controller_interfaces/include/my_controller_interfaces/my_controller_interfaces/srv/detail/set_target__rosidl_typesupport_introspection_cpp.hpp
[0.368s] -- Up-to-date: /home/blackcayonbee/FRA501_6431_6475_WS/install/my_controller_interfaces/lib/libmy_controller_interfaces__rosidl_typesupport_introspection_cpp.so
[0.368s] -- Up-to-date: /home/blackcayonbee/FRA501_6431_6475_WS/install/my_controller_interfaces/lib/libmy_controller_interfaces__rosidl_typesupport_cpp.so
[0.370s] -- Up-to-date: /home/blackcayonbee/FRA501_6431_6475_WS/install/my_controller_interfaces/share/my_controller_interfaces/environment/pythonpath.sh
[0.370s] -- Up-to-date: /home/blackcayonbee/FRA501_6431_6475_WS/install/my_controller_interfaces/share/my_controller_interfaces/environment/pythonpath.dsv
[0.370s] -- Up-to-date: /home/blackcayonbee/FRA501_6431_6475_WS/install/my_controller_interfaces/local/lib/python3.10/dist-packages/my_controller_interfaces-0.0.0-py3.10.egg-info
[0.370s] -- Installing: /home/blackcayonbee/FRA501_6431_6475_WS/install/my_controller_interfaces/local/lib/python3.10/dist-packages/my_controller_interfaces-0.0.0-py3.10.egg-info/PKG-INFO
[0.370s] -- Installing: /home/blackcayonbee/FRA501_6431_6475_WS/install/my_controller_interfaces/local/lib/python3.10/dist-packages/my_controller_interfaces-0.0.0-py3.10.egg-info/SOURCES.txt
[0.370s] -- Installing: /home/blackcayonbee/FRA501_6431_6475_WS/install/my_controller_interfaces/local/lib/python3.10/dist-packages/my_controller_interfaces-0.0.0-py3.10.egg-info/dependency_links.txt
[0.370s] -- Installing: /home/blackcayonbee/FRA501_6431_6475_WS/install/my_controller_interfaces/local/lib/python3.10/dist-packages/my_controller_interfaces-0.0.0-py3.10.egg-info/top_level.txt
[0.370s] -- Up-to-date: /home/blackcayonbee/FRA501_6431_6475_WS/install/my_controller_interfaces/local/lib/python3.10/dist-packages/my_controller_interfaces
[0.370s] -- Up-to-date: /home/blackcayonbee/FRA501_6431_6475_WS/install/my_controller_interfaces/local/lib/python3.10/dist-packages/my_controller_interfaces/__init__.py
[0.370s] -- Up-to-date: /home/blackcayonbee/FRA501_6431_6475_WS/install/my_controller_interfaces/local/lib/python3.10/dist-packages/my_controller_interfaces/my_controller_interfaces_s__rosidl_typesupport_introspection_c.cpython-310-x86_64-linux-gnu.so
[0.372s] -- Up-to-date: /home/blackcayonbee/FRA501_6431_6475_WS/install/my_controller_interfaces/local/lib/python3.10/dist-packages/my_controller_interfaces/_my_controller_interfaces_s.ep.rosidl_typesupport_c.c
[0.372s] -- Up-to-date: /home/blackcayonbee/FRA501_6431_6475_WS/install/my_controller_interfaces/local/lib/python3.10/dist-packages/my_controller_interfaces/my_controller_interfaces_s__rosidl_typesupport_c.cpython-310-x86_64-linux-gnu.so
[0.372s] -- Up-to-date: /home/blackcayonbee/FRA501_6431_6475_WS/install/my_controller_interfaces/local/lib/python3.10/dist-packages/my_controller_interfaces/_my_controller_interfaces_s.ep.rosidl_typesupport_introspection_c.c
[0.372s] -- Up-to-date: /home/blackcayonbee/FRA501_6431_6475_WS/install/my_controller_interfaces/local/lib/python3.10/dist-packages/my_controller_interfaces/my_controller_interfaces_s__rosidl_typesupport_fastrtps_c.cpython-310-x86_64-linux-gnu.so
[0.372s] -- Up-to-date: /home/blackcayonbee/FRA501_6431_6475_WS/install/my_controller_interfaces/local/lib/python3.10/dist-packages/my_controller_interfaces/srv
[0.372s] -- Up-to-date: /home/blackcayonbee/FRA501_6431_6475_WS/install/my_controller_interfaces/local/lib/python3.10/dist-packages/my_controller_interfaces/srv/__init__.py
[0.372s] -- Up-to-date: /home/blackcayonbee/FRA501_6431_6475_WS/install/my_controller_interfaces/local/lib/python3.10/dist-packages/my_controller_interfaces/srv/_set_target.py
[0.372s] -- Up-to-date: /home/blackcayonbee/FRA501_6431_6475_WS/install/my_controller_interfaces/local/lib/python3.10/dist-packages/my_controller_interfaces/srv/_set_target_s.c
[0.372s] -- Up-to-date: /home/blackcayonbee/FRA501_6431_6475_WS/install/my_controller_interfaces/local/lib/python3.10/dist-packages/my_controller_interfaces/srv/_send_position_s.c
[0.372s] -- Up-to-date: /home/blackcayonbee/FRA501_6431_6475_WS/install/my_controller_interfaces/local/lib/python3.10/dist-packages/my_controller_interfaces/srv/_send_position.py
[0.372s] -- Up-to-date: /home/blackcayonbee/FRA501_6431_6475_WS/install/my_controller_interfaces/local/lib/python3.10/dist-packages/my_controller_interfaces/libmy_controller_interfaces__rosidl_generator_py.so
[0.373s] -- Up-to-date: /home/blackcayonbee/FRA501_6431_6475_WS/install/my_controller_interfaces/local/lib/python3.10/dist-packages/my_controller_interfaces/_my_controller_interfaces_s.ep.rosidl_typesupport_fastrtps_c.c
[0.388s] Listing '/home/blackcayonbee/FRA501_6431_6475_WS/install/my_controller_interfaces/local/lib/python3.10/dist-packages/my_controller_interfaces'...
[0.389s] Listing '/home/blackcayonbee/FRA501_6431_6475_WS/install/my_controller_interfaces/local/lib/python3.10/dist-packages/my_controller_interfaces/srv'...
[0.391s] -- Up-to-date: /home/blackcayonbee/FRA501_6431_6475_WS/install/my_controller_interfaces/local/lib/python3.10/dist-packages/my_controller_interfaces/my_controller_interfaces_s__rosidl_typesupport_fastrtps_c.cpython-310-x86_64-linux-gnu.so
[0.391s] -- Up-to-date: /home/blackcayonbee/FRA501_6431_6475_WS/install/my_controller_interfaces/local/lib/python3.10/dist-packages/my_controller_interfaces/my_controller_interfaces_s__rosidl_typesupport_introspection_c.cpython-310-x86_64-linux-gnu.so
[0.391s] -- Up-to-date: /home/blackcayonbee/FRA501_6431_6475_WS/install/my_controller_interfaces/local/lib/python3.10/dist-packages/my_controller_interfaces/my_controller_interfaces_s__rosidl_typesupport_c.cpython-310-x86_64-linux-gnu.so
[0.392s] -- Up-to-date: /home/blackcayonbee/FRA501_6431_6475_WS/install/my_controller_interfaces/lib/libmy_controller_interfaces__rosidl_generator_py.so
[0.392s] -- Up-to-date: /home/blackcayonbee/FRA501_6431_6475_WS/install/my_controller_interfaces/share/my_controller_interfaces/srv/SetTarget.idl
[0.392s] -- Up-to-date: /home/blackcayonbee/FRA501_6431_6475_WS/install/my_controller_interfaces/share/my_controller_interfaces/srv/SendPosition.idl
[0.392s] -- Up-to-date: /home/blackcayonbee/FRA501_6431_6475_WS/install/my_controller_interfaces/share/my_controller_interfaces/srv/SetTarget.srv
[0.392s] -- Up-to-date: /home/blackcayonbee/FRA501_6431_6475_WS/install/my_controller_interfaces/share/my_controller_interfaces/srv/SetTarget_Request.msg
[0.392s] -- Up-to-date: /home/blackcayonbee/FRA501_6431_6475_WS/install/my_controller_interfaces/share/my_controller_interfaces/srv/SetTarget_Response.msg
[0.392s] -- Up-to-date: /home/blackcayonbee/FRA501_6431_6475_WS/install/my_controller_interfaces/share/my_controller_interfaces/srv/SendPosition.srv
[0.392s] -- Up-to-date: /home/blackcayonbee/FRA501_6431_6475_WS/install/my_controller_interfaces/share/my_controller_interfaces/srv/SendPosition_Request.msg
[0.392s] -- Up-to-date: /home/blackcayonbee/FRA501_6431_6475_WS/install/my_controller_interfaces/share/my_controller_interfaces/srv/SendPosition_Response.msg
[0.392s] -- Up-to-date: /home/blackcayonbee/FRA501_6431_6475_WS/install/my_controller_interfaces/share/ament_index/resource_index/package_run_dependencies/my_controller_interfaces
[0.393s] -- Up-to-date: /home/blackcayonbee/FRA501_6431_6475_WS/install/my_controller_interfaces/share/ament_index/resource_index/parent_prefix_path/my_controller_interfaces
[0.393s] -- Up-to-date: /home/blackcayonbee/FRA501_6431_6475_WS/install/my_controller_interfaces/share/my_controller_interfaces/environment/ament_prefix_path.sh
[0.393s] -- Up-to-date: /home/blackcayonbee/FRA501_6431_6475_WS/install/my_controller_interfaces/share/my_controller_interfaces/environment/ament_prefix_path.dsv
[0.393s] -- Up-to-date: /home/blackcayonbee/FRA501_6431_6475_WS/install/my_controller_interfaces/share/my_controller_interfaces/environment/path.sh
[0.393s] -- Up-to-date: /home/blackcayonbee/FRA501_6431_6475_WS/install/my_controller_interfaces/share/my_controller_interfaces/environment/path.dsv
[0.393s] -- Up-to-date: /home/blackcayonbee/FRA501_6431_6475_WS/install/my_controller_interfaces/share/my_controller_interfaces/local_setup.bash
[0.393s] -- Up-to-date: /home/blackcayonbee/FRA501_6431_6475_WS/install/my_controller_interfaces/share/my_controller_interfaces/local_setup.sh
[0.393s] -- Up-to-date: /home/blackcayonbee/FRA501_6431_6475_WS/install/my_controller_interfaces/share/my_controller_interfaces/local_setup.zsh
[0.393s] -- Up-to-date: /home/blackcayonbee/FRA501_6431_6475_WS/install/my_controller_interfaces/share/my_controller_interfaces/local_setup.dsv
[0.393s] -- Installing: /home/blackcayonbee/FRA501_6431_6475_WS/install/my_controller_interfaces/share/my_controller_interfaces/package.dsv
[0.393s] -- Up-to-date: /home/blackcayonbee/FRA501_6431_6475_WS/install/my_controller_interfaces/share/ament_index/resource_index/packages/my_controller_interfaces
[0.393s] -- Up-to-date: /home/blackcayonbee/FRA501_6431_6475_WS/install/my_controller_interfaces/share/my_controller_interfaces/cmake/export_my_controller_interfaces__rosidl_generator_cExport.cmake
[0.393s] -- Up-to-date: /home/blackcayonbee/FRA501_6431_6475_WS/install/my_controller_interfaces/share/my_controller_interfaces/cmake/export_my_controller_interfaces__rosidl_generator_cExport-noconfig.cmake
[0.393s] -- Up-to-date: /home/blackcayonbee/FRA501_6431_6475_WS/install/my_controller_interfaces/share/my_controller_interfaces/cmake/export_my_controller_interfaces__rosidl_typesupport_fastrtps_cExport.cmake
[0.393s] -- Up-to-date: /home/blackcayonbee/FRA501_6431_6475_WS/install/my_controller_interfaces/share/my_controller_interfaces/cmake/export_my_controller_interfaces__rosidl_typesupport_fastrtps_cExport-noconfig.cmake
[0.393s] -- Up-to-date: /home/blackcayonbee/FRA501_6431_6475_WS/install/my_controller_interfaces/share/my_controller_interfaces/cmake/export_my_controller_interfaces__rosidl_generator_cppExport.cmake
[0.393s] -- Up-to-date: /home/blackcayonbee/FRA501_6431_6475_WS/install/my_controller_interfaces/share/my_controller_interfaces/cmake/export_my_controller_interfaces__rosidl_typesupport_fastrtps_cppExport.cmake
[0.394s] -- Up-to-date: /home/blackcayonbee/FRA501_6431_6475_WS/install/my_controller_interfaces/share/my_controller_interfaces/cmake/export_my_controller_interfaces__rosidl_typesupport_fastrtps_cppExport-noconfig.cmake
[0.394s] -- Up-to-date: /home/blackcayonbee/FRA501_6431_6475_WS/install/my_controller_interfaces/share/my_controller_interfaces/cmake/my_controller_interfaces__rosidl_typesupport_introspection_cExport.cmake
[0.394s] -- Up-to-date: /home/blackcayonbee/FRA501_6431_6475_WS/install/my_controller_interfaces/share/my_controller_interfaces/cmake/my_controller_interfaces__rosidl_typesupport_introspection_cExport-noconfig.cmake
[0.394s] -- Up-to-date: /home/blackcayonbee/FRA501_6431_6475_WS/install/my_controller_interfaces/share/my_controller_interfaces/cmake/my_controller_interfaces__rosidl_typesupport_cExport.cmake
[0.394s] -- Up-to-date: /home/blackcayonbee/FRA501_6431_6475_WS/install/my_controller_interfaces/share/my_controller_interfaces/cmake/my_controller_interfaces__rosidl_typesupport_cExport-noconfig.cmake
[0.394s] -- Up-to-date: /home/blackcayonbee/FRA501_6431_6475_WS/install/my_controller_interfaces/share/my_controller_interfaces/cmake/my_controller_interfaces__rosidl_typesupport_introspection_cppExport.cmake
[0.394s] -- Up-to-date: /home/blackcayonbee/FRA501_6431_6475_WS/install/my_controller_interfaces/share/my_controller_interfaces/cmake/my_controller_interfaces__rosidl_typesupport_introspection_cppExport-noconfig.cmake
[0.394s] -- Up-to-date: /home/blackcayonbee/FRA501_6431_6475_WS/install/my_controller_interfaces/share/my_controller_interfaces/cmake/my_controller_interfaces__rosidl_typesupport_cppExport.cmake
[0.394s] -- Up-to-date: /home/blackcayonbee/FRA501_6431_6475_WS/install/my_controller_interfaces/share/my_controller_interfaces/cmake/my_controller_interfaces__rosidl_typesupport_cppExport-noconfig.cmake
[0.394s] -- Up-to-date: /home/blackcayonbee/FRA501_6431_6475_WS/install/my_controller_interfaces/share/my_controller_interfaces/cmake/export_my_controller_interfaces__rosidl_generator_pyExport.cmake
[0.394s] -- Up-to-date: /home/blackcayonbee/FRA501_6431_6475_WS/install/my_controller_interfaces/share/my_controller_interfaces/cmake/export_my_controller_interfaces__rosidl_generator_pyExport-noconfig.cmake
[0.395s] -- Up-to-date: /home/blackcayonbee/FRA501_6431_6475_WS/install/my_controller_interfaces/share/my_controller_interfaces/cmake/rosidl_cmake-extras.cmake
[0.396s] -- Up-to-date: /home/blackcayonbee/FRA501_6431_6475_WS/install/my_controller_interfaces/share/my_controller_interfaces/cmake/ament_cmake_export_dependencies-extras.cmake
[0.397s] -- Up-to-date: /home/blackcayonbee/FRA501_6431_6475_WS/install/my_controller_interfaces/share/my_controller_interfaces/cmake/ament_cmake_export_include_directories-extras.cmake
[0.397s] -- Up-to-date: /home/blackcayonbee/FRA501_6431_6475_WS/install/my_controller_interfaces/share/my_controller_interfaces/cmake/ament_cmake_export_libraries-extras.cmake
[0.397s] -- Up-to-date: /home/blackcayonbee/FRA501_6431_6475_WS/install/my_controller_interfaces/share/my_controller_interfaces/cmake/ament_cmake_export_targets-extras.cmake
[0.397s] -- Up-to-date: /home/blackcayonbee/FRA501_6431_6475_WS/install/my_controller_interfaces/share/my_controller_interfaces/cmake/rosidl_cmake_export_typesupport_targets-extras.cmake
[0.397s] -- Up-to-date: /home/blackcayonbee/FRA501_6431_6475_WS/install/my_controller_interfaces/share/my_controller_interfaces/cmake/rosidl_cmake_export_typesupport_libraries-extras.cmake
[0.397s] -- Up-to-date: /home/blackcayonbee/FRA501_6431_6475_WS/install/my_controller_interfaces/share/my_controller_interfaces/cmake/my_controller_interfacesConfig.cmake
[0.397s] -- Up-to-date: /home/blackcayonbee/FRA501_6431_6475_WS/install/my_controller_interfaces/share/my_controller_interfaces/cmake/my_controller_interfacesConfig-version.cmake
[0.397s] -- Up-to-date: /home/blackcayonbee/FRA501_6431_6475_WS/install/my_controller_interfaces/share/my_controller_interfaces/package.xml
[0.397s] Invoked command in '/home/blackcayonbee/FRA501_6431_6475_WS/build/my_controller_interfaces' returned '0': CMAKE_PREFIX_PATH=${CMAKE_PREFIX_PATH}:/opt/ros/humble /usr/bin/cmake --install /home/blackcayonbee/FRA501_6431_6475_WS/build/my_controller_interfaces
