[0.013s] Invoking command in '/home/blackcayonbee/FRA501_6431_6475_WS/build/turtlesim_control': CMAKE_PREFIX_PATH=${CMAKE_PREFIX_PATH}:/opt/ros/humble /usr/bin/cmake --build /home/blackcayonbee/FRA501_6431_6475_WS/build/turtlesim_control -- -j16 -l16
[0.047s] Built target ament_cmake_python_copy_turtlesim_control
[0.234s] running egg_info
[0.235s] writing turtlesim_control.egg-info/PKG-INFO
[0.235s] writing dependency_links to turtlesim_control.egg-info/dependency_links.txt
[0.235s] writing top-level names to turtlesim_control.egg-info/top_level.txt
[0.237s] reading manifest file 'turtlesim_control.egg-info/SOURCES.txt'
[0.237s] writing manifest file 'turtlesim_control.egg-info/SOURCES.txt'
[0.262s] Built target ament_cmake_python_build_turtlesim_control_egg
[0.269s] Invoked command in '/home/blackcayonbee/FRA501_6431_6475_WS/build/turtlesim_control' returned '0': CMAKE_PREFIX_PATH=${CMAKE_PREFIX_PATH}:/opt/ros/humble /usr/bin/cmake --build /home/blackcayonbee/FRA501_6431_6475_WS/build/turtlesim_control -- -j16 -l16
[0.284s] Invoking command in '/home/blackcayonbee/FRA501_6431_6475_WS/build/turtlesim_control': CMAKE_PREFIX_PATH=${CMAKE_PREFIX_PATH}:/opt/ros/humble /usr/bin/cmake --install /home/blackcayonbee/FRA501_6431_6475_WS/build/turtlesim_control
[0.288s] -- Install configuration: ""
[0.288s] -- Up-to-date: /home/blackcayonbee/FRA501_6431_6475_WS/install/turtlesim_control/share/turtlesim_control/environment/pythonpath.sh
[0.288s] -- Up-to-date: /home/blackcayonbee/FRA501_6431_6475_WS/install/turtlesim_control/share/turtlesim_control/environment/pythonpath.dsv
[0.288s] -- Up-to-date: /home/blackcayonbee/FRA501_6431_6475_WS/install/turtlesim_control/local/lib/python3.10/dist-packages/turtlesim_control-0.0.0-py3.10.egg-info
[0.288s] -- Installing: /home/blackcayonbee/FRA501_6431_6475_WS/install/turtlesim_control/local/lib/python3.10/dist-packages/turtlesim_control-0.0.0-py3.10.egg-info/PKG-INFO
[0.288s] -- Installing: /home/blackcayonbee/FRA501_6431_6475_WS/install/turtlesim_control/local/lib/python3.10/dist-packages/turtlesim_control-0.0.0-py3.10.egg-info/SOURCES.txt
[0.288s] -- Installing: /home/blackcayonbee/FRA501_6431_6475_WS/install/turtlesim_control/local/lib/python3.10/dist-packages/turtlesim_control-0.0.0-py3.10.egg-info/dependency_links.txt
[0.288s] -- Installing: /home/blackcayonbee/FRA501_6431_6475_WS/install/turtlesim_control/local/lib/python3.10/dist-packages/turtlesim_control-0.0.0-py3.10.egg-info/top_level.txt
[0.289s] -- Up-to-date: /home/blackcayonbee/FRA501_6431_6475_WS/install/turtlesim_control/local/lib/python3.10/dist-packages/turtlesim_control
[0.289s] -- Up-to-date: /home/blackcayonbee/FRA501_6431_6475_WS/install/turtlesim_control/local/lib/python3.10/dist-packages/turtlesim_control/__init__.py
[0.289s] -- Up-to-date: /home/blackcayonbee/FRA501_6431_6475_WS/install/turtlesim_control/local/lib/python3.10/dist-packages/turtlesim_control/algorithm.py
[0.289s] -- Up-to-date: /home/blackcayonbee/FRA501_6431_6475_WS/install/turtlesim_control/local/lib/python3.10/dist-packages/turtlesim_control/ros2_interface.py
[0.311s] Listing '/home/blackcayonbee/FRA501_6431_6475_WS/install/turtlesim_control/local/lib/python3.10/dist-packages/turtlesim_control'...
[0.314s] -- Up-to-date: /home/blackcayonbee/FRA501_6431_6475_WS/install/turtlesim_control/lib/turtlesim_control/controller.py
[0.315s] -- Up-to-date: /home/blackcayonbee/FRA501_6431_6475_WS/install/turtlesim_control/lib/turtlesim_control/scheduler.py
[0.315s] -- Up-to-date: /home/blackcayonbee/FRA501_6431_6475_WS/install/turtlesim_control/lib/turtlesim_control/pizza_spawner_Foxy.py
[0.315s] -- Up-to-date: /home/blackcayonbee/FRA501_6431_6475_WS/install/turtlesim_control/lib/turtlesim_control/pizza_spawner_Humble.py
[0.315s] -- Up-to-date: /home/blackcayonbee/FRA501_6431_6475_WS/install/turtlesim_control/lib/turtlesim_control/pizza_spawner_Iron.py
[0.315s] -- Up-to-date: /home/blackcayonbee/FRA501_6431_6475_WS/install/turtlesim_control/lib/turtlesim_control/pizza_spawner_Noetic.py
[0.315s] -- Up-to-date: /home/blackcayonbee/FRA501_6431_6475_WS/install/turtlesim_control/share/turtlesim_control/via_point
[0.315s] -- Up-to-date: /home/blackcayonbee/FRA501_6431_6475_WS/install/turtlesim_control/share/turtlesim_control/via_point/via_point_Noetic.yaml
[0.315s] -- Up-to-date: /home/blackcayonbee/FRA501_6431_6475_WS/install/turtlesim_control/share/turtlesim_control/via_point/via_point_Iron.yaml
[0.315s] -- Up-to-date: /home/blackcayonbee/FRA501_6431_6475_WS/install/turtlesim_control/share/turtlesim_control/via_point/via_point_Humble.yaml
[0.315s] -- Up-to-date: /home/blackcayonbee/FRA501_6431_6475_WS/install/turtlesim_control/share/turtlesim_control/via_point/via_point_Foxy.yaml
[0.315s] -- Up-to-date: /home/blackcayonbee/FRA501_6431_6475_WS/install/turtlesim_control/share/turtlesim_control/launch
[0.315s] -- Up-to-date: /home/blackcayonbee/FRA501_6431_6475_WS/install/turtlesim_control/share/turtlesim_control/launch/launch_script.launch.py
[0.316s] -- Up-to-date: /home/blackcayonbee/FRA501_6431_6475_WS/install/turtlesim_control/share/ament_index/resource_index/package_run_dependencies/turtlesim_control
[0.316s] -- Up-to-date: /home/blackcayonbee/FRA501_6431_6475_WS/install/turtlesim_control/share/ament_index/resource_index/parent_prefix_path/turtlesim_control
[0.316s] -- Up-to-date: /home/blackcayonbee/FRA501_6431_6475_WS/install/turtlesim_control/share/turtlesim_control/environment/ament_prefix_path.sh
[0.316s] -- Up-to-date: /home/blackcayonbee/FRA501_6431_6475_WS/install/turtlesim_control/share/turtlesim_control/environment/ament_prefix_path.dsv
[0.316s] -- Up-to-date: /home/blackcayonbee/FRA501_6431_6475_WS/install/turtlesim_control/share/turtlesim_control/environment/path.sh
[0.316s] -- Up-to-date: /home/blackcayonbee/FRA501_6431_6475_WS/install/turtlesim_control/share/turtlesim_control/environment/path.dsv
[0.316s] -- Up-to-date: /home/blackcayonbee/FRA501_6431_6475_WS/install/turtlesim_control/share/turtlesim_control/local_setup.bash
[0.316s] -- Up-to-date: /home/blackcayonbee/FRA501_6431_6475_WS/install/turtlesim_control/share/turtlesim_control/local_setup.sh
[0.316s] -- Up-to-date: /home/blackcayonbee/FRA501_6431_6475_WS/install/turtlesim_control/share/turtlesim_control/local_setup.zsh
[0.316s] -- Up-to-date: /home/blackcayonbee/FRA501_6431_6475_WS/install/turtlesim_control/share/turtlesim_control/local_setup.dsv
[0.316s] -- Up-to-date: /home/blackcayonbee/FRA501_6431_6475_WS/install/turtlesim_control/share/turtlesim_control/package.dsv
[0.316s] -- Up-to-date: /home/blackcayonbee/FRA501_6431_6475_WS/install/turtlesim_control/share/ament_index/resource_index/packages/turtlesim_control
[0.316s] -- Up-to-date: /home/blackcayonbee/FRA501_6431_6475_WS/install/turtlesim_control/share/turtlesim_control/cmake/turtlesim_controlConfig.cmake
[0.317s] -- Up-to-date: /home/blackcayonbee/FRA501_6431_6475_WS/install/turtlesim_control/share/turtlesim_control/cmake/turtlesim_controlConfig-version.cmake
[0.317s] -- Up-to-date: /home/blackcayonbee/FRA501_6431_6475_WS/install/turtlesim_control/share/turtlesim_control/package.xml
[0.324s] Invoked command in '/home/blackcayonbee/FRA501_6431_6475_WS/build/turtlesim_control' returned '0': CMAKE_PREFIX_PATH=${CMAKE_PREFIX_PATH}:/opt/ros/humble /usr/bin/cmake --install /home/blackcayonbee/FRA501_6431_6475_WS/build/turtlesim_control
