[0.020s] Invoking command in '/home/blackcayonbee/FRA501_6431_6475_WS/build/my_controller': CMAKE_PREFIX_PATH=${CMAKE_PREFIX_PATH}:/opt/ros/humble /usr/bin/cmake /home/blackcayonbee/FRA501_6431_6475_WS/src/my_controller -DCMAKE_INSTALL_PREFIX=/home/blackcayonbee/FRA501_6431_6475_WS/install/my_controller
[0.056s] -- The C compiler identification is GNU 11.4.0
[0.092s] -- The CXX compiler identification is GNU 11.4.0
[0.097s] -- Detecting C compiler ABI info
[0.137s] -- Detecting C compiler ABI info - done
[0.146s] -- Check for working C compiler: /usr/bin/cc - skipped
[0.146s] -- Detecting C compile features
[0.146s] -- Detecting C compile features - done
[0.150s] -- Detecting CXX compiler ABI info
[0.202s] -- Detecting CXX compiler ABI info - done
[0.210s] -- Check for working CXX compiler: /usr/bin/c++ - skipped
[0.210s] -- Detecting CXX compile features
[0.211s] -- Detecting CXX compile features - done
[0.212s] -- Found ament_cmake: 1.3.5 (/opt/ros/humble/share/ament_cmake/cmake)
[0.335s] -- Found Python3: /usr/bin/python3.10 (found version "3.10.12") found components: Interpreter 
[0.396s] -- Found rclcpp: 16.0.5 (/opt/ros/humble/share/rclcpp/cmake)
[0.424s] -- Found rosidl_generator_c: 3.1.5 (/opt/ros/humble/share/rosidl_generator_c/cmake)
[0.428s] -- Found rosidl_adapter: 3.1.5 (/opt/ros/humble/share/rosidl_adapter/cmake)
[0.434s] -- Found rosidl_generator_cpp: 3.1.5 (/opt/ros/humble/share/rosidl_generator_cpp/cmake)
[0.444s] -- Using all available rosidl_typesupport_c: rosidl_typesupport_fastrtps_c;rosidl_typesupport_introspection_c
[0.458s] -- Using all available rosidl_typesupport_cpp: rosidl_typesupport_fastrtps_cpp;rosidl_typesupport_introspection_cpp
[0.508s] -- Found rmw_implementation_cmake: 6.1.1 (/opt/ros/humble/share/rmw_implementation_cmake/cmake)
[0.510s] -- Found rmw_fastrtps_cpp: 6.2.3 (/opt/ros/humble/share/rmw_fastrtps_cpp/cmake)
[0.572s] -- Found OpenSSL: /usr/lib/x86_64-linux-gnu/libcrypto.so (found version "3.0.2")  
[0.590s] -- Found FastRTPS: /opt/ros/humble/include  
[0.622s] -- Using RMW implementation 'rmw_fastrtps_cpp' as default
[0.629s] -- Looking for pthread.h
[0.676s] -- Looking for pthread.h - found
[0.676s] -- Performing Test CMAKE_HAVE_LIBC_PTHREAD
[0.723s] -- Performing Test CMAKE_HAVE_LIBC_PTHREAD - Success
[0.723s] -- Found Threads: TRUE  
[0.835s] -- Found rclpy: 3.3.9 (/opt/ros/humble/share/rclpy/cmake)
[0.941s] -- Configuring done
[0.947s] -- Generating done
[0.948s] -- Build files have been written to: /home/blackcayonbee/FRA501_6431_6475_WS/build/my_controller
[0.955s] Invoked command in '/home/blackcayonbee/FRA501_6431_6475_WS/build/my_controller' returned '0': CMAKE_PREFIX_PATH=${CMAKE_PREFIX_PATH}:/opt/ros/humble /usr/bin/cmake /home/blackcayonbee/FRA501_6431_6475_WS/src/my_controller -DCMAKE_INSTALL_PREFIX=/home/blackcayonbee/FRA501_6431_6475_WS/install/my_controller
[0.956s] Invoking command in '/home/blackcayonbee/FRA501_6431_6475_WS/build/my_controller': CMAKE_PREFIX_PATH=${CMAKE_PREFIX_PATH}:/opt/ros/humble /usr/bin/cmake --build /home/blackcayonbee/FRA501_6431_6475_WS/build/my_controller -- -j16 -l16
[0.989s] [ 50%] [32mBuilding CXX object CMakeFiles/cpp_node_test.dir/src/cpp_node.cpp.o[0m
[0.995s] [ 50%] Built target ament_cmake_python_copy_my_controller
[1.165s] running egg_info
[1.165s] creating my_controller.egg-info
[1.166s] writing my_controller.egg-info/PKG-INFO
[1.166s] writing dependency_links to my_controller.egg-info/dependency_links.txt
[1.166s] writing top-level names to my_controller.egg-info/top_level.txt
[1.166s] writing manifest file 'my_controller.egg-info/SOURCES.txt'
[1.168s] reading manifest file 'my_controller.egg-info/SOURCES.txt'
[1.168s] writing manifest file 'my_controller.egg-info/SOURCES.txt'
[1.171s] [100%] [32m[1mLinking CXX executable cpp_node_test[0m
[1.198s] [100%] Built target ament_cmake_python_build_my_controller_egg
[1.237s] [100%] Built target cpp_node_test
[1.245s] Invoked command in '/home/blackcayonbee/FRA501_6431_6475_WS/build/my_controller' returned '0': CMAKE_PREFIX_PATH=${CMAKE_PREFIX_PATH}:/opt/ros/humble /usr/bin/cmake --build /home/blackcayonbee/FRA501_6431_6475_WS/build/my_controller -- -j16 -l16
[1.268s] Invoking command in '/home/blackcayonbee/FRA501_6431_6475_WS/build/my_controller': CMAKE_PREFIX_PATH=${CMAKE_PREFIX_PATH}:/opt/ros/humble /usr/bin/cmake --install /home/blackcayonbee/FRA501_6431_6475_WS/build/my_controller
[1.272s] -- Install configuration: ""
[1.272s] -- Installing: /home/blackcayonbee/FRA501_6431_6475_WS/install/my_controller/share/my_controller/environment/pythonpath.sh
[1.272s] -- Installing: /home/blackcayonbee/FRA501_6431_6475_WS/install/my_controller/share/my_controller/environment/pythonpath.dsv
[1.272s] -- Installing: /home/blackcayonbee/FRA501_6431_6475_WS/install/my_controller/local/lib/python3.10/dist-packages/my_controller-0.0.0-py3.10.egg-info
[1.272s] -- Installing: /home/blackcayonbee/FRA501_6431_6475_WS/install/my_controller/local/lib/python3.10/dist-packages/my_controller-0.0.0-py3.10.egg-info/PKG-INFO
[1.272s] -- Installing: /home/blackcayonbee/FRA501_6431_6475_WS/install/my_controller/local/lib/python3.10/dist-packages/my_controller-0.0.0-py3.10.egg-info/SOURCES.txt
[1.272s] -- Installing: /home/blackcayonbee/FRA501_6431_6475_WS/install/my_controller/local/lib/python3.10/dist-packages/my_controller-0.0.0-py3.10.egg-info/dependency_links.txt
[1.272s] -- Installing: /home/blackcayonbee/FRA501_6431_6475_WS/install/my_controller/local/lib/python3.10/dist-packages/my_controller-0.0.0-py3.10.egg-info/top_level.txt
[1.273s] -- Installing: /home/blackcayonbee/FRA501_6431_6475_WS/install/my_controller/local/lib/python3.10/dist-packages/my_controller
[1.273s] -- Installing: /home/blackcayonbee/FRA501_6431_6475_WS/install/my_controller/local/lib/python3.10/dist-packages/my_controller/__init__.py
[1.273s] -- Installing: /home/blackcayonbee/FRA501_6431_6475_WS/install/my_controller/local/lib/python3.10/dist-packages/my_controller/dummy_module.py
[1.296s] Listing '/home/blackcayonbee/FRA501_6431_6475_WS/install/my_controller/local/lib/python3.10/dist-packages/my_controller'...
[1.297s] Compiling '/home/blackcayonbee/FRA501_6431_6475_WS/install/my_controller/local/lib/python3.10/dist-packages/my_controller/__init__.py'...
[1.297s] Compiling '/home/blackcayonbee/FRA501_6431_6475_WS/install/my_controller/local/lib/python3.10/dist-packages/my_controller/dummy_module.py'...
[1.300s] -- Installing: /home/blackcayonbee/FRA501_6431_6475_WS/install/my_controller/lib/my_controller/dummy_script.py
[1.300s] -- Installing: /home/blackcayonbee/FRA501_6431_6475_WS/install/my_controller/lib/my_controller/my_controller.py
[1.300s] -- Installing: /home/blackcayonbee/FRA501_6431_6475_WS/install/my_controller/lib/my_controller/cpp_node_test
[1.301s] -- Set runtime path of "/home/blackcayonbee/FRA501_6431_6475_WS/install/my_controller/lib/my_controller/cpp_node_test" to ""
[1.301s] -- Up-to-date: /home/blackcayonbee/FRA501_6431_6475_WS/install/my_controller/share/my_controller
[1.301s] -- Installing: /home/blackcayonbee/FRA501_6431_6475_WS/install/my_controller/share/ament_index/resource_index/package_run_dependencies/my_controller
[1.301s] -- Installing: /home/blackcayonbee/FRA501_6431_6475_WS/install/my_controller/share/ament_index/resource_index/parent_prefix_path/my_controller
[1.301s] -- Installing: /home/blackcayonbee/FRA501_6431_6475_WS/install/my_controller/share/my_controller/environment/ament_prefix_path.sh
[1.301s] -- Installing: /home/blackcayonbee/FRA501_6431_6475_WS/install/my_controller/share/my_controller/environment/ament_prefix_path.dsv
[1.301s] -- Installing: /home/blackcayonbee/FRA501_6431_6475_WS/install/my_controller/share/my_controller/environment/path.sh
[1.301s] -- Installing: /home/blackcayonbee/FRA501_6431_6475_WS/install/my_controller/share/my_controller/environment/path.dsv
[1.301s] -- Installing: /home/blackcayonbee/FRA501_6431_6475_WS/install/my_controller/share/my_controller/local_setup.bash
[1.301s] -- Installing: /home/blackcayonbee/FRA501_6431_6475_WS/install/my_controller/share/my_controller/local_setup.sh
[1.301s] -- Installing: /home/blackcayonbee/FRA501_6431_6475_WS/install/my_controller/share/my_controller/local_setup.zsh
[1.302s] -- Installing: /home/blackcayonbee/FRA501_6431_6475_WS/install/my_controller/share/my_controller/local_setup.dsv
[1.302s] -- Installing: /home/blackcayonbee/FRA501_6431_6475_WS/install/my_controller/share/my_controller/package.dsv
[1.302s] -- Installing: /home/blackcayonbee/FRA501_6431_6475_WS/install/my_controller/share/ament_index/resource_index/packages/my_controller
[1.302s] -- Installing: /home/blackcayonbee/FRA501_6431_6475_WS/install/my_controller/share/my_controller/cmake/my_controllerConfig.cmake
[1.302s] -- Installing: /home/blackcayonbee/FRA501_6431_6475_WS/install/my_controller/share/my_controller/cmake/my_controllerConfig-version.cmake
[1.302s] -- Installing: /home/blackcayonbee/FRA501_6431_6475_WS/install/my_controller/share/my_controller/package.xml
[1.303s] Invoked command in '/home/blackcayonbee/FRA501_6431_6475_WS/build/my_controller' returned '0': CMAKE_PREFIX_PATH=${CMAKE_PREFIX_PATH}:/opt/ros/humble /usr/bin/cmake --install /home/blackcayonbee/FRA501_6431_6475_WS/build/my_controller
