[0.010s] Invoking command in '/home/blackcayonbee/FRA501_6431_6475_WS/build/turtlesim_interfaces': CMAKE_PREFIX_PATH=${CMAKE_PREFIX_PATH}:/opt/ros/humble /usr/bin/cmake /home/blackcayonbee/FRA501_6431_6475_WS/src/turtlesim_interfaces -DCMAKE_INSTALL_PREFIX=/home/blackcayonbee/FRA501_6431_6475_WS/install/turtlesim_interfaces
[0.040s] -- The C compiler identification is GNU 11.4.0
[0.075s] -- The CXX compiler identification is GNU 11.4.0
[0.080s] -- Detecting C compiler ABI info
[0.123s] -- Detecting C compiler ABI info - done
[0.131s] -- Check for working C compiler: /usr/bin/cc - skipped
[0.132s] -- Detecting C compile features
[0.132s] -- Detecting C compile features - done
[0.135s] -- Detecting CXX compiler ABI info
[0.187s] -- Detecting CXX compiler ABI info - done
[0.192s] -- Check for working CXX compiler: /usr/bin/c++ - skipped
[0.192s] -- Detecting CXX compile features
[0.193s] -- Detecting CXX compile features - done
[0.194s] -- Found ament_cmake: 1.3.5 (/opt/ros/humble/share/ament_cmake/cmake)
[0.317s] -- Found Python3: /usr/bin/python3.10 (found version "3.10.12") found components: Interpreter 
[0.378s] -- Found ament_lint_auto: 0.12.7 (/opt/ros/humble/share/ament_lint_auto/cmake)
[0.430s] -- Found geometry_msgs: 4.2.3 (/opt/ros/humble/share/geometry_msgs/cmake)
[0.455s] -- Found rosidl_generator_c: 3.1.5 (/opt/ros/humble/share/rosidl_generator_c/cmake)
[0.458s] -- Found rosidl_adapter: 3.1.5 (/opt/ros/humble/share/rosidl_adapter/cmake)
[0.464s] -- Found rosidl_generator_cpp: 3.1.5 (/opt/ros/humble/share/rosidl_generator_cpp/cmake)
[0.473s] -- Using all available rosidl_typesupport_c: rosidl_typesupport_fastrtps_c;rosidl_typesupport_introspection_c
[0.486s] -- Using all available rosidl_typesupport_cpp: rosidl_typesupport_fastrtps_cpp;rosidl_typesupport_introspection_cpp
[0.570s] -- Found rosidl_default_generators: 1.2.0 (/opt/ros/humble/share/rosidl_default_generators/cmake)
[0.728s] -- Found ament_cmake_ros: 0.10.0 (/opt/ros/humble/share/ament_cmake_ros/cmake)
[1.024s] -- Using all available rosidl_typesupport_c: rosidl_typesupport_fastrtps_c;rosidl_typesupport_introspection_c
[1.138s] -- Using all available rosidl_typesupport_cpp: rosidl_typesupport_fastrtps_cpp;rosidl_typesupport_introspection_cpp
[1.155s] -- Found PythonInterp: /usr/bin/python3 (found suitable version "3.10.12", minimum required is "3.6") 
[1.156s] -- Found python_cmake_module: 0.10.0 (/opt/ros/humble/share/python_cmake_module/cmake)
[1.177s] -- Found PythonLibs: /usr/lib/x86_64-linux-gnu/libpython3.10.so (found suitable version "3.10.12", minimum required is "3.5") 
[1.177s] -- Using PYTHON_EXECUTABLE: /usr/bin/python3
[1.177s] -- Using PYTHON_INCLUDE_DIRS: /usr/include/python3.10
[1.178s] -- Using PYTHON_LIBRARIES: /usr/lib/x86_64-linux-gnu/libpython3.10.so
[1.194s] -- Found PythonExtra: .so  
[1.236s] -- Added test 'lint_cmake' to check CMake code style
[1.237s] -- Added test 'xmllint' to check XML markup files
[1.241s] -- Configuring done
[1.261s] -- Generating done
[1.263s] -- Build files have been written to: /home/blackcayonbee/FRA501_6431_6475_WS/build/turtlesim_interfaces
[1.275s] Invoked command in '/home/blackcayonbee/FRA501_6431_6475_WS/build/turtlesim_interfaces' returned '0': CMAKE_PREFIX_PATH=${CMAKE_PREFIX_PATH}:/opt/ros/humble /usr/bin/cmake /home/blackcayonbee/FRA501_6431_6475_WS/src/turtlesim_interfaces -DCMAKE_INSTALL_PREFIX=/home/blackcayonbee/FRA501_6431_6475_WS/install/turtlesim_interfaces
[1.276s] Invoking command in '/home/blackcayonbee/FRA501_6431_6475_WS/build/turtlesim_interfaces': CMAKE_PREFIX_PATH=${CMAKE_PREFIX_PATH}:/opt/ros/humble /usr/bin/cmake --build /home/blackcayonbee/FRA501_6431_6475_WS/build/turtlesim_interfaces -- -j16 -l16
[1.304s] [  3%] [34m[1mGenerating C code for ROS interfaces[0m
[1.310s] [  6%] [34m[1mGenerating C++ code for ROS interfaces[0m
[1.316s] [  6%] Built target ament_cmake_python_copy_turtlesim_interfaces
[1.487s] running egg_info
[1.487s] creating turtlesim_interfaces.egg-info
[1.487s] writing turtlesim_interfaces.egg-info/PKG-INFO
[1.487s] writing dependency_links to turtlesim_interfaces.egg-info/dependency_links.txt
[1.488s] writing top-level names to turtlesim_interfaces.egg-info/top_level.txt
[1.488s] writing manifest file 'turtlesim_interfaces.egg-info/SOURCES.txt'
[1.489s] reading manifest file 'turtlesim_interfaces.egg-info/SOURCES.txt'
[1.490s] writing manifest file 'turtlesim_interfaces.egg-info/SOURCES.txt'
[1.500s] [  9%] [32mBuilding C object CMakeFiles/turtlesim_interfaces__rosidl_generator_c.dir/rosidl_generator_c/turtlesim_interfaces/srv/detail/send_position__functions.c.o[0m
[1.509s] [  9%] Built target turtlesim_interfaces__cpp
[1.517s] [ 19%] [34m[1mGenerating C++ introspection for ROS interfaces[0m
[1.517s] [ 19%] [34m[1mGenerating C++ type support dispatch for ROS interfaces[0m
[1.517s] [ 19%] [34m[1mGenerating C++ type support for eProsima Fast-RTPS[0m
[1.522s] [ 19%] Built target ament_cmake_python_build_turtlesim_interfaces_egg
[1.540s] [ 22%] [32m[1mLinking C shared library libturtlesim_interfaces__rosidl_generator_c.so[0m
[1.579s] [ 22%] Built target turtlesim_interfaces__rosidl_generator_c
[1.590s] [ 32%] [34m[1mGenerating C type support for eProsima Fast-RTPS[0m
[1.591s] [ 32%] [34m[1mGenerating C introspection for ROS interfaces[0m
[1.591s] [ 32%] [34m[1mGenerating C type support dispatch for ROS interfaces[0m
[1.716s] [ 35%] [32mBuilding CXX object CMakeFiles/turtlesim_interfaces__rosidl_typesupport_introspection_cpp.dir/rosidl_typesupport_introspection_cpp/turtlesim_interfaces/srv/detail/send_position__type_support.cpp.o[0m
[1.724s] [ 38%] [32mBuilding CXX object CMakeFiles/turtlesim_interfaces__rosidl_typesupport_fastrtps_cpp.dir/rosidl_typesupport_fastrtps_cpp/turtlesim_interfaces/srv/detail/dds_fastrtps/send_position__type_support.cpp.o[0m
[1.774s] [ 41%] [32mBuilding CXX object CMakeFiles/turtlesim_interfaces__rosidl_typesupport_cpp.dir/rosidl_typesupport_cpp/turtlesim_interfaces/srv/send_position__type_support.cpp.o[0m
[1.836s] [ 45%] [32mBuilding CXX object CMakeFiles/turtlesim_interfaces__rosidl_typesupport_c.dir/rosidl_typesupport_c/turtlesim_interfaces/srv/send_position__type_support.cpp.o[0m
[1.861s] [ 48%] [32m[1mLinking CXX shared library libturtlesim_interfaces__rosidl_typesupport_c.so[0m
[1.905s] [ 51%] Built target turtlesim_interfaces__rosidl_typesupport_c
[1.905s] [ 51%] [32mBuilding CXX object CMakeFiles/turtlesim_interfaces__rosidl_typesupport_fastrtps_c.dir/rosidl_typesupport_fastrtps_c/turtlesim_interfaces/srv/detail/send_position__type_support_c.cpp.o[0m
[1.923s] [ 54%] [32mBuilding C object CMakeFiles/turtlesim_interfaces__rosidl_typesupport_introspection_c.dir/rosidl_typesupport_introspection_c/turtlesim_interfaces/srv/detail/send_position__type_support.c.o[0m
[1.970s] [ 58%] [32m[1mLinking C shared library libturtlesim_interfaces__rosidl_typesupport_introspection_c.so[0m
[2.010s] [ 58%] Built target turtlesim_interfaces__rosidl_typesupport_introspection_c
[2.049s] [ 61%] [32m[1mLinking CXX shared library libturtlesim_interfaces__rosidl_typesupport_introspection_cpp.so[0m
[2.088s] [ 64%] [32m[1mLinking CXX shared library libturtlesim_interfaces__rosidl_typesupport_cpp.so[0m
[2.121s] [ 64%] Built target turtlesim_interfaces__rosidl_typesupport_cpp
[2.143s] [ 64%] Built target turtlesim_interfaces__rosidl_typesupport_introspection_cpp
[2.150s] [ 67%] [32m[1mLinking CXX shared library libturtlesim_interfaces__rosidl_typesupport_fastrtps_cpp.so[0m
[2.211s] [ 67%] Built target turtlesim_interfaces__rosidl_typesupport_fastrtps_cpp
[2.243s] [ 70%] [32m[1mLinking CXX shared library libturtlesim_interfaces__rosidl_typesupport_fastrtps_c.so[0m
[2.305s] [ 70%] Built target turtlesim_interfaces__rosidl_typesupport_fastrtps_c
[2.319s] [ 70%] Built target turtlesim_interfaces
[2.333s] [ 74%] [34m[1mGenerating Python code for ROS interfaces[0m
[2.563s] [ 74%] Built target turtlesim_interfaces__py
[2.575s] [ 77%] [32mBuilding C object CMakeFiles/turtlesim_interfaces__rosidl_generator_py.dir/rosidl_generator_py/turtlesim_interfaces/srv/_send_position_s.c.o[0m
[2.639s] [ 80%] [32m[1mLinking C shared library rosidl_generator_py/turtlesim_interfaces/libturtlesim_interfaces__rosidl_generator_py.so[0m
[2.666s] [ 80%] Built target turtlesim_interfaces__rosidl_generator_py
[2.680s] [ 90%] [32mBuilding C object CMakeFiles/turtlesim_interfaces__rosidl_typesupport_fastrtps_c__pyext.dir/rosidl_generator_py/turtlesim_interfaces/_turtlesim_interfaces_s.ep.rosidl_typesupport_fastrtps_c.c.o[0m
[2.680s] [ 90%] [32mBuilding C object CMakeFiles/turtlesim_interfaces__rosidl_typesupport_c__pyext.dir/rosidl_generator_py/turtlesim_interfaces/_turtlesim_interfaces_s.ep.rosidl_typesupport_c.c.o[0m
[2.680s] [ 90%] [32mBuilding C object CMakeFiles/turtlesim_interfaces__rosidl_typesupport_introspection_c__pyext.dir/rosidl_generator_py/turtlesim_interfaces/_turtlesim_interfaces_s.ep.rosidl_typesupport_introspection_c.c.o[0m
[2.743s] [100%] [32m[1mLinking C shared library rosidl_generator_py/turtlesim_interfaces/turtlesim_interfaces_s__rosidl_typesupport_c.cpython-310-x86_64-linux-gnu.so[0m
[2.743s] [100%] [32m[1mLinking C shared library rosidl_generator_py/turtlesim_interfaces/turtlesim_interfaces_s__rosidl_typesupport_fastrtps_c.cpython-310-x86_64-linux-gnu.so[0m
[2.743s] [100%] [32m[1mLinking C shared library rosidl_generator_py/turtlesim_interfaces/turtlesim_interfaces_s__rosidl_typesupport_introspection_c.cpython-310-x86_64-linux-gnu.so[0m
[2.770s] [100%] Built target turtlesim_interfaces__rosidl_typesupport_fastrtps_c__pyext
[2.771s] [100%] Built target turtlesim_interfaces__rosidl_typesupport_introspection_c__pyext
[2.771s] [100%] Built target turtlesim_interfaces__rosidl_typesupport_c__pyext
[2.778s] Invoked command in '/home/blackcayonbee/FRA501_6431_6475_WS/build/turtlesim_interfaces' returned '0': CMAKE_PREFIX_PATH=${CMAKE_PREFIX_PATH}:/opt/ros/humble /usr/bin/cmake --build /home/blackcayonbee/FRA501_6431_6475_WS/build/turtlesim_interfaces -- -j16 -l16
[2.813s] Invoking command in '/home/blackcayonbee/FRA501_6431_6475_WS/build/turtlesim_interfaces': CMAKE_PREFIX_PATH=${CMAKE_PREFIX_PATH}:/opt/ros/humble /usr/bin/cmake --install /home/blackcayonbee/FRA501_6431_6475_WS/build/turtlesim_interfaces
[2.819s] -- Install configuration: ""
[2.819s] -- Installing: /home/blackcayonbee/FRA501_6431_6475_WS/install/turtlesim_interfaces/share/ament_index/resource_index/rosidl_interfaces/turtlesim_interfaces
[2.819s] -- Installing: /home/blackcayonbee/FRA501_6431_6475_WS/install/turtlesim_interfaces/include/turtlesim_interfaces/turtlesim_interfaces
[2.819s] -- Installing: /home/blackcayonbee/FRA501_6431_6475_WS/install/turtlesim_interfaces/include/turtlesim_interfaces/turtlesim_interfaces/msg
[2.819s] -- Installing: /home/blackcayonbee/FRA501_6431_6475_WS/install/turtlesim_interfaces/include/turtlesim_interfaces/turtlesim_interfaces/msg/rosidl_generator_c__visibility_control.h
[2.819s] -- Installing: /home/blackcayonbee/FRA501_6431_6475_WS/install/turtlesim_interfaces/include/turtlesim_interfaces/turtlesim_interfaces/srv
[2.819s] -- Installing: /home/blackcayonbee/FRA501_6431_6475_WS/install/turtlesim_interfaces/include/turtlesim_interfaces/turtlesim_interfaces/srv/detail
[2.819s] -- Installing: /home/blackcayonbee/FRA501_6431_6475_WS/install/turtlesim_interfaces/include/turtlesim_interfaces/turtlesim_interfaces/srv/detail/send_position__type_support.h
[2.819s] -- Installing: /home/blackcayonbee/FRA501_6431_6475_WS/install/turtlesim_interfaces/include/turtlesim_interfaces/turtlesim_interfaces/srv/detail/send_position__functions.h
[2.820s] -- Installing: /home/blackcayonbee/FRA501_6431_6475_WS/install/turtlesim_interfaces/include/turtlesim_interfaces/turtlesim_interfaces/srv/detail/send_position__functions.c
[2.820s] -- Installing: /home/blackcayonbee/FRA501_6431_6475_WS/install/turtlesim_interfaces/include/turtlesim_interfaces/turtlesim_interfaces/srv/detail/send_position__struct.h
[2.820s] -- Installing: /home/blackcayonbee/FRA501_6431_6475_WS/install/turtlesim_interfaces/include/turtlesim_interfaces/turtlesim_interfaces/srv/send_position.h
[2.820s] -- Installing: /home/blackcayonbee/FRA501_6431_6475_WS/install/turtlesim_interfaces/share/turtlesim_interfaces/environment/library_path.sh
[2.820s] -- Installing: /home/blackcayonbee/FRA501_6431_6475_WS/install/turtlesim_interfaces/share/turtlesim_interfaces/environment/library_path.dsv
[2.820s] -- Installing: /home/blackcayonbee/FRA501_6431_6475_WS/install/turtlesim_interfaces/lib/libturtlesim_interfaces__rosidl_generator_c.so
[2.820s] -- Set runtime path of "/home/blackcayonbee/FRA501_6431_6475_WS/install/turtlesim_interfaces/lib/libturtlesim_interfaces__rosidl_generator_c.so" to ""
[2.820s] -- Up-to-date: /home/blackcayonbee/FRA501_6431_6475_WS/install/turtlesim_interfaces/include/turtlesim_interfaces/turtlesim_interfaces
[2.820s] -- Up-to-date: /home/blackcayonbee/FRA501_6431_6475_WS/install/turtlesim_interfaces/include/turtlesim_interfaces/turtlesim_interfaces/msg
[2.820s] -- Installing: /home/blackcayonbee/FRA501_6431_6475_WS/install/turtlesim_interfaces/include/turtlesim_interfaces/turtlesim_interfaces/msg/rosidl_typesupport_fastrtps_c__visibility_control.h
[2.820s] -- Up-to-date: /home/blackcayonbee/FRA501_6431_6475_WS/install/turtlesim_interfaces/include/turtlesim_interfaces/turtlesim_interfaces/srv
[2.820s] -- Up-to-date: /home/blackcayonbee/FRA501_6431_6475_WS/install/turtlesim_interfaces/include/turtlesim_interfaces/turtlesim_interfaces/srv/detail
[2.820s] -- Installing: /home/blackcayonbee/FRA501_6431_6475_WS/install/turtlesim_interfaces/include/turtlesim_interfaces/turtlesim_interfaces/srv/detail/send_position__rosidl_typesupport_fastrtps_c.h
[2.820s] -- Installing: /home/blackcayonbee/FRA501_6431_6475_WS/install/turtlesim_interfaces/lib/libturtlesim_interfaces__rosidl_typesupport_fastrtps_c.so
[2.820s] -- Set runtime path of "/home/blackcayonbee/FRA501_6431_6475_WS/install/turtlesim_interfaces/lib/libturtlesim_interfaces__rosidl_typesupport_fastrtps_c.so" to ""
[2.821s] -- Up-to-date: /home/blackcayonbee/FRA501_6431_6475_WS/install/turtlesim_interfaces/include/turtlesim_interfaces/turtlesim_interfaces
[2.821s] -- Up-to-date: /home/blackcayonbee/FRA501_6431_6475_WS/install/turtlesim_interfaces/include/turtlesim_interfaces/turtlesim_interfaces/srv
[2.821s] -- Up-to-date: /home/blackcayonbee/FRA501_6431_6475_WS/install/turtlesim_interfaces/include/turtlesim_interfaces/turtlesim_interfaces/srv/detail
[2.821s] -- Installing: /home/blackcayonbee/FRA501_6431_6475_WS/install/turtlesim_interfaces/include/turtlesim_interfaces/turtlesim_interfaces/srv/detail/send_position__traits.hpp
[2.821s] -- Installing: /home/blackcayonbee/FRA501_6431_6475_WS/install/turtlesim_interfaces/include/turtlesim_interfaces/turtlesim_interfaces/srv/detail/send_position__builder.hpp
[2.821s] -- Installing: /home/blackcayonbee/FRA501_6431_6475_WS/install/turtlesim_interfaces/include/turtlesim_interfaces/turtlesim_interfaces/srv/detail/send_position__struct.hpp
[2.821s] -- Installing: /home/blackcayonbee/FRA501_6431_6475_WS/install/turtlesim_interfaces/include/turtlesim_interfaces/turtlesim_interfaces/srv/send_position.hpp
[2.821s] -- Up-to-date: /home/blackcayonbee/FRA501_6431_6475_WS/install/turtlesim_interfaces/include/turtlesim_interfaces/turtlesim_interfaces
[2.821s] -- Up-to-date: /home/blackcayonbee/FRA501_6431_6475_WS/install/turtlesim_interfaces/include/turtlesim_interfaces/turtlesim_interfaces/msg
[2.821s] -- Installing: /home/blackcayonbee/FRA501_6431_6475_WS/install/turtlesim_interfaces/include/turtlesim_interfaces/turtlesim_interfaces/msg/rosidl_typesupport_fastrtps_cpp__visibility_control.h
[2.821s] -- Up-to-date: /home/blackcayonbee/FRA501_6431_6475_WS/install/turtlesim_interfaces/include/turtlesim_interfaces/turtlesim_interfaces/srv
[2.821s] -- Up-to-date: /home/blackcayonbee/FRA501_6431_6475_WS/install/turtlesim_interfaces/include/turtlesim_interfaces/turtlesim_interfaces/srv/detail
[2.821s] -- Installing: /home/blackcayonbee/FRA501_6431_6475_WS/install/turtlesim_interfaces/include/turtlesim_interfaces/turtlesim_interfaces/srv/detail/send_position__rosidl_typesupport_fastrtps_cpp.hpp
[2.821s] -- Installing: /home/blackcayonbee/FRA501_6431_6475_WS/install/turtlesim_interfaces/include/turtlesim_interfaces/turtlesim_interfaces/srv/detail/dds_fastrtps
[2.821s] -- Installing: /home/blackcayonbee/FRA501_6431_6475_WS/install/turtlesim_interfaces/lib/libturtlesim_interfaces__rosidl_typesupport_fastrtps_cpp.so
[2.822s] -- Set runtime path of "/home/blackcayonbee/FRA501_6431_6475_WS/install/turtlesim_interfaces/lib/libturtlesim_interfaces__rosidl_typesupport_fastrtps_cpp.so" to ""
[2.822s] -- Up-to-date: /home/blackcayonbee/FRA501_6431_6475_WS/install/turtlesim_interfaces/include/turtlesim_interfaces/turtlesim_interfaces
[2.822s] -- Up-to-date: /home/blackcayonbee/FRA501_6431_6475_WS/install/turtlesim_interfaces/include/turtlesim_interfaces/turtlesim_interfaces/msg
[2.822s] -- Installing: /home/blackcayonbee/FRA501_6431_6475_WS/install/turtlesim_interfaces/include/turtlesim_interfaces/turtlesim_interfaces/msg/rosidl_typesupport_introspection_c__visibility_control.h
[2.822s] -- Up-to-date: /home/blackcayonbee/FRA501_6431_6475_WS/install/turtlesim_interfaces/include/turtlesim_interfaces/turtlesim_interfaces/srv
[2.822s] -- Up-to-date: /home/blackcayonbee/FRA501_6431_6475_WS/install/turtlesim_interfaces/include/turtlesim_interfaces/turtlesim_interfaces/srv/detail
[2.822s] -- Installing: /home/blackcayonbee/FRA501_6431_6475_WS/install/turtlesim_interfaces/include/turtlesim_interfaces/turtlesim_interfaces/srv/detail/send_position__type_support.c
[2.822s] -- Installing: /home/blackcayonbee/FRA501_6431_6475_WS/install/turtlesim_interfaces/include/turtlesim_interfaces/turtlesim_interfaces/srv/detail/send_position__rosidl_typesupport_introspection_c.h
[2.822s] -- Installing: /home/blackcayonbee/FRA501_6431_6475_WS/install/turtlesim_interfaces/lib/libturtlesim_interfaces__rosidl_typesupport_introspection_c.so
[2.822s] -- Set runtime path of "/home/blackcayonbee/FRA501_6431_6475_WS/install/turtlesim_interfaces/lib/libturtlesim_interfaces__rosidl_typesupport_introspection_c.so" to ""
[2.822s] -- Installing: /home/blackcayonbee/FRA501_6431_6475_WS/install/turtlesim_interfaces/lib/libturtlesim_interfaces__rosidl_typesupport_c.so
[2.822s] -- Set runtime path of "/home/blackcayonbee/FRA501_6431_6475_WS/install/turtlesim_interfaces/lib/libturtlesim_interfaces__rosidl_typesupport_c.so" to ""
[2.822s] -- Up-to-date: /home/blackcayonbee/FRA501_6431_6475_WS/install/turtlesim_interfaces/include/turtlesim_interfaces/turtlesim_interfaces
[2.822s] -- Up-to-date: /home/blackcayonbee/FRA501_6431_6475_WS/install/turtlesim_interfaces/include/turtlesim_interfaces/turtlesim_interfaces/srv
[2.822s] -- Up-to-date: /home/blackcayonbee/FRA501_6431_6475_WS/install/turtlesim_interfaces/include/turtlesim_interfaces/turtlesim_interfaces/srv/detail
[2.823s] -- Installing: /home/blackcayonbee/FRA501_6431_6475_WS/install/turtlesim_interfaces/include/turtlesim_interfaces/turtlesim_interfaces/srv/detail/send_position__type_support.cpp
[2.823s] -- Installing: /home/blackcayonbee/FRA501_6431_6475_WS/install/turtlesim_interfaces/include/turtlesim_interfaces/turtlesim_interfaces/srv/detail/send_position__rosidl_typesupport_introspection_cpp.hpp
[2.823s] -- Installing: /home/blackcayonbee/FRA501_6431_6475_WS/install/turtlesim_interfaces/lib/libturtlesim_interfaces__rosidl_typesupport_introspection_cpp.so
[2.823s] -- Set runtime path of "/home/blackcayonbee/FRA501_6431_6475_WS/install/turtlesim_interfaces/lib/libturtlesim_interfaces__rosidl_typesupport_introspection_cpp.so" to ""
[2.823s] -- Installing: /home/blackcayonbee/FRA501_6431_6475_WS/install/turtlesim_interfaces/lib/libturtlesim_interfaces__rosidl_typesupport_cpp.so
[2.823s] -- Set runtime path of "/home/blackcayonbee/FRA501_6431_6475_WS/install/turtlesim_interfaces/lib/libturtlesim_interfaces__rosidl_typesupport_cpp.so" to ""
[2.823s] -- Installing: /home/blackcayonbee/FRA501_6431_6475_WS/install/turtlesim_interfaces/share/turtlesim_interfaces/environment/pythonpath.sh
[2.823s] -- Installing: /home/blackcayonbee/FRA501_6431_6475_WS/install/turtlesim_interfaces/share/turtlesim_interfaces/environment/pythonpath.dsv
[2.823s] -- Installing: /home/blackcayonbee/FRA501_6431_6475_WS/install/turtlesim_interfaces/local/lib/python3.10/dist-packages/turtlesim_interfaces-0.0.0-py3.10.egg-info
[2.823s] -- Installing: /home/blackcayonbee/FRA501_6431_6475_WS/install/turtlesim_interfaces/local/lib/python3.10/dist-packages/turtlesim_interfaces-0.0.0-py3.10.egg-info/PKG-INFO
[2.823s] -- Installing: /home/blackcayonbee/FRA501_6431_6475_WS/install/turtlesim_interfaces/local/lib/python3.10/dist-packages/turtlesim_interfaces-0.0.0-py3.10.egg-info/SOURCES.txt
[2.823s] -- Installing: /home/blackcayonbee/FRA501_6431_6475_WS/install/turtlesim_interfaces/local/lib/python3.10/dist-packages/turtlesim_interfaces-0.0.0-py3.10.egg-info/dependency_links.txt
[2.823s] -- Installing: /home/blackcayonbee/FRA501_6431_6475_WS/install/turtlesim_interfaces/local/lib/python3.10/dist-packages/turtlesim_interfaces-0.0.0-py3.10.egg-info/top_level.txt
[2.823s] -- Installing: /home/blackcayonbee/FRA501_6431_6475_WS/install/turtlesim_interfaces/local/lib/python3.10/dist-packages/turtlesim_interfaces
[2.823s] -- Installing: /home/blackcayonbee/FRA501_6431_6475_WS/install/turtlesim_interfaces/local/lib/python3.10/dist-packages/turtlesim_interfaces/turtlesim_interfaces_s__rosidl_typesupport_fastrtps_c.cpython-310-x86_64-linux-gnu.so
[2.823s] -- Installing: /home/blackcayonbee/FRA501_6431_6475_WS/install/turtlesim_interfaces/local/lib/python3.10/dist-packages/turtlesim_interfaces/__init__.py
[2.823s] -- Installing: /home/blackcayonbee/FRA501_6431_6475_WS/install/turtlesim_interfaces/local/lib/python3.10/dist-packages/turtlesim_interfaces/_turtlesim_interfaces_s.ep.rosidl_typesupport_fastrtps_c.c
[2.823s] -- Installing: /home/blackcayonbee/FRA501_6431_6475_WS/install/turtlesim_interfaces/local/lib/python3.10/dist-packages/turtlesim_interfaces/libturtlesim_interfaces__rosidl_generator_py.so
[2.823s] -- Installing: /home/blackcayonbee/FRA501_6431_6475_WS/install/turtlesim_interfaces/local/lib/python3.10/dist-packages/turtlesim_interfaces/turtlesim_interfaces_s__rosidl_typesupport_c.cpython-310-x86_64-linux-gnu.so
[2.824s] -- Installing: /home/blackcayonbee/FRA501_6431_6475_WS/install/turtlesim_interfaces/local/lib/python3.10/dist-packages/turtlesim_interfaces/_turtlesim_interfaces_s.ep.rosidl_typesupport_introspection_c.c
[2.824s] -- Installing: /home/blackcayonbee/FRA501_6431_6475_WS/install/turtlesim_interfaces/local/lib/python3.10/dist-packages/turtlesim_interfaces/srv
[2.824s] -- Installing: /home/blackcayonbee/FRA501_6431_6475_WS/install/turtlesim_interfaces/local/lib/python3.10/dist-packages/turtlesim_interfaces/srv/__init__.py
[2.824s] -- Installing: /home/blackcayonbee/FRA501_6431_6475_WS/install/turtlesim_interfaces/local/lib/python3.10/dist-packages/turtlesim_interfaces/srv/_send_position_s.c
[2.824s] -- Installing: /home/blackcayonbee/FRA501_6431_6475_WS/install/turtlesim_interfaces/local/lib/python3.10/dist-packages/turtlesim_interfaces/srv/_send_position.py
[2.824s] -- Installing: /home/blackcayonbee/FRA501_6431_6475_WS/install/turtlesim_interfaces/local/lib/python3.10/dist-packages/turtlesim_interfaces/_turtlesim_interfaces_s.ep.rosidl_typesupport_c.c
[2.824s] -- Installing: /home/blackcayonbee/FRA501_6431_6475_WS/install/turtlesim_interfaces/local/lib/python3.10/dist-packages/turtlesim_interfaces/turtlesim_interfaces_s__rosidl_typesupport_introspection_c.cpython-310-x86_64-linux-gnu.so
[2.847s] Listing '/home/blackcayonbee/FRA501_6431_6475_WS/install/turtlesim_interfaces/local/lib/python3.10/dist-packages/turtlesim_interfaces'...
[2.847s] Compiling '/home/blackcayonbee/FRA501_6431_6475_WS/install/turtlesim_interfaces/local/lib/python3.10/dist-packages/turtlesim_interfaces/__init__.py'...
[2.848s] Listing '/home/blackcayonbee/FRA501_6431_6475_WS/install/turtlesim_interfaces/local/lib/python3.10/dist-packages/turtlesim_interfaces/srv'...
[2.848s] Compiling '/home/blackcayonbee/FRA501_6431_6475_WS/install/turtlesim_interfaces/local/lib/python3.10/dist-packages/turtlesim_interfaces/srv/__init__.py'...
[2.848s] Compiling '/home/blackcayonbee/FRA501_6431_6475_WS/install/turtlesim_interfaces/local/lib/python3.10/dist-packages/turtlesim_interfaces/srv/_send_position.py'...
[2.851s] -- Installing: /home/blackcayonbee/FRA501_6431_6475_WS/install/turtlesim_interfaces/local/lib/python3.10/dist-packages/turtlesim_interfaces/turtlesim_interfaces_s__rosidl_typesupport_fastrtps_c.cpython-310-x86_64-linux-gnu.so
[2.851s] -- Set runtime path of "/home/blackcayonbee/FRA501_6431_6475_WS/install/turtlesim_interfaces/local/lib/python3.10/dist-packages/turtlesim_interfaces/turtlesim_interfaces_s__rosidl_typesupport_fastrtps_c.cpython-310-x86_64-linux-gnu.so" to ""
[2.852s] -- Installing: /home/blackcayonbee/FRA501_6431_6475_WS/install/turtlesim_interfaces/local/lib/python3.10/dist-packages/turtlesim_interfaces/turtlesim_interfaces_s__rosidl_typesupport_introspection_c.cpython-310-x86_64-linux-gnu.so
[2.852s] -- Set runtime path of "/home/blackcayonbee/FRA501_6431_6475_WS/install/turtlesim_interfaces/local/lib/python3.10/dist-packages/turtlesim_interfaces/turtlesim_interfaces_s__rosidl_typesupport_introspection_c.cpython-310-x86_64-linux-gnu.so" to ""
[2.852s] -- Installing: /home/blackcayonbee/FRA501_6431_6475_WS/install/turtlesim_interfaces/local/lib/python3.10/dist-packages/turtlesim_interfaces/turtlesim_interfaces_s__rosidl_typesupport_c.cpython-310-x86_64-linux-gnu.so
[2.852s] -- Set runtime path of "/home/blackcayonbee/FRA501_6431_6475_WS/install/turtlesim_interfaces/local/lib/python3.10/dist-packages/turtlesim_interfaces/turtlesim_interfaces_s__rosidl_typesupport_c.cpython-310-x86_64-linux-gnu.so" to ""
[2.852s] -- Installing: /home/blackcayonbee/FRA501_6431_6475_WS/install/turtlesim_interfaces/lib/libturtlesim_interfaces__rosidl_generator_py.so
[2.852s] -- Set runtime path of "/home/blackcayonbee/FRA501_6431_6475_WS/install/turtlesim_interfaces/lib/libturtlesim_interfaces__rosidl_generator_py.so" to ""
[2.852s] -- Installing: /home/blackcayonbee/FRA501_6431_6475_WS/install/turtlesim_interfaces/share/turtlesim_interfaces/srv/SendPosition.idl
[2.852s] -- Installing: /home/blackcayonbee/FRA501_6431_6475_WS/install/turtlesim_interfaces/share/turtlesim_interfaces/srv/SendPosition.srv
[2.852s] -- Installing: /home/blackcayonbee/FRA501_6431_6475_WS/install/turtlesim_interfaces/share/turtlesim_interfaces/srv/SendPosition_Request.msg
[2.853s] -- Installing: /home/blackcayonbee/FRA501_6431_6475_WS/install/turtlesim_interfaces/share/turtlesim_interfaces/srv/SendPosition_Response.msg
[2.853s] -- Installing: /home/blackcayonbee/FRA501_6431_6475_WS/install/turtlesim_interfaces/share/ament_index/resource_index/package_run_dependencies/turtlesim_interfaces
[2.853s] -- Installing: /home/blackcayonbee/FRA501_6431_6475_WS/install/turtlesim_interfaces/share/ament_index/resource_index/parent_prefix_path/turtlesim_interfaces
[2.853s] -- Installing: /home/blackcayonbee/FRA501_6431_6475_WS/install/turtlesim_interfaces/share/turtlesim_interfaces/environment/ament_prefix_path.sh
[2.853s] -- Installing: /home/blackcayonbee/FRA501_6431_6475_WS/install/turtlesim_interfaces/share/turtlesim_interfaces/environment/ament_prefix_path.dsv
[2.853s] -- Installing: /home/blackcayonbee/FRA501_6431_6475_WS/install/turtlesim_interfaces/share/turtlesim_interfaces/environment/path.sh
[2.853s] -- Installing: /home/blackcayonbee/FRA501_6431_6475_WS/install/turtlesim_interfaces/share/turtlesim_interfaces/environment/path.dsv
[2.853s] -- Installing: /home/blackcayonbee/FRA501_6431_6475_WS/install/turtlesim_interfaces/share/turtlesim_interfaces/local_setup.bash
[2.853s] -- Installing: /home/blackcayonbee/FRA501_6431_6475_WS/install/turtlesim_interfaces/share/turtlesim_interfaces/local_setup.sh
[2.853s] -- Installing: /home/blackcayonbee/FRA501_6431_6475_WS/install/turtlesim_interfaces/share/turtlesim_interfaces/local_setup.zsh
[2.853s] -- Installing: /home/blackcayonbee/FRA501_6431_6475_WS/install/turtlesim_interfaces/share/turtlesim_interfaces/local_setup.dsv
[2.853s] -- Installing: /home/blackcayonbee/FRA501_6431_6475_WS/install/turtlesim_interfaces/share/turtlesim_interfaces/package.dsv
[2.853s] -- Installing: /home/blackcayonbee/FRA501_6431_6475_WS/install/turtlesim_interfaces/share/ament_index/resource_index/packages/turtlesim_interfaces
[2.853s] -- Installing: /home/blackcayonbee/FRA501_6431_6475_WS/install/turtlesim_interfaces/share/turtlesim_interfaces/cmake/export_turtlesim_interfaces__rosidl_generator_cExport.cmake
[2.854s] -- Installing: /home/blackcayonbee/FRA501_6431_6475_WS/install/turtlesim_interfaces/share/turtlesim_interfaces/cmake/export_turtlesim_interfaces__rosidl_generator_cExport-noconfig.cmake
[2.854s] -- Installing: /home/blackcayonbee/FRA501_6431_6475_WS/install/turtlesim_interfaces/share/turtlesim_interfaces/cmake/export_turtlesim_interfaces__rosidl_typesupport_fastrtps_cExport.cmake
[2.854s] -- Installing: /home/blackcayonbee/FRA501_6431_6475_WS/install/turtlesim_interfaces/share/turtlesim_interfaces/cmake/export_turtlesim_interfaces__rosidl_typesupport_fastrtps_cExport-noconfig.cmake
[2.854s] -- Installing: /home/blackcayonbee/FRA501_6431_6475_WS/install/turtlesim_interfaces/share/turtlesim_interfaces/cmake/export_turtlesim_interfaces__rosidl_generator_cppExport.cmake
[2.854s] -- Installing: /home/blackcayonbee/FRA501_6431_6475_WS/install/turtlesim_interfaces/share/turtlesim_interfaces/cmake/export_turtlesim_interfaces__rosidl_typesupport_fastrtps_cppExport.cmake
[2.854s] -- Installing: /home/blackcayonbee/FRA501_6431_6475_WS/install/turtlesim_interfaces/share/turtlesim_interfaces/cmake/export_turtlesim_interfaces__rosidl_typesupport_fastrtps_cppExport-noconfig.cmake
[2.854s] -- Installing: /home/blackcayonbee/FRA501_6431_6475_WS/install/turtlesim_interfaces/share/turtlesim_interfaces/cmake/turtlesim_interfaces__rosidl_typesupport_introspection_cExport.cmake
[2.854s] -- Installing: /home/blackcayonbee/FRA501_6431_6475_WS/install/turtlesim_interfaces/share/turtlesim_interfaces/cmake/turtlesim_interfaces__rosidl_typesupport_introspection_cExport-noconfig.cmake
[2.854s] -- Installing: /home/blackcayonbee/FRA501_6431_6475_WS/install/turtlesim_interfaces/share/turtlesim_interfaces/cmake/turtlesim_interfaces__rosidl_typesupport_cExport.cmake
[2.854s] -- Installing: /home/blackcayonbee/FRA501_6431_6475_WS/install/turtlesim_interfaces/share/turtlesim_interfaces/cmake/turtlesim_interfaces__rosidl_typesupport_cExport-noconfig.cmake
[2.854s] -- Installing: /home/blackcayonbee/FRA501_6431_6475_WS/install/turtlesim_interfaces/share/turtlesim_interfaces/cmake/turtlesim_interfaces__rosidl_typesupport_introspection_cppExport.cmake
[2.854s] -- Installing: /home/blackcayonbee/FRA501_6431_6475_WS/install/turtlesim_interfaces/share/turtlesim_interfaces/cmake/turtlesim_interfaces__rosidl_typesupport_introspection_cppExport-noconfig.cmake
[2.854s] -- Installing: /home/blackcayonbee/FRA501_6431_6475_WS/install/turtlesim_interfaces/share/turtlesim_interfaces/cmake/turtlesim_interfaces__rosidl_typesupport_cppExport.cmake
[2.855s] -- Installing: /home/blackcayonbee/FRA501_6431_6475_WS/install/turtlesim_interfaces/share/turtlesim_interfaces/cmake/turtlesim_interfaces__rosidl_typesupport_cppExport-noconfig.cmake
[2.855s] -- Installing: /home/blackcayonbee/FRA501_6431_6475_WS/install/turtlesim_interfaces/share/turtlesim_interfaces/cmake/export_turtlesim_interfaces__rosidl_generator_pyExport.cmake
[2.855s] -- Installing: /home/blackcayonbee/FRA501_6431_6475_WS/install/turtlesim_interfaces/share/turtlesim_interfaces/cmake/export_turtlesim_interfaces__rosidl_generator_pyExport-noconfig.cmake
[2.855s] -- Installing: /home/blackcayonbee/FRA501_6431_6475_WS/install/turtlesim_interfaces/share/turtlesim_interfaces/cmake/rosidl_cmake-extras.cmake
[2.855s] -- Installing: /home/blackcayonbee/FRA501_6431_6475_WS/install/turtlesim_interfaces/share/turtlesim_interfaces/cmake/ament_cmake_export_dependencies-extras.cmake
[2.855s] -- Installing: /home/blackcayonbee/FRA501_6431_6475_WS/install/turtlesim_interfaces/share/turtlesim_interfaces/cmake/ament_cmake_export_include_directories-extras.cmake
[2.855s] -- Installing: /home/blackcayonbee/FRA501_6431_6475_WS/install/turtlesim_interfaces/share/turtlesim_interfaces/cmake/ament_cmake_export_libraries-extras.cmake
[2.855s] -- Installing: /home/blackcayonbee/FRA501_6431_6475_WS/install/turtlesim_interfaces/share/turtlesim_interfaces/cmake/ament_cmake_export_targets-extras.cmake
[2.855s] -- Installing: /home/blackcayonbee/FRA501_6431_6475_WS/install/turtlesim_interfaces/share/turtlesim_interfaces/cmake/rosidl_cmake_export_typesupport_targets-extras.cmake
[2.855s] -- Installing: /home/blackcayonbee/FRA501_6431_6475_WS/install/turtlesim_interfaces/share/turtlesim_interfaces/cmake/rosidl_cmake_export_typesupport_libraries-extras.cmake
[2.855s] -- Installing: /home/blackcayonbee/FRA501_6431_6475_WS/install/turtlesim_interfaces/share/turtlesim_interfaces/cmake/turtlesim_interfacesConfig.cmake
[2.855s] -- Installing: /home/blackcayonbee/FRA501_6431_6475_WS/install/turtlesim_interfaces/share/turtlesim_interfaces/cmake/turtlesim_interfacesConfig-version.cmake
[2.855s] -- Installing: /home/blackcayonbee/FRA501_6431_6475_WS/install/turtlesim_interfaces/share/turtlesim_interfaces/package.xml
[2.857s] Invoked command in '/home/blackcayonbee/FRA501_6431_6475_WS/build/turtlesim_interfaces' returned '0': CMAKE_PREFIX_PATH=${CMAKE_PREFIX_PATH}:/opt/ros/humble /usr/bin/cmake --install /home/blackcayonbee/FRA501_6431_6475_WS/build/turtlesim_interfaces
