[0.014s] Invoking command in '/home/blackcayonbee/FRA501_6431_6475_WS/build/my_controller_interfaces': CMAKE_PREFIX_PATH=${CMAKE_PREFIX_PATH}:/opt/ros/humble /usr/bin/cmake /home/blackcayonbee/FRA501_6431_6475_WS/src/my_controller_interfaces -DCMAKE_INSTALL_PREFIX=/home/blackcayonbee/FRA501_6431_6475_WS/install/my_controller_interfaces
[0.049s] -- The C compiler identification is GNU 11.4.0
[0.086s] -- The CXX compiler identification is GNU 11.4.0
[0.090s] -- Detecting C compiler ABI info
[0.130s] -- Detecting C compiler ABI info - done
[0.135s] -- Check for working C compiler: /usr/bin/cc - skipped
[0.135s] -- Detecting C compile features
[0.136s] -- Detecting C compile features - done
[0.138s] -- Detecting CXX compiler ABI info
[0.187s] -- Detecting CXX compiler ABI info - done
[0.192s] -- Check for working CXX compiler: /usr/bin/c++ - skipped
[0.193s] -- Detecting CXX compile features
[0.193s] -- Detecting CXX compile features - done
[0.195s] -- Found ament_cmake: 1.3.5 (/opt/ros/humble/share/ament_cmake/cmake)
[0.319s] -- Found Python3: /usr/bin/python3.10 (found version "3.10.12") found components: Interpreter 
[0.380s] -- Found ament_lint_auto: 0.12.7 (/opt/ros/humble/share/ament_lint_auto/cmake)
[0.433s] -- Found geometry_msgs: 4.2.3 (/opt/ros/humble/share/geometry_msgs/cmake)
[0.458s] -- Found rosidl_generator_c: 3.1.5 (/opt/ros/humble/share/rosidl_generator_c/cmake)
[0.462s] -- Found rosidl_adapter: 3.1.5 (/opt/ros/humble/share/rosidl_adapter/cmake)
[0.467s] -- Found rosidl_generator_cpp: 3.1.5 (/opt/ros/humble/share/rosidl_generator_cpp/cmake)
[0.477s] -- Using all available rosidl_typesupport_c: rosidl_typesupport_fastrtps_c;rosidl_typesupport_introspection_c
[0.490s] -- Using all available rosidl_typesupport_cpp: rosidl_typesupport_fastrtps_cpp;rosidl_typesupport_introspection_cpp
[0.582s] -- Found rosidl_default_generators: 1.2.0 (/opt/ros/humble/share/rosidl_default_generators/cmake)
[0.744s] -- Found ament_cmake_ros: 0.10.0 (/opt/ros/humble/share/ament_cmake_ros/cmake)
[1.045s] -- Using all available rosidl_typesupport_c: rosidl_typesupport_fastrtps_c;rosidl_typesupport_introspection_c
[1.159s] -- Using all available rosidl_typesupport_cpp: rosidl_typesupport_fastrtps_cpp;rosidl_typesupport_introspection_cpp
[1.176s] -- Found PythonInterp: /usr/bin/python3 (found suitable version "3.10.12", minimum required is "3.6") 
[1.177s] -- Found python_cmake_module: 0.10.0 (/opt/ros/humble/share/python_cmake_module/cmake)
[1.197s] -- Found PythonLibs: /usr/lib/x86_64-linux-gnu/libpython3.10.so (found suitable version "3.10.12", minimum required is "3.5") 
[1.198s] -- Using PYTHON_EXECUTABLE: /usr/bin/python3
[1.198s] -- Using PYTHON_INCLUDE_DIRS: /usr/include/python3.10
[1.198s] -- Using PYTHON_LIBRARIES: /usr/lib/x86_64-linux-gnu/libpython3.10.so
[1.214s] -- Found PythonExtra: .so  
[1.257s] -- Added test 'lint_cmake' to check CMake code style
[1.258s] -- Added test 'xmllint' to check XML markup files
[1.261s] -- Configuring done
[1.284s] -- Generating done
[1.285s] -- Build files have been written to: /home/blackcayonbee/FRA501_6431_6475_WS/build/my_controller_interfaces
[1.292s] Invoked command in '/home/blackcayonbee/FRA501_6431_6475_WS/build/my_controller_interfaces' returned '0': CMAKE_PREFIX_PATH=${CMAKE_PREFIX_PATH}:/opt/ros/humble /usr/bin/cmake /home/blackcayonbee/FRA501_6431_6475_WS/src/my_controller_interfaces -DCMAKE_INSTALL_PREFIX=/home/blackcayonbee/FRA501_6431_6475_WS/install/my_controller_interfaces
[1.293s] Invoking command in '/home/blackcayonbee/FRA501_6431_6475_WS/build/my_controller_interfaces': CMAKE_PREFIX_PATH=${CMAKE_PREFIX_PATH}:/opt/ros/humble /usr/bin/cmake --build /home/blackcayonbee/FRA501_6431_6475_WS/build/my_controller_interfaces -- -j16 -l16
[1.318s] [  2%] [34m[1mGenerating C code for ROS interfaces[0m
[1.323s] [  5%] [34m[1mGenerating C++ code for ROS interfaces[0m
[1.329s] [  5%] Built target ament_cmake_python_copy_my_controller_interfaces
[1.498s] running egg_info
[1.499s] creating my_controller_interfaces.egg-info
[1.499s] writing my_controller_interfaces.egg-info/PKG-INFO
[1.499s] writing dependency_links to my_controller_interfaces.egg-info/dependency_links.txt
[1.499s] writing top-level names to my_controller_interfaces.egg-info/top_level.txt
[1.499s] writing manifest file 'my_controller_interfaces.egg-info/SOURCES.txt'
[1.501s] reading manifest file 'my_controller_interfaces.egg-info/SOURCES.txt'
[1.501s] writing manifest file 'my_controller_interfaces.egg-info/SOURCES.txt'
[1.531s] [  5%] Built target ament_cmake_python_build_my_controller_interfaces_egg
[1.557s] [  5%] Built target my_controller_interfaces__cpp
[1.566s] [ 10%] [34m[1mGenerating C++ type support for eProsima Fast-RTPS[0m
[1.566s] [ 10%] [34m[1mGenerating C++ type support dispatch for ROS interfaces[0m
[1.566s] [ 12%] [34m[1mGenerating C++ introspection for ROS interfaces[0m
[1.580s] [ 17%] [32mBuilding C object CMakeFiles/my_controller_interfaces__rosidl_generator_c.dir/rosidl_generator_c/my_controller_interfaces/srv/detail/set_target__functions.c.o[0m
[1.581s] [ 17%] [32mBuilding C object CMakeFiles/my_controller_interfaces__rosidl_generator_c.dir/rosidl_generator_c/my_controller_interfaces/srv/detail/send_position__functions.c.o[0m
[1.630s] [ 20%] [32m[1mLinking C shared library libmy_controller_interfaces__rosidl_generator_c.so[0m
[1.655s] [ 20%] Built target my_controller_interfaces__rosidl_generator_c
[1.662s] [ 23%] [34m[1mGenerating C type support for eProsima Fast-RTPS[0m
[1.665s] [ 28%] [34m[1mGenerating C type support dispatch for ROS interfaces[0m
[1.666s] [ 28%] [34m[1mGenerating C introspection for ROS interfaces[0m
[1.798s] [ 33%] [32mBuilding CXX object CMakeFiles/my_controller_interfaces__rosidl_typesupport_introspection_cpp.dir/rosidl_typesupport_introspection_cpp/my_controller_interfaces/srv/detail/set_target__type_support.cpp.o[0m
[1.798s] [ 33%] [32mBuilding CXX object CMakeFiles/my_controller_interfaces__rosidl_typesupport_introspection_cpp.dir/rosidl_typesupport_introspection_cpp/my_controller_interfaces/srv/detail/send_position__type_support.cpp.o[0m
[1.816s] [ 38%] [32mBuilding CXX object CMakeFiles/my_controller_interfaces__rosidl_typesupport_fastrtps_cpp.dir/rosidl_typesupport_fastrtps_cpp/my_controller_interfaces/srv/detail/dds_fastrtps/send_position__type_support.cpp.o[0m
[1.816s] [ 38%] [32mBuilding CXX object CMakeFiles/my_controller_interfaces__rosidl_typesupport_fastrtps_cpp.dir/rosidl_typesupport_fastrtps_cpp/my_controller_interfaces/srv/detail/dds_fastrtps/set_target__type_support.cpp.o[0m
[1.884s] [ 43%] [32mBuilding CXX object CMakeFiles/my_controller_interfaces__rosidl_typesupport_cpp.dir/rosidl_typesupport_cpp/my_controller_interfaces/srv/set_target__type_support.cpp.o[0m
[1.884s] [ 43%] [32mBuilding CXX object CMakeFiles/my_controller_interfaces__rosidl_typesupport_cpp.dir/rosidl_typesupport_cpp/my_controller_interfaces/srv/send_position__type_support.cpp.o[0m
[2.000s] [ 48%] [32mBuilding CXX object CMakeFiles/my_controller_interfaces__rosidl_typesupport_c.dir/rosidl_typesupport_c/my_controller_interfaces/srv/send_position__type_support.cpp.o[0m
[2.000s] [ 48%] [32mBuilding CXX object CMakeFiles/my_controller_interfaces__rosidl_typesupport_c.dir/rosidl_typesupport_c/my_controller_interfaces/srv/set_target__type_support.cpp.o[0m
[2.038s] [ 51%] [32m[1mLinking CXX shared library libmy_controller_interfaces__rosidl_typesupport_c.so[0m
[2.060s] [ 56%] [32mBuilding CXX object CMakeFiles/my_controller_interfaces__rosidl_typesupport_fastrtps_c.dir/rosidl_typesupport_fastrtps_c/my_controller_interfaces/srv/detail/set_target__type_support_c.cpp.o[0m
[2.061s] [ 56%] [32mBuilding CXX object CMakeFiles/my_controller_interfaces__rosidl_typesupport_fastrtps_c.dir/rosidl_typesupport_fastrtps_c/my_controller_interfaces/srv/detail/send_position__type_support_c.cpp.o[0m
[2.068s] [ 58%] [32mBuilding C object CMakeFiles/my_controller_interfaces__rosidl_typesupport_introspection_c.dir/rosidl_typesupport_introspection_c/my_controller_interfaces/srv/detail/send_position__type_support.c.o[0m
[2.069s] [ 61%] [32mBuilding C object CMakeFiles/my_controller_interfaces__rosidl_typesupport_introspection_c.dir/rosidl_typesupport_introspection_c/my_controller_interfaces/srv/detail/set_target__type_support.c.o[0m
[2.087s] [ 61%] Built target my_controller_interfaces__rosidl_typesupport_c
[2.107s] [ 64%] [32m[1mLinking C shared library libmy_controller_interfaces__rosidl_typesupport_introspection_c.so[0m
[2.144s] [ 64%] Built target my_controller_interfaces__rosidl_typesupport_introspection_c
[2.173s] [ 66%] [32m[1mLinking CXX shared library libmy_controller_interfaces__rosidl_typesupport_cpp.so[0m
[2.204s] [ 66%] Built target my_controller_interfaces__rosidl_typesupport_cpp
[2.237s] [ 69%] [32m[1mLinking CXX shared library libmy_controller_interfaces__rosidl_typesupport_introspection_cpp.so[0m
[2.250s] [ 71%] [32m[1mLinking CXX shared library libmy_controller_interfaces__rosidl_typesupport_fastrtps_cpp.so[0m
[2.285s] [ 71%] Built target my_controller_interfaces__rosidl_typesupport_introspection_cpp
[2.312s] [ 71%] Built target my_controller_interfaces__rosidl_typesupport_fastrtps_cpp
[2.367s] [ 74%] [32m[1mLinking CXX shared library libmy_controller_interfaces__rosidl_typesupport_fastrtps_c.so[0m
[2.414s] [ 74%] Built target my_controller_interfaces__rosidl_typesupport_fastrtps_c
[2.427s] [ 74%] Built target my_controller_interfaces
[2.440s] [ 76%] [34m[1mGenerating Python code for ROS interfaces[0m
[2.766s] [ 76%] Built target my_controller_interfaces__py
[2.779s] [ 79%] [32mBuilding C object CMakeFiles/my_controller_interfaces__rosidl_generator_py.dir/rosidl_generator_py/my_controller_interfaces/srv/_set_target_s.c.o[0m
[2.779s] [ 82%] [32mBuilding C object CMakeFiles/my_controller_interfaces__rosidl_generator_py.dir/rosidl_generator_py/my_controller_interfaces/srv/_send_position_s.c.o[0m
[2.844s] [ 84%] [32m[1mLinking C shared library rosidl_generator_py/my_controller_interfaces/libmy_controller_interfaces__rosidl_generator_py.so[0m
[2.871s] [ 84%] Built target my_controller_interfaces__rosidl_generator_py
[2.884s] [ 89%] [32mBuilding C object CMakeFiles/my_controller_interfaces__rosidl_typesupport_fastrtps_c__pyext.dir/rosidl_generator_py/my_controller_interfaces/_my_controller_interfaces_s.ep.rosidl_typesupport_fastrtps_c.c.o[0m
[2.884s] [ 92%] [32mBuilding C object CMakeFiles/my_controller_interfaces__rosidl_typesupport_c__pyext.dir/rosidl_generator_py/my_controller_interfaces/_my_controller_interfaces_s.ep.rosidl_typesupport_c.c.o[0m
[2.884s] [ 92%] [32mBuilding C object CMakeFiles/my_controller_interfaces__rosidl_typesupport_introspection_c__pyext.dir/rosidl_generator_py/my_controller_interfaces/_my_controller_interfaces_s.ep.rosidl_typesupport_introspection_c.c.o[0m
[2.950s] [100%] [32m[1mLinking C shared library rosidl_generator_py/my_controller_interfaces/my_controller_interfaces_s__rosidl_typesupport_c.cpython-310-x86_64-linux-gnu.so[0m
[2.951s] [100%] [32m[1mLinking C shared library rosidl_generator_py/my_controller_interfaces/my_controller_interfaces_s__rosidl_typesupport_introspection_c.cpython-310-x86_64-linux-gnu.so[0m
[2.951s] [100%] [32m[1mLinking C shared library rosidl_generator_py/my_controller_interfaces/my_controller_interfaces_s__rosidl_typesupport_fastrtps_c.cpython-310-x86_64-linux-gnu.so[0m
[2.977s] [100%] Built target my_controller_interfaces__rosidl_typesupport_introspection_c__pyext
[2.977s] [100%] Built target my_controller_interfaces__rosidl_typesupport_fastrtps_c__pyext
[2.977s] [100%] Built target my_controller_interfaces__rosidl_typesupport_c__pyext
[2.984s] Invoked command in '/home/blackcayonbee/FRA501_6431_6475_WS/build/my_controller_interfaces' returned '0': CMAKE_PREFIX_PATH=${CMAKE_PREFIX_PATH}:/opt/ros/humble /usr/bin/cmake --build /home/blackcayonbee/FRA501_6431_6475_WS/build/my_controller_interfaces -- -j16 -l16
[3.030s] Invoking command in '/home/blackcayonbee/FRA501_6431_6475_WS/build/my_controller_interfaces': CMAKE_PREFIX_PATH=${CMAKE_PREFIX_PATH}:/opt/ros/humble /usr/bin/cmake --install /home/blackcayonbee/FRA501_6431_6475_WS/build/my_controller_interfaces
[3.035s] -- Install configuration: ""
[3.036s] -- Installing: /home/blackcayonbee/FRA501_6431_6475_WS/install/my_controller_interfaces/share/ament_index/resource_index/rosidl_interfaces/my_controller_interfaces
[3.036s] -- Installing: /home/blackcayonbee/FRA501_6431_6475_WS/install/my_controller_interfaces/include/my_controller_interfaces/my_controller_interfaces
[3.036s] -- Installing: /home/blackcayonbee/FRA501_6431_6475_WS/install/my_controller_interfaces/include/my_controller_interfaces/my_controller_interfaces/msg
[3.036s] -- Installing: /home/blackcayonbee/FRA501_6431_6475_WS/install/my_controller_interfaces/include/my_controller_interfaces/my_controller_interfaces/msg/rosidl_generator_c__visibility_control.h
[3.036s] -- Installing: /home/blackcayonbee/FRA501_6431_6475_WS/install/my_controller_interfaces/include/my_controller_interfaces/my_controller_interfaces/srv
[3.036s] -- Installing: /home/blackcayonbee/FRA501_6431_6475_WS/install/my_controller_interfaces/include/my_controller_interfaces/my_controller_interfaces/srv/set_target.h
[3.036s] -- Installing: /home/blackcayonbee/FRA501_6431_6475_WS/install/my_controller_interfaces/include/my_controller_interfaces/my_controller_interfaces/srv/detail
[3.036s] -- Installing: /home/blackcayonbee/FRA501_6431_6475_WS/install/my_controller_interfaces/include/my_controller_interfaces/my_controller_interfaces/srv/detail/send_position__type_support.h
[3.036s] -- Installing: /home/blackcayonbee/FRA501_6431_6475_WS/install/my_controller_interfaces/include/my_controller_interfaces/my_controller_interfaces/srv/detail/set_target__struct.h
[3.036s] -- Installing: /home/blackcayonbee/FRA501_6431_6475_WS/install/my_controller_interfaces/include/my_controller_interfaces/my_controller_interfaces/srv/detail/set_target__functions.h
[3.036s] -- Installing: /home/blackcayonbee/FRA501_6431_6475_WS/install/my_controller_interfaces/include/my_controller_interfaces/my_controller_interfaces/srv/detail/set_target__functions.c
[3.036s] -- Installing: /home/blackcayonbee/FRA501_6431_6475_WS/install/my_controller_interfaces/include/my_controller_interfaces/my_controller_interfaces/srv/detail/send_position__functions.h
[3.037s] -- Installing: /home/blackcayonbee/FRA501_6431_6475_WS/install/my_controller_interfaces/include/my_controller_interfaces/my_controller_interfaces/srv/detail/set_target__type_support.h
[3.037s] -- Installing: /home/blackcayonbee/FRA501_6431_6475_WS/install/my_controller_interfaces/include/my_controller_interfaces/my_controller_interfaces/srv/detail/send_position__functions.c
[3.037s] -- Installing: /home/blackcayonbee/FRA501_6431_6475_WS/install/my_controller_interfaces/include/my_controller_interfaces/my_controller_interfaces/srv/detail/send_position__struct.h
[3.037s] -- Installing: /home/blackcayonbee/FRA501_6431_6475_WS/install/my_controller_interfaces/include/my_controller_interfaces/my_controller_interfaces/srv/send_position.h
[3.037s] -- Installing: /home/blackcayonbee/FRA501_6431_6475_WS/install/my_controller_interfaces/share/my_controller_interfaces/environment/library_path.sh
[3.037s] -- Installing: /home/blackcayonbee/FRA501_6431_6475_WS/install/my_controller_interfaces/share/my_controller_interfaces/environment/library_path.dsv
[3.037s] -- Installing: /home/blackcayonbee/FRA501_6431_6475_WS/install/my_controller_interfaces/lib/libmy_controller_interfaces__rosidl_generator_c.so
[3.037s] -- Set runtime path of "/home/blackcayonbee/FRA501_6431_6475_WS/install/my_controller_interfaces/lib/libmy_controller_interfaces__rosidl_generator_c.so" to ""
[3.038s] -- Up-to-date: /home/blackcayonbee/FRA501_6431_6475_WS/install/my_controller_interfaces/include/my_controller_interfaces/my_controller_interfaces
[3.038s] -- Up-to-date: /home/blackcayonbee/FRA501_6431_6475_WS/install/my_controller_interfaces/include/my_controller_interfaces/my_controller_interfaces/msg
[3.038s] -- Installing: /home/blackcayonbee/FRA501_6431_6475_WS/install/my_controller_interfaces/include/my_controller_interfaces/my_controller_interfaces/msg/rosidl_typesupport_fastrtps_c__visibility_control.h
[3.038s] -- Up-to-date: /home/blackcayonbee/FRA501_6431_6475_WS/install/my_controller_interfaces/include/my_controller_interfaces/my_controller_interfaces/srv
[3.038s] -- Up-to-date: /home/blackcayonbee/FRA501_6431_6475_WS/install/my_controller_interfaces/include/my_controller_interfaces/my_controller_interfaces/srv/detail
[3.038s] -- Installing: /home/blackcayonbee/FRA501_6431_6475_WS/install/my_controller_interfaces/include/my_controller_interfaces/my_controller_interfaces/srv/detail/set_target__rosidl_typesupport_fastrtps_c.h
[3.038s] -- Installing: /home/blackcayonbee/FRA501_6431_6475_WS/install/my_controller_interfaces/include/my_controller_interfaces/my_controller_interfaces/srv/detail/send_position__rosidl_typesupport_fastrtps_c.h
[3.038s] -- Installing: /home/blackcayonbee/FRA501_6431_6475_WS/install/my_controller_interfaces/lib/libmy_controller_interfaces__rosidl_typesupport_fastrtps_c.so
[3.038s] -- Set runtime path of "/home/blackcayonbee/FRA501_6431_6475_WS/install/my_controller_interfaces/lib/libmy_controller_interfaces__rosidl_typesupport_fastrtps_c.so" to ""
[3.038s] -- Up-to-date: /home/blackcayonbee/FRA501_6431_6475_WS/install/my_controller_interfaces/include/my_controller_interfaces/my_controller_interfaces
[3.038s] -- Up-to-date: /home/blackcayonbee/FRA501_6431_6475_WS/install/my_controller_interfaces/include/my_controller_interfaces/my_controller_interfaces/srv
[3.038s] -- Up-to-date: /home/blackcayonbee/FRA501_6431_6475_WS/install/my_controller_interfaces/include/my_controller_interfaces/my_controller_interfaces/srv/detail
[3.038s] -- Installing: /home/blackcayonbee/FRA501_6431_6475_WS/install/my_controller_interfaces/include/my_controller_interfaces/my_controller_interfaces/srv/detail/send_position__traits.hpp
[3.038s] -- Installing: /home/blackcayonbee/FRA501_6431_6475_WS/install/my_controller_interfaces/include/my_controller_interfaces/my_controller_interfaces/srv/detail/set_target__traits.hpp
[3.038s] -- Installing: /home/blackcayonbee/FRA501_6431_6475_WS/install/my_controller_interfaces/include/my_controller_interfaces/my_controller_interfaces/srv/detail/set_target__struct.hpp
[3.039s] -- Installing: /home/blackcayonbee/FRA501_6431_6475_WS/install/my_controller_interfaces/include/my_controller_interfaces/my_controller_interfaces/srv/detail/send_position__builder.hpp
[3.039s] -- Installing: /home/blackcayonbee/FRA501_6431_6475_WS/install/my_controller_interfaces/include/my_controller_interfaces/my_controller_interfaces/srv/detail/set_target__builder.hpp
[3.039s] -- Installing: /home/blackcayonbee/FRA501_6431_6475_WS/install/my_controller_interfaces/include/my_controller_interfaces/my_controller_interfaces/srv/detail/send_position__struct.hpp
[3.039s] -- Installing: /home/blackcayonbee/FRA501_6431_6475_WS/install/my_controller_interfaces/include/my_controller_interfaces/my_controller_interfaces/srv/set_target.hpp
[3.039s] -- Installing: /home/blackcayonbee/FRA501_6431_6475_WS/install/my_controller_interfaces/include/my_controller_interfaces/my_controller_interfaces/srv/send_position.hpp
[3.039s] -- Up-to-date: /home/blackcayonbee/FRA501_6431_6475_WS/install/my_controller_interfaces/include/my_controller_interfaces/my_controller_interfaces
[3.039s] -- Up-to-date: /home/blackcayonbee/FRA501_6431_6475_WS/install/my_controller_interfaces/include/my_controller_interfaces/my_controller_interfaces/msg
[3.039s] -- Installing: /home/blackcayonbee/FRA501_6431_6475_WS/install/my_controller_interfaces/include/my_controller_interfaces/my_controller_interfaces/msg/rosidl_typesupport_fastrtps_cpp__visibility_control.h
[3.039s] -- Up-to-date: /home/blackcayonbee/FRA501_6431_6475_WS/install/my_controller_interfaces/include/my_controller_interfaces/my_controller_interfaces/srv
[3.039s] -- Up-to-date: /home/blackcayonbee/FRA501_6431_6475_WS/install/my_controller_interfaces/include/my_controller_interfaces/my_controller_interfaces/srv/detail
[3.039s] -- Installing: /home/blackcayonbee/FRA501_6431_6475_WS/install/my_controller_interfaces/include/my_controller_interfaces/my_controller_interfaces/srv/detail/set_target__rosidl_typesupport_fastrtps_cpp.hpp
[3.039s] -- Installing: /home/blackcayonbee/FRA501_6431_6475_WS/install/my_controller_interfaces/include/my_controller_interfaces/my_controller_interfaces/srv/detail/send_position__rosidl_typesupport_fastrtps_cpp.hpp
[3.039s] -- Installing: /home/blackcayonbee/FRA501_6431_6475_WS/install/my_controller_interfaces/include/my_controller_interfaces/my_controller_interfaces/srv/detail/dds_fastrtps
[3.039s] -- Installing: /home/blackcayonbee/FRA501_6431_6475_WS/install/my_controller_interfaces/lib/libmy_controller_interfaces__rosidl_typesupport_fastrtps_cpp.so
[3.039s] -- Set runtime path of "/home/blackcayonbee/FRA501_6431_6475_WS/install/my_controller_interfaces/lib/libmy_controller_interfaces__rosidl_typesupport_fastrtps_cpp.so" to ""
[3.040s] -- Up-to-date: /home/blackcayonbee/FRA501_6431_6475_WS/install/my_controller_interfaces/include/my_controller_interfaces/my_controller_interfaces
[3.040s] -- Up-to-date: /home/blackcayonbee/FRA501_6431_6475_WS/install/my_controller_interfaces/include/my_controller_interfaces/my_controller_interfaces/msg
[3.040s] -- Installing: /home/blackcayonbee/FRA501_6431_6475_WS/install/my_controller_interfaces/include/my_controller_interfaces/my_controller_interfaces/msg/rosidl_typesupport_introspection_c__visibility_control.h
[3.040s] -- Up-to-date: /home/blackcayonbee/FRA501_6431_6475_WS/install/my_controller_interfaces/include/my_controller_interfaces/my_controller_interfaces/srv
[3.040s] -- Up-to-date: /home/blackcayonbee/FRA501_6431_6475_WS/install/my_controller_interfaces/include/my_controller_interfaces/my_controller_interfaces/srv/detail
[3.040s] -- Installing: /home/blackcayonbee/FRA501_6431_6475_WS/install/my_controller_interfaces/include/my_controller_interfaces/my_controller_interfaces/srv/detail/set_target__rosidl_typesupport_introspection_c.h
[3.040s] -- Installing: /home/blackcayonbee/FRA501_6431_6475_WS/install/my_controller_interfaces/include/my_controller_interfaces/my_controller_interfaces/srv/detail/send_position__type_support.c
[3.040s] -- Installing: /home/blackcayonbee/FRA501_6431_6475_WS/install/my_controller_interfaces/include/my_controller_interfaces/my_controller_interfaces/srv/detail/set_target__type_support.c
[3.040s] -- Installing: /home/blackcayonbee/FRA501_6431_6475_WS/install/my_controller_interfaces/include/my_controller_interfaces/my_controller_interfaces/srv/detail/send_position__rosidl_typesupport_introspection_c.h
[3.040s] -- Installing: /home/blackcayonbee/FRA501_6431_6475_WS/install/my_controller_interfaces/lib/libmy_controller_interfaces__rosidl_typesupport_introspection_c.so
[3.040s] -- Set runtime path of "/home/blackcayonbee/FRA501_6431_6475_WS/install/my_controller_interfaces/lib/libmy_controller_interfaces__rosidl_typesupport_introspection_c.so" to ""
[3.040s] -- Installing: /home/blackcayonbee/FRA501_6431_6475_WS/install/my_controller_interfaces/lib/libmy_controller_interfaces__rosidl_typesupport_c.so
[3.040s] -- Set runtime path of "/home/blackcayonbee/FRA501_6431_6475_WS/install/my_controller_interfaces/lib/libmy_controller_interfaces__rosidl_typesupport_c.so" to ""
[3.041s] -- Up-to-date: /home/blackcayonbee/FRA501_6431_6475_WS/install/my_controller_interfaces/include/my_controller_interfaces/my_controller_interfaces
[3.041s] -- Up-to-date: /home/blackcayonbee/FRA501_6431_6475_WS/install/my_controller_interfaces/include/my_controller_interfaces/my_controller_interfaces/srv
[3.041s] -- Up-to-date: /home/blackcayonbee/FRA501_6431_6475_WS/install/my_controller_interfaces/include/my_controller_interfaces/my_controller_interfaces/srv/detail
[3.041s] -- Installing: /home/blackcayonbee/FRA501_6431_6475_WS/install/my_controller_interfaces/include/my_controller_interfaces/my_controller_interfaces/srv/detail/send_position__type_support.cpp
[3.041s] -- Installing: /home/blackcayonbee/FRA501_6431_6475_WS/install/my_controller_interfaces/include/my_controller_interfaces/my_controller_interfaces/srv/detail/send_position__rosidl_typesupport_introspection_cpp.hpp
[3.041s] -- Installing: /home/blackcayonbee/FRA501_6431_6475_WS/install/my_controller_interfaces/include/my_controller_interfaces/my_controller_interfaces/srv/detail/set_target__type_support.cpp
[3.041s] -- Installing: /home/blackcayonbee/FRA501_6431_6475_WS/install/my_controller_interfaces/include/my_controller_interfaces/my_controller_interfaces/srv/detail/set_target__rosidl_typesupport_introspection_cpp.hpp
[3.041s] -- Installing: /home/blackcayonbee/FRA501_6431_6475_WS/install/my_controller_interfaces/lib/libmy_controller_interfaces__rosidl_typesupport_introspection_cpp.so
[3.041s] -- Set runtime path of "/home/blackcayonbee/FRA501_6431_6475_WS/install/my_controller_interfaces/lib/libmy_controller_interfaces__rosidl_typesupport_introspection_cpp.so" to ""
[3.041s] -- Installing: /home/blackcayonbee/FRA501_6431_6475_WS/install/my_controller_interfaces/lib/libmy_controller_interfaces__rosidl_typesupport_cpp.so
[3.041s] -- Set runtime path of "/home/blackcayonbee/FRA501_6431_6475_WS/install/my_controller_interfaces/lib/libmy_controller_interfaces__rosidl_typesupport_cpp.so" to ""
[3.041s] -- Installing: /home/blackcayonbee/FRA501_6431_6475_WS/install/my_controller_interfaces/share/my_controller_interfaces/environment/pythonpath.sh
[3.042s] -- Installing: /home/blackcayonbee/FRA501_6431_6475_WS/install/my_controller_interfaces/share/my_controller_interfaces/environment/pythonpath.dsv
[3.042s] -- Installing: /home/blackcayonbee/FRA501_6431_6475_WS/install/my_controller_interfaces/local/lib/python3.10/dist-packages/my_controller_interfaces-0.0.0-py3.10.egg-info
[3.042s] -- Installing: /home/blackcayonbee/FRA501_6431_6475_WS/install/my_controller_interfaces/local/lib/python3.10/dist-packages/my_controller_interfaces-0.0.0-py3.10.egg-info/PKG-INFO
[3.042s] -- Installing: /home/blackcayonbee/FRA501_6431_6475_WS/install/my_controller_interfaces/local/lib/python3.10/dist-packages/my_controller_interfaces-0.0.0-py3.10.egg-info/SOURCES.txt
[3.042s] -- Installing: /home/blackcayonbee/FRA501_6431_6475_WS/install/my_controller_interfaces/local/lib/python3.10/dist-packages/my_controller_interfaces-0.0.0-py3.10.egg-info/dependency_links.txt
[3.042s] -- Installing: /home/blackcayonbee/FRA501_6431_6475_WS/install/my_controller_interfaces/local/lib/python3.10/dist-packages/my_controller_interfaces-0.0.0-py3.10.egg-info/top_level.txt
[3.042s] -- Installing: /home/blackcayonbee/FRA501_6431_6475_WS/install/my_controller_interfaces/local/lib/python3.10/dist-packages/my_controller_interfaces
[3.042s] -- Installing: /home/blackcayonbee/FRA501_6431_6475_WS/install/my_controller_interfaces/local/lib/python3.10/dist-packages/my_controller_interfaces/__init__.py
[3.042s] -- Installing: /home/blackcayonbee/FRA501_6431_6475_WS/install/my_controller_interfaces/local/lib/python3.10/dist-packages/my_controller_interfaces/my_controller_interfaces_s__rosidl_typesupport_introspection_c.cpython-310-x86_64-linux-gnu.so
[3.042s] -- Installing: /home/blackcayonbee/FRA501_6431_6475_WS/install/my_controller_interfaces/local/lib/python3.10/dist-packages/my_controller_interfaces/_my_controller_interfaces_s.ep.rosidl_typesupport_c.c
[3.042s] -- Installing: /home/blackcayonbee/FRA501_6431_6475_WS/install/my_controller_interfaces/local/lib/python3.10/dist-packages/my_controller_interfaces/my_controller_interfaces_s__rosidl_typesupport_c.cpython-310-x86_64-linux-gnu.so
[3.042s] -- Installing: /home/blackcayonbee/FRA501_6431_6475_WS/install/my_controller_interfaces/local/lib/python3.10/dist-packages/my_controller_interfaces/_my_controller_interfaces_s.ep.rosidl_typesupport_introspection_c.c
[3.042s] -- Installing: /home/blackcayonbee/FRA501_6431_6475_WS/install/my_controller_interfaces/local/lib/python3.10/dist-packages/my_controller_interfaces/my_controller_interfaces_s__rosidl_typesupport_fastrtps_c.cpython-310-x86_64-linux-gnu.so
[3.043s] -- Installing: /home/blackcayonbee/FRA501_6431_6475_WS/install/my_controller_interfaces/local/lib/python3.10/dist-packages/my_controller_interfaces/srv
[3.043s] -- Installing: /home/blackcayonbee/FRA501_6431_6475_WS/install/my_controller_interfaces/local/lib/python3.10/dist-packages/my_controller_interfaces/srv/__init__.py
[3.043s] -- Installing: /home/blackcayonbee/FRA501_6431_6475_WS/install/my_controller_interfaces/local/lib/python3.10/dist-packages/my_controller_interfaces/srv/_set_target.py
[3.043s] -- Installing: /home/blackcayonbee/FRA501_6431_6475_WS/install/my_controller_interfaces/local/lib/python3.10/dist-packages/my_controller_interfaces/srv/_set_target_s.c
[3.043s] -- Installing: /home/blackcayonbee/FRA501_6431_6475_WS/install/my_controller_interfaces/local/lib/python3.10/dist-packages/my_controller_interfaces/srv/_send_position_s.c
[3.043s] -- Installing: /home/blackcayonbee/FRA501_6431_6475_WS/install/my_controller_interfaces/local/lib/python3.10/dist-packages/my_controller_interfaces/srv/_send_position.py
[3.043s] -- Installing: /home/blackcayonbee/FRA501_6431_6475_WS/install/my_controller_interfaces/local/lib/python3.10/dist-packages/my_controller_interfaces/libmy_controller_interfaces__rosidl_generator_py.so
[3.043s] -- Installing: /home/blackcayonbee/FRA501_6431_6475_WS/install/my_controller_interfaces/local/lib/python3.10/dist-packages/my_controller_interfaces/_my_controller_interfaces_s.ep.rosidl_typesupport_fastrtps_c.c
[3.067s] Listing '/home/blackcayonbee/FRA501_6431_6475_WS/install/my_controller_interfaces/local/lib/python3.10/dist-packages/my_controller_interfaces'...
[3.067s] Compiling '/home/blackcayonbee/FRA501_6431_6475_WS/install/my_controller_interfaces/local/lib/python3.10/dist-packages/my_controller_interfaces/__init__.py'...
[3.067s] Listing '/home/blackcayonbee/FRA501_6431_6475_WS/install/my_controller_interfaces/local/lib/python3.10/dist-packages/my_controller_interfaces/srv'...
[3.067s] Compiling '/home/blackcayonbee/FRA501_6431_6475_WS/install/my_controller_interfaces/local/lib/python3.10/dist-packages/my_controller_interfaces/srv/__init__.py'...
[3.067s] Compiling '/home/blackcayonbee/FRA501_6431_6475_WS/install/my_controller_interfaces/local/lib/python3.10/dist-packages/my_controller_interfaces/srv/_send_position.py'...
[3.067s] Compiling '/home/blackcayonbee/FRA501_6431_6475_WS/install/my_controller_interfaces/local/lib/python3.10/dist-packages/my_controller_interfaces/srv/_set_target.py'...
[3.070s] -- Installing: /home/blackcayonbee/FRA501_6431_6475_WS/install/my_controller_interfaces/local/lib/python3.10/dist-packages/my_controller_interfaces/my_controller_interfaces_s__rosidl_typesupport_fastrtps_c.cpython-310-x86_64-linux-gnu.so
[3.070s] -- Set runtime path of "/home/blackcayonbee/FRA501_6431_6475_WS/install/my_controller_interfaces/local/lib/python3.10/dist-packages/my_controller_interfaces/my_controller_interfaces_s__rosidl_typesupport_fastrtps_c.cpython-310-x86_64-linux-gnu.so" to ""
[3.070s] -- Installing: /home/blackcayonbee/FRA501_6431_6475_WS/install/my_controller_interfaces/local/lib/python3.10/dist-packages/my_controller_interfaces/my_controller_interfaces_s__rosidl_typesupport_introspection_c.cpython-310-x86_64-linux-gnu.so
[3.070s] -- Set runtime path of "/home/blackcayonbee/FRA501_6431_6475_WS/install/my_controller_interfaces/local/lib/python3.10/dist-packages/my_controller_interfaces/my_controller_interfaces_s__rosidl_typesupport_introspection_c.cpython-310-x86_64-linux-gnu.so" to ""
[3.070s] -- Installing: /home/blackcayonbee/FRA501_6431_6475_WS/install/my_controller_interfaces/local/lib/python3.10/dist-packages/my_controller_interfaces/my_controller_interfaces_s__rosidl_typesupport_c.cpython-310-x86_64-linux-gnu.so
[3.071s] -- Set runtime path of "/home/blackcayonbee/FRA501_6431_6475_WS/install/my_controller_interfaces/local/lib/python3.10/dist-packages/my_controller_interfaces/my_controller_interfaces_s__rosidl_typesupport_c.cpython-310-x86_64-linux-gnu.so" to ""
[3.071s] -- Installing: /home/blackcayonbee/FRA501_6431_6475_WS/install/my_controller_interfaces/lib/libmy_controller_interfaces__rosidl_generator_py.so
[3.071s] -- Set runtime path of "/home/blackcayonbee/FRA501_6431_6475_WS/install/my_controller_interfaces/lib/libmy_controller_interfaces__rosidl_generator_py.so" to ""
[3.071s] -- Installing: /home/blackcayonbee/FRA501_6431_6475_WS/install/my_controller_interfaces/share/my_controller_interfaces/srv/SetTarget.idl
[3.071s] -- Installing: /home/blackcayonbee/FRA501_6431_6475_WS/install/my_controller_interfaces/share/my_controller_interfaces/srv/SendPosition.idl
[3.071s] -- Installing: /home/blackcayonbee/FRA501_6431_6475_WS/install/my_controller_interfaces/share/my_controller_interfaces/srv/SetTarget.srv
[3.071s] -- Installing: /home/blackcayonbee/FRA501_6431_6475_WS/install/my_controller_interfaces/share/my_controller_interfaces/srv/SetTarget_Request.msg
[3.071s] -- Installing: /home/blackcayonbee/FRA501_6431_6475_WS/install/my_controller_interfaces/share/my_controller_interfaces/srv/SetTarget_Response.msg
[3.071s] -- Installing: /home/blackcayonbee/FRA501_6431_6475_WS/install/my_controller_interfaces/share/my_controller_interfaces/srv/SendPosition.srv
[3.071s] -- Installing: /home/blackcayonbee/FRA501_6431_6475_WS/install/my_controller_interfaces/share/my_controller_interfaces/srv/SendPosition_Request.msg
[3.071s] -- Installing: /home/blackcayonbee/FRA501_6431_6475_WS/install/my_controller_interfaces/share/my_controller_interfaces/srv/SendPosition_Response.msg
[3.071s] -- Installing: /home/blackcayonbee/FRA501_6431_6475_WS/install/my_controller_interfaces/share/ament_index/resource_index/package_run_dependencies/my_controller_interfaces
[3.072s] -- Installing: /home/blackcayonbee/FRA501_6431_6475_WS/install/my_controller_interfaces/share/ament_index/resource_index/parent_prefix_path/my_controller_interfaces
[3.072s] -- Installing: /home/blackcayonbee/FRA501_6431_6475_WS/install/my_controller_interfaces/share/my_controller_interfaces/environment/ament_prefix_path.sh
[3.072s] -- Installing: /home/blackcayonbee/FRA501_6431_6475_WS/install/my_controller_interfaces/share/my_controller_interfaces/environment/ament_prefix_path.dsv
[3.072s] -- Installing: /home/blackcayonbee/FRA501_6431_6475_WS/install/my_controller_interfaces/share/my_controller_interfaces/environment/path.sh
[3.072s] -- Installing: /home/blackcayonbee/FRA501_6431_6475_WS/install/my_controller_interfaces/share/my_controller_interfaces/environment/path.dsv
[3.072s] -- Installing: /home/blackcayonbee/FRA501_6431_6475_WS/install/my_controller_interfaces/share/my_controller_interfaces/local_setup.bash
[3.072s] -- Installing: /home/blackcayonbee/FRA501_6431_6475_WS/install/my_controller_interfaces/share/my_controller_interfaces/local_setup.sh
[3.072s] -- Installing: /home/blackcayonbee/FRA501_6431_6475_WS/install/my_controller_interfaces/share/my_controller_interfaces/local_setup.zsh
[3.072s] -- Installing: /home/blackcayonbee/FRA501_6431_6475_WS/install/my_controller_interfaces/share/my_controller_interfaces/local_setup.dsv
[3.072s] -- Installing: /home/blackcayonbee/FRA501_6431_6475_WS/install/my_controller_interfaces/share/my_controller_interfaces/package.dsv
[3.072s] -- Installing: /home/blackcayonbee/FRA501_6431_6475_WS/install/my_controller_interfaces/share/ament_index/resource_index/packages/my_controller_interfaces
[3.072s] -- Installing: /home/blackcayonbee/FRA501_6431_6475_WS/install/my_controller_interfaces/share/my_controller_interfaces/cmake/export_my_controller_interfaces__rosidl_generator_cExport.cmake
[3.072s] -- Installing: /home/blackcayonbee/FRA501_6431_6475_WS/install/my_controller_interfaces/share/my_controller_interfaces/cmake/export_my_controller_interfaces__rosidl_generator_cExport-noconfig.cmake
[3.073s] -- Installing: /home/blackcayonbee/FRA501_6431_6475_WS/install/my_controller_interfaces/share/my_controller_interfaces/cmake/export_my_controller_interfaces__rosidl_typesupport_fastrtps_cExport.cmake
[3.073s] -- Installing: /home/blackcayonbee/FRA501_6431_6475_WS/install/my_controller_interfaces/share/my_controller_interfaces/cmake/export_my_controller_interfaces__rosidl_typesupport_fastrtps_cExport-noconfig.cmake
[3.073s] -- Installing: /home/blackcayonbee/FRA501_6431_6475_WS/install/my_controller_interfaces/share/my_controller_interfaces/cmake/export_my_controller_interfaces__rosidl_generator_cppExport.cmake
[3.073s] -- Installing: /home/blackcayonbee/FRA501_6431_6475_WS/install/my_controller_interfaces/share/my_controller_interfaces/cmake/export_my_controller_interfaces__rosidl_typesupport_fastrtps_cppExport.cmake
[3.073s] -- Installing: /home/blackcayonbee/FRA501_6431_6475_WS/install/my_controller_interfaces/share/my_controller_interfaces/cmake/export_my_controller_interfaces__rosidl_typesupport_fastrtps_cppExport-noconfig.cmake
[3.073s] -- Installing: /home/blackcayonbee/FRA501_6431_6475_WS/install/my_controller_interfaces/share/my_controller_interfaces/cmake/my_controller_interfaces__rosidl_typesupport_introspection_cExport.cmake
[3.073s] -- Installing: /home/blackcayonbee/FRA501_6431_6475_WS/install/my_controller_interfaces/share/my_controller_interfaces/cmake/my_controller_interfaces__rosidl_typesupport_introspection_cExport-noconfig.cmake
[3.073s] -- Installing: /home/blackcayonbee/FRA501_6431_6475_WS/install/my_controller_interfaces/share/my_controller_interfaces/cmake/my_controller_interfaces__rosidl_typesupport_cExport.cmake
[3.073s] -- Installing: /home/blackcayonbee/FRA501_6431_6475_WS/install/my_controller_interfaces/share/my_controller_interfaces/cmake/my_controller_interfaces__rosidl_typesupport_cExport-noconfig.cmake
[3.073s] -- Installing: /home/blackcayonbee/FRA501_6431_6475_WS/install/my_controller_interfaces/share/my_controller_interfaces/cmake/my_controller_interfaces__rosidl_typesupport_introspection_cppExport.cmake
[3.073s] -- Installing: /home/blackcayonbee/FRA501_6431_6475_WS/install/my_controller_interfaces/share/my_controller_interfaces/cmake/my_controller_interfaces__rosidl_typesupport_introspection_cppExport-noconfig.cmake
[3.074s] -- Installing: /home/blackcayonbee/FRA501_6431_6475_WS/install/my_controller_interfaces/share/my_controller_interfaces/cmake/my_controller_interfaces__rosidl_typesupport_cppExport.cmake
[3.074s] -- Installing: /home/blackcayonbee/FRA501_6431_6475_WS/install/my_controller_interfaces/share/my_controller_interfaces/cmake/my_controller_interfaces__rosidl_typesupport_cppExport-noconfig.cmake
[3.074s] -- Installing: /home/blackcayonbee/FRA501_6431_6475_WS/install/my_controller_interfaces/share/my_controller_interfaces/cmake/export_my_controller_interfaces__rosidl_generator_pyExport.cmake
[3.074s] -- Installing: /home/blackcayonbee/FRA501_6431_6475_WS/install/my_controller_interfaces/share/my_controller_interfaces/cmake/export_my_controller_interfaces__rosidl_generator_pyExport-noconfig.cmake
[3.074s] -- Installing: /home/blackcayonbee/FRA501_6431_6475_WS/install/my_controller_interfaces/share/my_controller_interfaces/cmake/rosidl_cmake-extras.cmake
[3.074s] -- Installing: /home/blackcayonbee/FRA501_6431_6475_WS/install/my_controller_interfaces/share/my_controller_interfaces/cmake/ament_cmake_export_dependencies-extras.cmake
[3.074s] -- Installing: /home/blackcayonbee/FRA501_6431_6475_WS/install/my_controller_interfaces/share/my_controller_interfaces/cmake/ament_cmake_export_include_directories-extras.cmake
[3.074s] -- Installing: /home/blackcayonbee/FRA501_6431_6475_WS/install/my_controller_interfaces/share/my_controller_interfaces/cmake/ament_cmake_export_libraries-extras.cmake
[3.074s] -- Installing: /home/blackcayonbee/FRA501_6431_6475_WS/install/my_controller_interfaces/share/my_controller_interfaces/cmake/ament_cmake_export_targets-extras.cmake
[3.074s] -- Installing: /home/blackcayonbee/FRA501_6431_6475_WS/install/my_controller_interfaces/share/my_controller_interfaces/cmake/rosidl_cmake_export_typesupport_targets-extras.cmake
[3.074s] -- Installing: /home/blackcayonbee/FRA501_6431_6475_WS/install/my_controller_interfaces/share/my_controller_interfaces/cmake/rosidl_cmake_export_typesupport_libraries-extras.cmake
[3.074s] -- Installing: /home/blackcayonbee/FRA501_6431_6475_WS/install/my_controller_interfaces/share/my_controller_interfaces/cmake/my_controller_interfacesConfig.cmake
[3.074s] -- Installing: /home/blackcayonbee/FRA501_6431_6475_WS/install/my_controller_interfaces/share/my_controller_interfaces/cmake/my_controller_interfacesConfig-version.cmake
[3.074s] -- Installing: /home/blackcayonbee/FRA501_6431_6475_WS/install/my_controller_interfaces/share/my_controller_interfaces/package.xml
[3.076s] Invoked command in '/home/blackcayonbee/FRA501_6431_6475_WS/build/my_controller_interfaces' returned '0': CMAKE_PREFIX_PATH=${CMAKE_PREFIX_PATH}:/opt/ros/humble /usr/bin/cmake --install /home/blackcayonbee/FRA501_6431_6475_WS/build/my_controller_interfaces
